[2024-04-12T07:42:18.305+0000] {processor.py:161} INFO - Started process (PID=16022) to work on /opt/airflow/dags/hello.py
[2024-04-12T07:42:18.306+0000] {processor.py:830} INFO - Processing file /opt/airflow/dags/hello.py for tasks to queue
[2024-04-12T07:42:18.308+0000] {logging_mixin.py:188} INFO - [2024-04-12T07:42:18.308+0000] {dagbag.py:540} INFO - Filling up the DagBag from /opt/airflow/dags/hello.py
[2024-04-12T07:42:18.316+0000] {processor.py:840} INFO - DAG(s) 'hello' retrieved from /opt/airflow/dags/hello.py
[2024-04-12T07:42:18.471+0000] {logging_mixin.py:188} INFO - [2024-04-12T07:42:18.471+0000] {override.py:1829} INFO - Created Permission View: can delete on DAG:hello
[2024-04-12T07:42:18.484+0000] {logging_mixin.py:188} INFO - [2024-04-12T07:42:18.483+0000] {override.py:1829} INFO - Created Permission View: can read on DAG:hello
[2024-04-12T07:42:18.493+0000] {logging_mixin.py:188} INFO - [2024-04-12T07:42:18.493+0000] {override.py:1829} INFO - Created Permission View: can edit on DAG:hello
[2024-04-12T07:42:18.493+0000] {logging_mixin.py:188} INFO - [2024-04-12T07:42:18.493+0000] {dag.py:3096} INFO - Sync 1 DAGs
[2024-04-12T07:42:18.503+0000] {logging_mixin.py:188} INFO - [2024-04-12T07:42:18.503+0000] {dag.py:3118} INFO - Creating ORM DAG for hello
[2024-04-12T07:42:18.504+0000] {logging_mixin.py:188} INFO - [2024-04-12T07:42:18.504+0000] {dag.py:3954} INFO - Setting next_dagrun for hello to None, run_after=None
[2024-04-12T07:42:18.522+0000] {processor.py:183} INFO - Processing /opt/airflow/dags/hello.py took 0.225 seconds
[2024-04-12T07:42:48.558+0000] {processor.py:161} INFO - Started process (PID=16299) to work on /opt/airflow/dags/hello.py
[2024-04-12T07:42:48.558+0000] {processor.py:830} INFO - Processing file /opt/airflow/dags/hello.py for tasks to queue
[2024-04-12T07:42:48.560+0000] {logging_mixin.py:188} INFO - [2024-04-12T07:42:48.560+0000] {dagbag.py:540} INFO - Filling up the DagBag from /opt/airflow/dags/hello.py
[2024-04-12T07:42:48.565+0000] {processor.py:840} INFO - DAG(s) 'hello' retrieved from /opt/airflow/dags/hello.py
[2024-04-12T07:42:48.581+0000] {logging_mixin.py:188} INFO - [2024-04-12T07:42:48.581+0000] {dag.py:3096} INFO - Sync 1 DAGs
[2024-04-12T07:42:48.592+0000] {logging_mixin.py:188} INFO - [2024-04-12T07:42:48.592+0000] {dag.py:3954} INFO - Setting next_dagrun for hello to None, run_after=None
[2024-04-12T07:42:48.615+0000] {processor.py:183} INFO - Processing /opt/airflow/dags/hello.py took 0.063 seconds
[2024-04-12T07:43:18.718+0000] {processor.py:161} INFO - Started process (PID=16565) to work on /opt/airflow/dags/hello.py
[2024-04-12T07:43:18.719+0000] {processor.py:830} INFO - Processing file /opt/airflow/dags/hello.py for tasks to queue
[2024-04-12T07:43:18.721+0000] {logging_mixin.py:188} INFO - [2024-04-12T07:43:18.720+0000] {dagbag.py:540} INFO - Filling up the DagBag from /opt/airflow/dags/hello.py
[2024-04-12T07:43:18.727+0000] {processor.py:840} INFO - DAG(s) 'hello' retrieved from /opt/airflow/dags/hello.py
[2024-04-12T07:43:18.752+0000] {logging_mixin.py:188} INFO - [2024-04-12T07:43:18.752+0000] {dag.py:3096} INFO - Sync 1 DAGs
[2024-04-12T07:43:18.794+0000] {logging_mixin.py:188} INFO - [2024-04-12T07:43:18.793+0000] {dag.py:3954} INFO - Setting next_dagrun for hello to None, run_after=None
[2024-04-12T07:43:18.819+0000] {processor.py:183} INFO - Processing /opt/airflow/dags/hello.py took 0.108 seconds
[2024-04-12T07:43:49.257+0000] {processor.py:161} INFO - Started process (PID=16836) to work on /opt/airflow/dags/hello.py
[2024-04-12T07:43:49.259+0000] {processor.py:830} INFO - Processing file /opt/airflow/dags/hello.py for tasks to queue
[2024-04-12T07:43:49.261+0000] {logging_mixin.py:188} INFO - [2024-04-12T07:43:49.260+0000] {dagbag.py:540} INFO - Filling up the DagBag from /opt/airflow/dags/hello.py
[2024-04-12T07:43:49.267+0000] {processor.py:840} INFO - DAG(s) 'hello' retrieved from /opt/airflow/dags/hello.py
[2024-04-12T07:43:49.292+0000] {logging_mixin.py:188} INFO - [2024-04-12T07:43:49.292+0000] {dag.py:3096} INFO - Sync 1 DAGs
[2024-04-12T07:43:49.308+0000] {logging_mixin.py:188} INFO - [2024-04-12T07:43:49.308+0000] {dag.py:3954} INFO - Setting next_dagrun for hello to None, run_after=None
[2024-04-12T07:43:49.332+0000] {processor.py:183} INFO - Processing /opt/airflow/dags/hello.py took 0.081 seconds
[2024-04-12T07:44:19.751+0000] {processor.py:161} INFO - Started process (PID=17116) to work on /opt/airflow/dags/hello.py
[2024-04-12T07:44:19.757+0000] {processor.py:830} INFO - Processing file /opt/airflow/dags/hello.py for tasks to queue
[2024-04-12T07:44:19.759+0000] {logging_mixin.py:188} INFO - [2024-04-12T07:44:19.759+0000] {dagbag.py:540} INFO - Filling up the DagBag from /opt/airflow/dags/hello.py
[2024-04-12T07:44:19.771+0000] {processor.py:840} INFO - DAG(s) 'hello' retrieved from /opt/airflow/dags/hello.py
[2024-04-12T07:44:19.829+0000] {logging_mixin.py:188} INFO - [2024-04-12T07:44:19.829+0000] {dag.py:3096} INFO - Sync 1 DAGs
[2024-04-12T07:44:19.883+0000] {logging_mixin.py:188} INFO - [2024-04-12T07:44:19.883+0000] {dag.py:3954} INFO - Setting next_dagrun for hello to None, run_after=None
[2024-04-12T07:44:19.912+0000] {processor.py:183} INFO - Processing /opt/airflow/dags/hello.py took 0.173 seconds
[2024-04-12T07:44:50.302+0000] {processor.py:161} INFO - Started process (PID=17388) to work on /opt/airflow/dags/hello.py
[2024-04-12T07:44:50.303+0000] {processor.py:830} INFO - Processing file /opt/airflow/dags/hello.py for tasks to queue
[2024-04-12T07:44:50.304+0000] {logging_mixin.py:188} INFO - [2024-04-12T07:44:50.304+0000] {dagbag.py:540} INFO - Filling up the DagBag from /opt/airflow/dags/hello.py
[2024-04-12T07:44:50.311+0000] {processor.py:840} INFO - DAG(s) 'hello' retrieved from /opt/airflow/dags/hello.py
[2024-04-12T07:44:50.338+0000] {logging_mixin.py:188} INFO - [2024-04-12T07:44:50.338+0000] {dag.py:3096} INFO - Sync 1 DAGs
[2024-04-12T07:44:50.352+0000] {logging_mixin.py:188} INFO - [2024-04-12T07:44:50.352+0000] {dag.py:3954} INFO - Setting next_dagrun for hello to None, run_after=None
[2024-04-12T07:44:50.406+0000] {processor.py:183} INFO - Processing /opt/airflow/dags/hello.py took 0.111 seconds
[2024-04-12T07:45:20.886+0000] {processor.py:161} INFO - Started process (PID=17660) to work on /opt/airflow/dags/hello.py
[2024-04-12T07:45:20.888+0000] {processor.py:830} INFO - Processing file /opt/airflow/dags/hello.py for tasks to queue
[2024-04-12T07:45:20.890+0000] {logging_mixin.py:188} INFO - [2024-04-12T07:45:20.890+0000] {dagbag.py:540} INFO - Filling up the DagBag from /opt/airflow/dags/hello.py
[2024-04-12T07:45:20.907+0000] {processor.py:840} INFO - DAG(s) 'hello' retrieved from /opt/airflow/dags/hello.py
[2024-04-12T07:45:20.933+0000] {logging_mixin.py:188} INFO - [2024-04-12T07:45:20.932+0000] {dag.py:3096} INFO - Sync 1 DAGs
[2024-04-12T07:45:20.949+0000] {logging_mixin.py:188} INFO - [2024-04-12T07:45:20.949+0000] {dag.py:3954} INFO - Setting next_dagrun for hello to None, run_after=None
[2024-04-12T07:45:20.976+0000] {processor.py:183} INFO - Processing /opt/airflow/dags/hello.py took 0.099 seconds
[2024-04-12T07:45:51.278+0000] {processor.py:161} INFO - Started process (PID=17933) to work on /opt/airflow/dags/hello.py
[2024-04-12T07:45:51.279+0000] {processor.py:830} INFO - Processing file /opt/airflow/dags/hello.py for tasks to queue
[2024-04-12T07:45:51.281+0000] {logging_mixin.py:188} INFO - [2024-04-12T07:45:51.281+0000] {dagbag.py:540} INFO - Filling up the DagBag from /opt/airflow/dags/hello.py
[2024-04-12T07:45:51.288+0000] {processor.py:840} INFO - DAG(s) 'hello' retrieved from /opt/airflow/dags/hello.py
[2024-04-12T07:45:51.313+0000] {logging_mixin.py:188} INFO - [2024-04-12T07:45:51.313+0000] {dag.py:3096} INFO - Sync 1 DAGs
[2024-04-12T07:45:51.329+0000] {logging_mixin.py:188} INFO - [2024-04-12T07:45:51.328+0000] {dag.py:3954} INFO - Setting next_dagrun for hello to None, run_after=None
[2024-04-12T07:45:51.353+0000] {processor.py:183} INFO - Processing /opt/airflow/dags/hello.py took 0.082 seconds
[2024-04-12T07:46:21.632+0000] {processor.py:161} INFO - Started process (PID=18205) to work on /opt/airflow/dags/hello.py
[2024-04-12T07:46:21.633+0000] {processor.py:830} INFO - Processing file /opt/airflow/dags/hello.py for tasks to queue
[2024-04-12T07:46:21.635+0000] {logging_mixin.py:188} INFO - [2024-04-12T07:46:21.635+0000] {dagbag.py:540} INFO - Filling up the DagBag from /opt/airflow/dags/hello.py
[2024-04-12T07:46:21.643+0000] {processor.py:840} INFO - DAG(s) 'hello' retrieved from /opt/airflow/dags/hello.py
[2024-04-12T07:46:21.668+0000] {logging_mixin.py:188} INFO - [2024-04-12T07:46:21.668+0000] {dag.py:3096} INFO - Sync 1 DAGs
[2024-04-12T07:46:21.684+0000] {logging_mixin.py:188} INFO - [2024-04-12T07:46:21.684+0000] {dag.py:3954} INFO - Setting next_dagrun for hello to None, run_after=None
[2024-04-12T07:46:21.708+0000] {processor.py:183} INFO - Processing /opt/airflow/dags/hello.py took 0.083 seconds
[2024-04-12T07:46:51.850+0000] {processor.py:161} INFO - Started process (PID=18442) to work on /opt/airflow/dags/hello.py
[2024-04-12T07:46:51.851+0000] {processor.py:830} INFO - Processing file /opt/airflow/dags/hello.py for tasks to queue
[2024-04-12T07:46:51.853+0000] {logging_mixin.py:188} INFO - [2024-04-12T07:46:51.853+0000] {dagbag.py:540} INFO - Filling up the DagBag from /opt/airflow/dags/hello.py
[2024-04-12T07:46:51.860+0000] {processor.py:840} INFO - DAG(s) 'hello' retrieved from /opt/airflow/dags/hello.py
[2024-04-12T07:46:51.884+0000] {logging_mixin.py:188} INFO - [2024-04-12T07:46:51.884+0000] {dag.py:3096} INFO - Sync 1 DAGs
[2024-04-12T07:46:51.900+0000] {logging_mixin.py:188} INFO - [2024-04-12T07:46:51.900+0000] {dag.py:3954} INFO - Setting next_dagrun for hello to None, run_after=None
[2024-04-12T07:46:51.926+0000] {processor.py:183} INFO - Processing /opt/airflow/dags/hello.py took 0.082 seconds
[2024-04-12T07:47:22.618+0000] {processor.py:161} INFO - Started process (PID=18714) to work on /opt/airflow/dags/hello.py
[2024-04-12T07:47:22.619+0000] {processor.py:830} INFO - Processing file /opt/airflow/dags/hello.py for tasks to queue
[2024-04-12T07:47:22.621+0000] {logging_mixin.py:188} INFO - [2024-04-12T07:47:22.621+0000] {dagbag.py:540} INFO - Filling up the DagBag from /opt/airflow/dags/hello.py
[2024-04-12T07:47:22.628+0000] {processor.py:840} INFO - DAG(s) 'hello' retrieved from /opt/airflow/dags/hello.py
[2024-04-12T07:47:22.674+0000] {logging_mixin.py:188} INFO - [2024-04-12T07:47:22.674+0000] {dag.py:3096} INFO - Sync 1 DAGs
[2024-04-12T07:47:22.691+0000] {logging_mixin.py:188} INFO - [2024-04-12T07:47:22.690+0000] {dag.py:3954} INFO - Setting next_dagrun for hello to None, run_after=None
[2024-04-12T07:47:22.715+0000] {processor.py:183} INFO - Processing /opt/airflow/dags/hello.py took 0.104 seconds
[2024-04-12T07:47:52.960+0000] {processor.py:161} INFO - Started process (PID=18985) to work on /opt/airflow/dags/hello.py
[2024-04-12T07:47:52.961+0000] {processor.py:830} INFO - Processing file /opt/airflow/dags/hello.py for tasks to queue
[2024-04-12T07:47:52.963+0000] {logging_mixin.py:188} INFO - [2024-04-12T07:47:52.963+0000] {dagbag.py:540} INFO - Filling up the DagBag from /opt/airflow/dags/hello.py
[2024-04-12T07:47:52.970+0000] {processor.py:840} INFO - DAG(s) 'hello' retrieved from /opt/airflow/dags/hello.py
[2024-04-12T07:47:52.997+0000] {logging_mixin.py:188} INFO - [2024-04-12T07:47:52.997+0000] {dag.py:3096} INFO - Sync 1 DAGs
[2024-04-12T07:47:53.013+0000] {logging_mixin.py:188} INFO - [2024-04-12T07:47:53.013+0000] {dag.py:3954} INFO - Setting next_dagrun for hello to None, run_after=None
[2024-04-12T07:47:53.039+0000] {processor.py:183} INFO - Processing /opt/airflow/dags/hello.py took 0.086 seconds
[2024-04-12T07:48:23.422+0000] {processor.py:161} INFO - Started process (PID=19258) to work on /opt/airflow/dags/hello.py
[2024-04-12T07:48:23.423+0000] {processor.py:830} INFO - Processing file /opt/airflow/dags/hello.py for tasks to queue
[2024-04-12T07:48:23.425+0000] {logging_mixin.py:188} INFO - [2024-04-12T07:48:23.425+0000] {dagbag.py:540} INFO - Filling up the DagBag from /opt/airflow/dags/hello.py
[2024-04-12T07:48:23.432+0000] {processor.py:840} INFO - DAG(s) 'hello' retrieved from /opt/airflow/dags/hello.py
[2024-04-12T07:48:23.459+0000] {logging_mixin.py:188} INFO - [2024-04-12T07:48:23.458+0000] {dag.py:3096} INFO - Sync 1 DAGs
[2024-04-12T07:48:23.474+0000] {logging_mixin.py:188} INFO - [2024-04-12T07:48:23.474+0000] {dag.py:3954} INFO - Setting next_dagrun for hello to None, run_after=None
[2024-04-12T07:48:23.520+0000] {processor.py:183} INFO - Processing /opt/airflow/dags/hello.py took 0.104 seconds
[2024-04-12T07:48:53.606+0000] {processor.py:161} INFO - Started process (PID=19530) to work on /opt/airflow/dags/hello.py
[2024-04-12T07:48:53.607+0000] {processor.py:830} INFO - Processing file /opt/airflow/dags/hello.py for tasks to queue
[2024-04-12T07:48:53.610+0000] {logging_mixin.py:188} INFO - [2024-04-12T07:48:53.609+0000] {dagbag.py:540} INFO - Filling up the DagBag from /opt/airflow/dags/hello.py
[2024-04-12T07:48:53.616+0000] {processor.py:840} INFO - DAG(s) 'hello' retrieved from /opt/airflow/dags/hello.py
[2024-04-12T07:48:53.643+0000] {logging_mixin.py:188} INFO - [2024-04-12T07:48:53.643+0000] {dag.py:3096} INFO - Sync 1 DAGs
[2024-04-12T07:48:53.665+0000] {logging_mixin.py:188} INFO - [2024-04-12T07:48:53.664+0000] {dag.py:3954} INFO - Setting next_dagrun for hello to None, run_after=None
[2024-04-12T07:48:53.690+0000] {processor.py:183} INFO - Processing /opt/airflow/dags/hello.py took 0.089 seconds
[2024-04-12T07:49:24.441+0000] {processor.py:161} INFO - Started process (PID=19802) to work on /opt/airflow/dags/hello.py
[2024-04-12T07:49:24.442+0000] {processor.py:830} INFO - Processing file /opt/airflow/dags/hello.py for tasks to queue
[2024-04-12T07:49:24.444+0000] {logging_mixin.py:188} INFO - [2024-04-12T07:49:24.444+0000] {dagbag.py:540} INFO - Filling up the DagBag from /opt/airflow/dags/hello.py
[2024-04-12T07:49:24.451+0000] {processor.py:840} INFO - DAG(s) 'hello' retrieved from /opt/airflow/dags/hello.py
[2024-04-12T07:49:24.474+0000] {logging_mixin.py:188} INFO - [2024-04-12T07:49:24.474+0000] {dag.py:3096} INFO - Sync 1 DAGs
[2024-04-12T07:49:24.490+0000] {logging_mixin.py:188} INFO - [2024-04-12T07:49:24.490+0000] {dag.py:3954} INFO - Setting next_dagrun for hello to None, run_after=None
[2024-04-12T07:49:24.518+0000] {processor.py:183} INFO - Processing /opt/airflow/dags/hello.py took 0.084 seconds
[2024-04-12T07:49:54.730+0000] {processor.py:161} INFO - Started process (PID=20075) to work on /opt/airflow/dags/hello.py
[2024-04-12T07:49:54.732+0000] {processor.py:830} INFO - Processing file /opt/airflow/dags/hello.py for tasks to queue
[2024-04-12T07:49:54.734+0000] {logging_mixin.py:188} INFO - [2024-04-12T07:49:54.734+0000] {dagbag.py:540} INFO - Filling up the DagBag from /opt/airflow/dags/hello.py
[2024-04-12T07:49:54.740+0000] {processor.py:840} INFO - DAG(s) 'hello' retrieved from /opt/airflow/dags/hello.py
[2024-04-12T07:49:54.769+0000] {logging_mixin.py:188} INFO - [2024-04-12T07:49:54.769+0000] {dag.py:3096} INFO - Sync 1 DAGs
[2024-04-12T07:49:54.786+0000] {logging_mixin.py:188} INFO - [2024-04-12T07:49:54.786+0000] {dag.py:3954} INFO - Setting next_dagrun for hello to None, run_after=None
[2024-04-12T07:49:54.811+0000] {processor.py:183} INFO - Processing /opt/airflow/dags/hello.py took 0.088 seconds
[2024-04-12T07:50:25.067+0000] {processor.py:161} INFO - Started process (PID=20345) to work on /opt/airflow/dags/hello.py
[2024-04-12T07:50:25.068+0000] {processor.py:830} INFO - Processing file /opt/airflow/dags/hello.py for tasks to queue
[2024-04-12T07:50:25.070+0000] {logging_mixin.py:188} INFO - [2024-04-12T07:50:25.069+0000] {dagbag.py:540} INFO - Filling up the DagBag from /opt/airflow/dags/hello.py
[2024-04-12T07:50:25.101+0000] {processor.py:840} INFO - DAG(s) 'hello' retrieved from /opt/airflow/dags/hello.py
[2024-04-12T07:50:25.160+0000] {logging_mixin.py:188} INFO - [2024-04-12T07:50:25.160+0000] {dag.py:3096} INFO - Sync 1 DAGs
[2024-04-12T07:50:25.217+0000] {logging_mixin.py:188} INFO - [2024-04-12T07:50:25.216+0000] {dag.py:3954} INFO - Setting next_dagrun for hello to None, run_after=None
[2024-04-12T07:50:25.310+0000] {processor.py:183} INFO - Processing /opt/airflow/dags/hello.py took 0.256 seconds
[2024-04-12T07:50:55.668+0000] {processor.py:161} INFO - Started process (PID=20604) to work on /opt/airflow/dags/hello.py
[2024-04-12T07:50:55.669+0000] {processor.py:830} INFO - Processing file /opt/airflow/dags/hello.py for tasks to queue
[2024-04-12T07:50:55.672+0000] {logging_mixin.py:188} INFO - [2024-04-12T07:50:55.671+0000] {dagbag.py:540} INFO - Filling up the DagBag from /opt/airflow/dags/hello.py
[2024-04-12T07:50:55.679+0000] {processor.py:840} INFO - DAG(s) 'hello' retrieved from /opt/airflow/dags/hello.py
[2024-04-12T07:50:55.726+0000] {logging_mixin.py:188} INFO - [2024-04-12T07:50:55.726+0000] {dag.py:3096} INFO - Sync 1 DAGs
[2024-04-12T07:50:55.790+0000] {logging_mixin.py:188} INFO - [2024-04-12T07:50:55.789+0000] {dag.py:3954} INFO - Setting next_dagrun for hello to None, run_after=None
[2024-04-12T07:50:55.843+0000] {processor.py:183} INFO - Processing /opt/airflow/dags/hello.py took 0.182 seconds
[2024-04-12T07:51:25.912+0000] {processor.py:161} INFO - Started process (PID=20876) to work on /opt/airflow/dags/hello.py
[2024-04-12T07:51:25.913+0000] {processor.py:830} INFO - Processing file /opt/airflow/dags/hello.py for tasks to queue
[2024-04-12T07:51:25.916+0000] {logging_mixin.py:188} INFO - [2024-04-12T07:51:25.915+0000] {dagbag.py:540} INFO - Filling up the DagBag from /opt/airflow/dags/hello.py
[2024-04-12T07:51:25.921+0000] {processor.py:840} INFO - DAG(s) 'hello' retrieved from /opt/airflow/dags/hello.py
[2024-04-12T07:51:25.946+0000] {logging_mixin.py:188} INFO - [2024-04-12T07:51:25.946+0000] {dag.py:3096} INFO - Sync 1 DAGs
[2024-04-12T07:51:25.964+0000] {logging_mixin.py:188} INFO - [2024-04-12T07:51:25.964+0000] {dag.py:3954} INFO - Setting next_dagrun for hello to None, run_after=None
[2024-04-12T07:51:25.992+0000] {processor.py:183} INFO - Processing /opt/airflow/dags/hello.py took 0.087 seconds
[2024-04-12T07:51:56.320+0000] {processor.py:161} INFO - Started process (PID=21149) to work on /opt/airflow/dags/hello.py
[2024-04-12T07:51:56.322+0000] {processor.py:830} INFO - Processing file /opt/airflow/dags/hello.py for tasks to queue
[2024-04-12T07:51:56.324+0000] {logging_mixin.py:188} INFO - [2024-04-12T07:51:56.324+0000] {dagbag.py:540} INFO - Filling up the DagBag from /opt/airflow/dags/hello.py
[2024-04-12T07:51:56.330+0000] {processor.py:840} INFO - DAG(s) 'hello' retrieved from /opt/airflow/dags/hello.py
[2024-04-12T07:51:56.356+0000] {logging_mixin.py:188} INFO - [2024-04-12T07:51:56.356+0000] {dag.py:3096} INFO - Sync 1 DAGs
[2024-04-12T07:51:56.373+0000] {logging_mixin.py:188} INFO - [2024-04-12T07:51:56.372+0000] {dag.py:3954} INFO - Setting next_dagrun for hello to None, run_after=None
[2024-04-12T07:51:56.400+0000] {processor.py:183} INFO - Processing /opt/airflow/dags/hello.py took 0.087 seconds
[2024-04-12T07:52:27.073+0000] {processor.py:161} INFO - Started process (PID=21421) to work on /opt/airflow/dags/hello.py
[2024-04-12T07:52:27.074+0000] {processor.py:830} INFO - Processing file /opt/airflow/dags/hello.py for tasks to queue
[2024-04-12T07:52:27.076+0000] {logging_mixin.py:188} INFO - [2024-04-12T07:52:27.076+0000] {dagbag.py:540} INFO - Filling up the DagBag from /opt/airflow/dags/hello.py
[2024-04-12T07:52:27.082+0000] {processor.py:840} INFO - DAG(s) 'hello' retrieved from /opt/airflow/dags/hello.py
[2024-04-12T07:52:27.106+0000] {logging_mixin.py:188} INFO - [2024-04-12T07:52:27.106+0000] {dag.py:3096} INFO - Sync 1 DAGs
[2024-04-12T07:52:27.124+0000] {logging_mixin.py:188} INFO - [2024-04-12T07:52:27.124+0000] {dag.py:3954} INFO - Setting next_dagrun for hello to None, run_after=None
[2024-04-12T07:52:27.150+0000] {processor.py:183} INFO - Processing /opt/airflow/dags/hello.py took 0.084 seconds
[2024-04-12T07:52:57.253+0000] {processor.py:161} INFO - Started process (PID=21693) to work on /opt/airflow/dags/hello.py
[2024-04-12T07:52:57.255+0000] {processor.py:830} INFO - Processing file /opt/airflow/dags/hello.py for tasks to queue
[2024-04-12T07:52:57.257+0000] {logging_mixin.py:188} INFO - [2024-04-12T07:52:57.257+0000] {dagbag.py:540} INFO - Filling up the DagBag from /opt/airflow/dags/hello.py
[2024-04-12T07:52:57.263+0000] {processor.py:840} INFO - DAG(s) 'hello' retrieved from /opt/airflow/dags/hello.py
[2024-04-12T07:52:57.290+0000] {logging_mixin.py:188} INFO - [2024-04-12T07:52:57.289+0000] {dag.py:3096} INFO - Sync 1 DAGs
[2024-04-12T07:52:57.305+0000] {logging_mixin.py:188} INFO - [2024-04-12T07:52:57.305+0000] {dag.py:3954} INFO - Setting next_dagrun for hello to None, run_after=None
[2024-04-12T07:52:57.331+0000] {processor.py:183} INFO - Processing /opt/airflow/dags/hello.py took 0.084 seconds
[2024-04-12T07:53:27.780+0000] {processor.py:161} INFO - Started process (PID=21965) to work on /opt/airflow/dags/hello.py
[2024-04-12T07:53:27.792+0000] {processor.py:830} INFO - Processing file /opt/airflow/dags/hello.py for tasks to queue
[2024-04-12T07:53:27.795+0000] {logging_mixin.py:188} INFO - [2024-04-12T07:53:27.794+0000] {dagbag.py:540} INFO - Filling up the DagBag from /opt/airflow/dags/hello.py
[2024-04-12T07:53:27.801+0000] {processor.py:840} INFO - DAG(s) 'hello' retrieved from /opt/airflow/dags/hello.py
[2024-04-12T07:53:27.846+0000] {logging_mixin.py:188} INFO - [2024-04-12T07:53:27.845+0000] {dag.py:3096} INFO - Sync 1 DAGs
[2024-04-12T07:53:27.877+0000] {logging_mixin.py:188} INFO - [2024-04-12T07:53:27.877+0000] {dag.py:3954} INFO - Setting next_dagrun for hello to None, run_after=None
[2024-04-12T07:53:27.973+0000] {processor.py:183} INFO - Processing /opt/airflow/dags/hello.py took 0.209 seconds
[2024-04-12T07:53:58.827+0000] {processor.py:161} INFO - Started process (PID=22238) to work on /opt/airflow/dags/hello.py
[2024-04-12T07:53:58.833+0000] {processor.py:830} INFO - Processing file /opt/airflow/dags/hello.py for tasks to queue
[2024-04-12T07:53:58.835+0000] {logging_mixin.py:188} INFO - [2024-04-12T07:53:58.834+0000] {dagbag.py:540} INFO - Filling up the DagBag from /opt/airflow/dags/hello.py
[2024-04-12T07:53:58.841+0000] {processor.py:840} INFO - DAG(s) 'hello' retrieved from /opt/airflow/dags/hello.py
[2024-04-12T07:53:58.877+0000] {logging_mixin.py:188} INFO - [2024-04-12T07:53:58.876+0000] {dag.py:3096} INFO - Sync 1 DAGs
[2024-04-12T07:53:58.895+0000] {logging_mixin.py:188} INFO - [2024-04-12T07:53:58.894+0000] {dag.py:3954} INFO - Setting next_dagrun for hello to None, run_after=None
[2024-04-12T07:53:58.919+0000] {processor.py:183} INFO - Processing /opt/airflow/dags/hello.py took 0.105 seconds
[2024-04-12T07:54:29.228+0000] {processor.py:161} INFO - Started process (PID=22509) to work on /opt/airflow/dags/hello.py
[2024-04-12T07:54:29.229+0000] {processor.py:830} INFO - Processing file /opt/airflow/dags/hello.py for tasks to queue
[2024-04-12T07:54:29.231+0000] {logging_mixin.py:188} INFO - [2024-04-12T07:54:29.231+0000] {dagbag.py:540} INFO - Filling up the DagBag from /opt/airflow/dags/hello.py
[2024-04-12T07:54:29.237+0000] {processor.py:840} INFO - DAG(s) 'hello' retrieved from /opt/airflow/dags/hello.py
[2024-04-12T07:54:29.266+0000] {logging_mixin.py:188} INFO - [2024-04-12T07:54:29.266+0000] {dag.py:3096} INFO - Sync 1 DAGs
[2024-04-12T07:54:29.285+0000] {logging_mixin.py:188} INFO - [2024-04-12T07:54:29.285+0000] {dag.py:3954} INFO - Setting next_dagrun for hello to None, run_after=None
[2024-04-12T07:54:29.311+0000] {processor.py:183} INFO - Processing /opt/airflow/dags/hello.py took 0.089 seconds
[2024-04-12T07:54:59.467+0000] {processor.py:161} INFO - Started process (PID=22781) to work on /opt/airflow/dags/hello.py
[2024-04-12T07:54:59.469+0000] {processor.py:830} INFO - Processing file /opt/airflow/dags/hello.py for tasks to queue
[2024-04-12T07:54:59.471+0000] {logging_mixin.py:188} INFO - [2024-04-12T07:54:59.471+0000] {dagbag.py:540} INFO - Filling up the DagBag from /opt/airflow/dags/hello.py
[2024-04-12T07:54:59.478+0000] {processor.py:840} INFO - DAG(s) 'hello' retrieved from /opt/airflow/dags/hello.py
[2024-04-12T07:54:59.501+0000] {logging_mixin.py:188} INFO - [2024-04-12T07:54:59.500+0000] {dag.py:3096} INFO - Sync 1 DAGs
[2024-04-12T07:54:59.517+0000] {logging_mixin.py:188} INFO - [2024-04-12T07:54:59.517+0000] {dag.py:3954} INFO - Setting next_dagrun for hello to None, run_after=None
[2024-04-12T07:54:59.542+0000] {processor.py:183} INFO - Processing /opt/airflow/dags/hello.py took 0.082 seconds
[2024-04-12T07:55:29.965+0000] {processor.py:161} INFO - Started process (PID=23054) to work on /opt/airflow/dags/hello.py
[2024-04-12T07:55:29.967+0000] {processor.py:830} INFO - Processing file /opt/airflow/dags/hello.py for tasks to queue
[2024-04-12T07:55:29.973+0000] {logging_mixin.py:188} INFO - [2024-04-12T07:55:29.973+0000] {dagbag.py:540} INFO - Filling up the DagBag from /opt/airflow/dags/hello.py
[2024-04-12T07:55:29.980+0000] {processor.py:840} INFO - DAG(s) 'hello' retrieved from /opt/airflow/dags/hello.py
[2024-04-12T07:55:30.011+0000] {logging_mixin.py:188} INFO - [2024-04-12T07:55:30.011+0000] {dag.py:3096} INFO - Sync 1 DAGs
[2024-04-12T07:55:30.028+0000] {logging_mixin.py:188} INFO - [2024-04-12T07:55:30.027+0000] {dag.py:3954} INFO - Setting next_dagrun for hello to None, run_after=None
[2024-04-12T07:55:30.053+0000] {processor.py:183} INFO - Processing /opt/airflow/dags/hello.py took 0.107 seconds
[2024-04-12T07:56:00.373+0000] {processor.py:161} INFO - Started process (PID=23327) to work on /opt/airflow/dags/hello.py
[2024-04-12T07:56:00.374+0000] {processor.py:830} INFO - Processing file /opt/airflow/dags/hello.py for tasks to queue
[2024-04-12T07:56:00.376+0000] {logging_mixin.py:188} INFO - [2024-04-12T07:56:00.376+0000] {dagbag.py:540} INFO - Filling up the DagBag from /opt/airflow/dags/hello.py
[2024-04-12T07:56:00.382+0000] {processor.py:840} INFO - DAG(s) 'hello' retrieved from /opt/airflow/dags/hello.py
[2024-04-12T07:56:00.410+0000] {logging_mixin.py:188} INFO - [2024-04-12T07:56:00.410+0000] {dag.py:3096} INFO - Sync 1 DAGs
[2024-04-12T07:56:00.426+0000] {logging_mixin.py:188} INFO - [2024-04-12T07:56:00.425+0000] {dag.py:3954} INFO - Setting next_dagrun for hello to None, run_after=None
[2024-04-12T07:56:00.453+0000] {processor.py:183} INFO - Processing /opt/airflow/dags/hello.py took 0.088 seconds
[2024-04-12T07:56:30.649+0000] {processor.py:161} INFO - Started process (PID=23599) to work on /opt/airflow/dags/hello.py
[2024-04-12T07:56:30.650+0000] {processor.py:830} INFO - Processing file /opt/airflow/dags/hello.py for tasks to queue
[2024-04-12T07:56:30.652+0000] {logging_mixin.py:188} INFO - [2024-04-12T07:56:30.652+0000] {dagbag.py:540} INFO - Filling up the DagBag from /opt/airflow/dags/hello.py
[2024-04-12T07:56:30.658+0000] {processor.py:840} INFO - DAG(s) 'hello' retrieved from /opt/airflow/dags/hello.py
[2024-04-12T07:56:30.682+0000] {logging_mixin.py:188} INFO - [2024-04-12T07:56:30.682+0000] {dag.py:3096} INFO - Sync 1 DAGs
[2024-04-12T07:56:30.698+0000] {logging_mixin.py:188} INFO - [2024-04-12T07:56:30.697+0000] {dag.py:3954} INFO - Setting next_dagrun for hello to None, run_after=None
[2024-04-12T07:56:30.723+0000] {processor.py:183} INFO - Processing /opt/airflow/dags/hello.py took 0.081 seconds
[2024-04-12T07:57:01.041+0000] {processor.py:161} INFO - Started process (PID=23872) to work on /opt/airflow/dags/hello.py
[2024-04-12T07:57:01.043+0000] {processor.py:830} INFO - Processing file /opt/airflow/dags/hello.py for tasks to queue
[2024-04-12T07:57:01.046+0000] {logging_mixin.py:188} INFO - [2024-04-12T07:57:01.046+0000] {dagbag.py:540} INFO - Filling up the DagBag from /opt/airflow/dags/hello.py
[2024-04-12T07:57:01.052+0000] {processor.py:840} INFO - DAG(s) 'hello' retrieved from /opt/airflow/dags/hello.py
[2024-04-12T07:57:01.078+0000] {logging_mixin.py:188} INFO - [2024-04-12T07:57:01.078+0000] {dag.py:3096} INFO - Sync 1 DAGs
[2024-04-12T07:57:01.094+0000] {logging_mixin.py:188} INFO - [2024-04-12T07:57:01.094+0000] {dag.py:3954} INFO - Setting next_dagrun for hello to None, run_after=None
[2024-04-12T07:57:01.118+0000] {processor.py:183} INFO - Processing /opt/airflow/dags/hello.py took 0.084 seconds
[2024-04-12T07:57:31.354+0000] {processor.py:161} INFO - Started process (PID=24144) to work on /opt/airflow/dags/hello.py
[2024-04-12T07:57:31.355+0000] {processor.py:830} INFO - Processing file /opt/airflow/dags/hello.py for tasks to queue
[2024-04-12T07:57:31.357+0000] {logging_mixin.py:188} INFO - [2024-04-12T07:57:31.356+0000] {dagbag.py:540} INFO - Filling up the DagBag from /opt/airflow/dags/hello.py
[2024-04-12T07:57:31.364+0000] {processor.py:840} INFO - DAG(s) 'hello' retrieved from /opt/airflow/dags/hello.py
[2024-04-12T07:57:31.395+0000] {logging_mixin.py:188} INFO - [2024-04-12T07:57:31.395+0000] {dag.py:3096} INFO - Sync 1 DAGs
[2024-04-12T07:57:31.412+0000] {logging_mixin.py:188} INFO - [2024-04-12T07:57:31.412+0000] {dag.py:3954} INFO - Setting next_dagrun for hello to None, run_after=None
[2024-04-12T07:57:31.440+0000] {processor.py:183} INFO - Processing /opt/airflow/dags/hello.py took 0.099 seconds
[2024-04-12T07:58:01.929+0000] {processor.py:161} INFO - Started process (PID=24416) to work on /opt/airflow/dags/hello.py
[2024-04-12T07:58:01.931+0000] {processor.py:830} INFO - Processing file /opt/airflow/dags/hello.py for tasks to queue
[2024-04-12T07:58:01.934+0000] {logging_mixin.py:188} INFO - [2024-04-12T07:58:01.933+0000] {dagbag.py:540} INFO - Filling up the DagBag from /opt/airflow/dags/hello.py
[2024-04-12T07:58:01.940+0000] {processor.py:840} INFO - DAG(s) 'hello' retrieved from /opt/airflow/dags/hello.py
[2024-04-12T07:58:01.968+0000] {logging_mixin.py:188} INFO - [2024-04-12T07:58:01.967+0000] {dag.py:3096} INFO - Sync 1 DAGs
[2024-04-12T07:58:01.983+0000] {logging_mixin.py:188} INFO - [2024-04-12T07:58:01.983+0000] {dag.py:3954} INFO - Setting next_dagrun for hello to None, run_after=None
[2024-04-12T07:58:02.009+0000] {processor.py:183} INFO - Processing /opt/airflow/dags/hello.py took 0.087 seconds
[2024-04-12T07:58:32.205+0000] {processor.py:161} INFO - Started process (PID=24688) to work on /opt/airflow/dags/hello.py
[2024-04-12T07:58:32.207+0000] {processor.py:830} INFO - Processing file /opt/airflow/dags/hello.py for tasks to queue
[2024-04-12T07:58:32.210+0000] {logging_mixin.py:188} INFO - [2024-04-12T07:58:32.209+0000] {dagbag.py:540} INFO - Filling up the DagBag from /opt/airflow/dags/hello.py
[2024-04-12T07:58:32.216+0000] {processor.py:840} INFO - DAG(s) 'hello' retrieved from /opt/airflow/dags/hello.py
[2024-04-12T07:58:32.279+0000] {logging_mixin.py:188} INFO - [2024-04-12T07:58:32.279+0000] {dag.py:3096} INFO - Sync 1 DAGs
[2024-04-12T07:58:32.314+0000] {logging_mixin.py:188} INFO - [2024-04-12T07:58:32.314+0000] {dag.py:3954} INFO - Setting next_dagrun for hello to None, run_after=None
[2024-04-12T07:58:32.342+0000] {processor.py:183} INFO - Processing /opt/airflow/dags/hello.py took 0.143 seconds
[2024-04-12T07:59:02.440+0000] {processor.py:161} INFO - Started process (PID=24960) to work on /opt/airflow/dags/hello.py
[2024-04-12T07:59:02.442+0000] {processor.py:830} INFO - Processing file /opt/airflow/dags/hello.py for tasks to queue
[2024-04-12T07:59:02.444+0000] {logging_mixin.py:188} INFO - [2024-04-12T07:59:02.444+0000] {dagbag.py:540} INFO - Filling up the DagBag from /opt/airflow/dags/hello.py
[2024-04-12T07:59:02.451+0000] {processor.py:840} INFO - DAG(s) 'hello' retrieved from /opt/airflow/dags/hello.py
[2024-04-12T07:59:02.474+0000] {logging_mixin.py:188} INFO - [2024-04-12T07:59:02.474+0000] {dag.py:3096} INFO - Sync 1 DAGs
[2024-04-12T07:59:02.491+0000] {logging_mixin.py:188} INFO - [2024-04-12T07:59:02.491+0000] {dag.py:3954} INFO - Setting next_dagrun for hello to None, run_after=None
[2024-04-12T07:59:02.515+0000] {processor.py:183} INFO - Processing /opt/airflow/dags/hello.py took 0.082 seconds
[2024-04-12T07:59:32.738+0000] {processor.py:161} INFO - Started process (PID=25232) to work on /opt/airflow/dags/hello.py
[2024-04-12T07:59:32.739+0000] {processor.py:830} INFO - Processing file /opt/airflow/dags/hello.py for tasks to queue
[2024-04-12T07:59:32.742+0000] {logging_mixin.py:188} INFO - [2024-04-12T07:59:32.741+0000] {dagbag.py:540} INFO - Filling up the DagBag from /opt/airflow/dags/hello.py
[2024-04-12T07:59:32.749+0000] {processor.py:840} INFO - DAG(s) 'hello' retrieved from /opt/airflow/dags/hello.py
[2024-04-12T07:59:32.776+0000] {logging_mixin.py:188} INFO - [2024-04-12T07:59:32.776+0000] {dag.py:3096} INFO - Sync 1 DAGs
[2024-04-12T07:59:32.796+0000] {logging_mixin.py:188} INFO - [2024-04-12T07:59:32.796+0000] {dag.py:3954} INFO - Setting next_dagrun for hello to None, run_after=None
[2024-04-12T07:59:32.821+0000] {processor.py:183} INFO - Processing /opt/airflow/dags/hello.py took 0.090 seconds
[2024-04-12T08:00:03.025+0000] {processor.py:161} INFO - Started process (PID=25505) to work on /opt/airflow/dags/hello.py
[2024-04-12T08:00:03.028+0000] {processor.py:830} INFO - Processing file /opt/airflow/dags/hello.py for tasks to queue
[2024-04-12T08:00:03.030+0000] {logging_mixin.py:188} INFO - [2024-04-12T08:00:03.029+0000] {dagbag.py:540} INFO - Filling up the DagBag from /opt/airflow/dags/hello.py
[2024-04-12T08:00:03.036+0000] {processor.py:840} INFO - DAG(s) 'hello' retrieved from /opt/airflow/dags/hello.py
[2024-04-12T08:00:03.059+0000] {logging_mixin.py:188} INFO - [2024-04-12T08:00:03.059+0000] {dag.py:3096} INFO - Sync 1 DAGs
[2024-04-12T08:00:03.075+0000] {logging_mixin.py:188} INFO - [2024-04-12T08:00:03.075+0000] {dag.py:3954} INFO - Setting next_dagrun for hello to None, run_after=None
[2024-04-12T08:00:03.101+0000] {processor.py:183} INFO - Processing /opt/airflow/dags/hello.py took 0.082 seconds
[2024-04-12T08:00:33.219+0000] {processor.py:161} INFO - Started process (PID=25777) to work on /opt/airflow/dags/hello.py
[2024-04-12T08:00:33.221+0000] {processor.py:830} INFO - Processing file /opt/airflow/dags/hello.py for tasks to queue
[2024-04-12T08:00:33.223+0000] {logging_mixin.py:188} INFO - [2024-04-12T08:00:33.223+0000] {dagbag.py:540} INFO - Filling up the DagBag from /opt/airflow/dags/hello.py
[2024-04-12T08:00:33.230+0000] {processor.py:840} INFO - DAG(s) 'hello' retrieved from /opt/airflow/dags/hello.py
[2024-04-12T08:00:33.258+0000] {logging_mixin.py:188} INFO - [2024-04-12T08:00:33.257+0000] {dag.py:3096} INFO - Sync 1 DAGs
[2024-04-12T08:00:33.274+0000] {logging_mixin.py:188} INFO - [2024-04-12T08:00:33.274+0000] {dag.py:3954} INFO - Setting next_dagrun for hello to None, run_after=None
[2024-04-12T08:00:33.303+0000] {processor.py:183} INFO - Processing /opt/airflow/dags/hello.py took 0.091 seconds
[2024-04-12T08:01:03.446+0000] {processor.py:161} INFO - Started process (PID=26050) to work on /opt/airflow/dags/hello.py
[2024-04-12T08:01:03.448+0000] {processor.py:830} INFO - Processing file /opt/airflow/dags/hello.py for tasks to queue
[2024-04-12T08:01:03.450+0000] {logging_mixin.py:188} INFO - [2024-04-12T08:01:03.450+0000] {dagbag.py:540} INFO - Filling up the DagBag from /opt/airflow/dags/hello.py
[2024-04-12T08:01:03.457+0000] {processor.py:840} INFO - DAG(s) 'hello' retrieved from /opt/airflow/dags/hello.py
[2024-04-12T08:01:03.483+0000] {logging_mixin.py:188} INFO - [2024-04-12T08:01:03.483+0000] {dag.py:3096} INFO - Sync 1 DAGs
[2024-04-12T08:01:03.499+0000] {logging_mixin.py:188} INFO - [2024-04-12T08:01:03.499+0000] {dag.py:3954} INFO - Setting next_dagrun for hello to None, run_after=None
[2024-04-12T08:01:03.523+0000] {processor.py:183} INFO - Processing /opt/airflow/dags/hello.py took 0.083 seconds
[2024-04-12T08:01:33.957+0000] {processor.py:161} INFO - Started process (PID=26322) to work on /opt/airflow/dags/hello.py
[2024-04-12T08:01:33.961+0000] {processor.py:830} INFO - Processing file /opt/airflow/dags/hello.py for tasks to queue
[2024-04-12T08:01:33.963+0000] {logging_mixin.py:188} INFO - [2024-04-12T08:01:33.963+0000] {dagbag.py:540} INFO - Filling up the DagBag from /opt/airflow/dags/hello.py
[2024-04-12T08:01:33.970+0000] {processor.py:840} INFO - DAG(s) 'hello' retrieved from /opt/airflow/dags/hello.py
[2024-04-12T08:01:33.998+0000] {logging_mixin.py:188} INFO - [2024-04-12T08:01:33.998+0000] {dag.py:3096} INFO - Sync 1 DAGs
[2024-04-12T08:01:34.015+0000] {logging_mixin.py:188} INFO - [2024-04-12T08:01:34.015+0000] {dag.py:3954} INFO - Setting next_dagrun for hello to None, run_after=None
[2024-04-12T08:01:34.043+0000] {processor.py:183} INFO - Processing /opt/airflow/dags/hello.py took 0.092 seconds
[2024-04-12T08:02:04.124+0000] {processor.py:161} INFO - Started process (PID=26594) to work on /opt/airflow/dags/hello.py
[2024-04-12T08:02:04.126+0000] {processor.py:830} INFO - Processing file /opt/airflow/dags/hello.py for tasks to queue
[2024-04-12T08:02:04.128+0000] {logging_mixin.py:188} INFO - [2024-04-12T08:02:04.128+0000] {dagbag.py:540} INFO - Filling up the DagBag from /opt/airflow/dags/hello.py
[2024-04-12T08:02:04.135+0000] {processor.py:840} INFO - DAG(s) 'hello' retrieved from /opt/airflow/dags/hello.py
[2024-04-12T08:02:04.160+0000] {logging_mixin.py:188} INFO - [2024-04-12T08:02:04.160+0000] {dag.py:3096} INFO - Sync 1 DAGs
[2024-04-12T08:02:04.195+0000] {logging_mixin.py:188} INFO - [2024-04-12T08:02:04.194+0000] {dag.py:3954} INFO - Setting next_dagrun for hello to None, run_after=None
[2024-04-12T08:02:04.234+0000] {processor.py:183} INFO - Processing /opt/airflow/dags/hello.py took 0.117 seconds
[2024-04-12T08:02:34.357+0000] {processor.py:161} INFO - Started process (PID=26867) to work on /opt/airflow/dags/hello.py
[2024-04-12T08:02:34.358+0000] {processor.py:830} INFO - Processing file /opt/airflow/dags/hello.py for tasks to queue
[2024-04-12T08:02:34.361+0000] {logging_mixin.py:188} INFO - [2024-04-12T08:02:34.360+0000] {dagbag.py:540} INFO - Filling up the DagBag from /opt/airflow/dags/hello.py
[2024-04-12T08:02:34.368+0000] {processor.py:840} INFO - DAG(s) 'hello' retrieved from /opt/airflow/dags/hello.py
[2024-04-12T08:02:34.402+0000] {logging_mixin.py:188} INFO - [2024-04-12T08:02:34.402+0000] {dag.py:3096} INFO - Sync 1 DAGs
[2024-04-12T08:02:34.418+0000] {logging_mixin.py:188} INFO - [2024-04-12T08:02:34.418+0000] {dag.py:3954} INFO - Setting next_dagrun for hello to None, run_after=None
[2024-04-12T08:02:34.442+0000] {processor.py:183} INFO - Processing /opt/airflow/dags/hello.py took 0.092 seconds
[2024-04-12T08:03:04.691+0000] {processor.py:161} INFO - Started process (PID=27133) to work on /opt/airflow/dags/hello.py
[2024-04-12T08:03:04.693+0000] {processor.py:830} INFO - Processing file /opt/airflow/dags/hello.py for tasks to queue
[2024-04-12T08:03:04.696+0000] {logging_mixin.py:188} INFO - [2024-04-12T08:03:04.696+0000] {dagbag.py:540} INFO - Filling up the DagBag from /opt/airflow/dags/hello.py
[2024-04-12T08:03:04.703+0000] {processor.py:840} INFO - DAG(s) 'hello' retrieved from /opt/airflow/dags/hello.py
[2024-04-12T08:03:04.757+0000] {logging_mixin.py:188} INFO - [2024-04-12T08:03:04.757+0000] {dag.py:3096} INFO - Sync 1 DAGs
[2024-04-12T08:03:04.777+0000] {logging_mixin.py:188} INFO - [2024-04-12T08:03:04.777+0000] {dag.py:3954} INFO - Setting next_dagrun for hello to None, run_after=None
[2024-04-12T08:03:04.801+0000] {processor.py:183} INFO - Processing /opt/airflow/dags/hello.py took 0.126 seconds
[2024-04-12T08:03:34.879+0000] {processor.py:161} INFO - Started process (PID=27405) to work on /opt/airflow/dags/hello.py
[2024-04-12T08:03:34.880+0000] {processor.py:830} INFO - Processing file /opt/airflow/dags/hello.py for tasks to queue
[2024-04-12T08:03:34.883+0000] {logging_mixin.py:188} INFO - [2024-04-12T08:03:34.882+0000] {dagbag.py:540} INFO - Filling up the DagBag from /opt/airflow/dags/hello.py
[2024-04-12T08:03:34.887+0000] {processor.py:840} INFO - DAG(s) 'hello' retrieved from /opt/airflow/dags/hello.py
[2024-04-12T08:03:34.904+0000] {logging_mixin.py:188} INFO - [2024-04-12T08:03:34.903+0000] {dag.py:3096} INFO - Sync 1 DAGs
[2024-04-12T08:03:34.914+0000] {logging_mixin.py:188} INFO - [2024-04-12T08:03:34.914+0000] {dag.py:3954} INFO - Setting next_dagrun for hello to None, run_after=None
[2024-04-12T08:03:34.934+0000] {processor.py:183} INFO - Processing /opt/airflow/dags/hello.py took 0.060 seconds
[2024-04-12T08:04:05.174+0000] {processor.py:161} INFO - Started process (PID=27676) to work on /opt/airflow/dags/hello.py
[2024-04-12T08:04:05.176+0000] {processor.py:830} INFO - Processing file /opt/airflow/dags/hello.py for tasks to queue
[2024-04-12T08:04:05.178+0000] {logging_mixin.py:188} INFO - [2024-04-12T08:04:05.178+0000] {dagbag.py:540} INFO - Filling up the DagBag from /opt/airflow/dags/hello.py
[2024-04-12T08:04:05.185+0000] {processor.py:840} INFO - DAG(s) 'hello' retrieved from /opt/airflow/dags/hello.py
[2024-04-12T08:04:05.209+0000] {logging_mixin.py:188} INFO - [2024-04-12T08:04:05.208+0000] {dag.py:3096} INFO - Sync 1 DAGs
[2024-04-12T08:04:05.225+0000] {logging_mixin.py:188} INFO - [2024-04-12T08:04:05.225+0000] {dag.py:3954} INFO - Setting next_dagrun for hello to None, run_after=None
[2024-04-12T08:04:05.249+0000] {processor.py:183} INFO - Processing /opt/airflow/dags/hello.py took 0.083 seconds
[2024-04-12T08:04:35.520+0000] {processor.py:161} INFO - Started process (PID=27948) to work on /opt/airflow/dags/hello.py
[2024-04-12T08:04:35.521+0000] {processor.py:830} INFO - Processing file /opt/airflow/dags/hello.py for tasks to queue
[2024-04-12T08:04:35.524+0000] {logging_mixin.py:188} INFO - [2024-04-12T08:04:35.523+0000] {dagbag.py:540} INFO - Filling up the DagBag from /opt/airflow/dags/hello.py
[2024-04-12T08:04:35.530+0000] {processor.py:840} INFO - DAG(s) 'hello' retrieved from /opt/airflow/dags/hello.py
[2024-04-12T08:04:35.557+0000] {logging_mixin.py:188} INFO - [2024-04-12T08:04:35.557+0000] {dag.py:3096} INFO - Sync 1 DAGs
[2024-04-12T08:04:35.573+0000] {logging_mixin.py:188} INFO - [2024-04-12T08:04:35.573+0000] {dag.py:3954} INFO - Setting next_dagrun for hello to None, run_after=None
[2024-04-12T08:04:35.600+0000] {processor.py:183} INFO - Processing /opt/airflow/dags/hello.py took 0.087 seconds
[2024-04-12T08:05:05.667+0000] {processor.py:161} INFO - Started process (PID=28220) to work on /opt/airflow/dags/hello.py
[2024-04-12T08:05:05.667+0000] {processor.py:830} INFO - Processing file /opt/airflow/dags/hello.py for tasks to queue
[2024-04-12T08:05:05.669+0000] {logging_mixin.py:188} INFO - [2024-04-12T08:05:05.669+0000] {dagbag.py:540} INFO - Filling up the DagBag from /opt/airflow/dags/hello.py
[2024-04-12T08:05:05.674+0000] {processor.py:840} INFO - DAG(s) 'hello' retrieved from /opt/airflow/dags/hello.py
[2024-04-12T08:05:05.691+0000] {logging_mixin.py:188} INFO - [2024-04-12T08:05:05.690+0000] {dag.py:3096} INFO - Sync 1 DAGs
[2024-04-12T08:05:05.701+0000] {logging_mixin.py:188} INFO - [2024-04-12T08:05:05.701+0000] {dag.py:3954} INFO - Setting next_dagrun for hello to None, run_after=None
[2024-04-12T08:05:05.721+0000] {processor.py:183} INFO - Processing /opt/airflow/dags/hello.py took 0.059 seconds
[2024-04-12T08:05:36.043+0000] {processor.py:161} INFO - Started process (PID=28492) to work on /opt/airflow/dags/hello.py
[2024-04-12T08:05:36.047+0000] {processor.py:830} INFO - Processing file /opt/airflow/dags/hello.py for tasks to queue
[2024-04-12T08:05:36.054+0000] {logging_mixin.py:188} INFO - [2024-04-12T08:05:36.054+0000] {dagbag.py:540} INFO - Filling up the DagBag from /opt/airflow/dags/hello.py
[2024-04-12T08:05:36.063+0000] {processor.py:840} INFO - DAG(s) 'hello' retrieved from /opt/airflow/dags/hello.py
[2024-04-12T08:05:36.093+0000] {logging_mixin.py:188} INFO - [2024-04-12T08:05:36.093+0000] {dag.py:3096} INFO - Sync 1 DAGs
[2024-04-12T08:05:36.109+0000] {logging_mixin.py:188} INFO - [2024-04-12T08:05:36.109+0000] {dag.py:3954} INFO - Setting next_dagrun for hello to None, run_after=None
[2024-04-12T08:05:36.165+0000] {processor.py:183} INFO - Processing /opt/airflow/dags/hello.py took 0.145 seconds
[2024-04-12T08:06:06.286+0000] {processor.py:161} INFO - Started process (PID=28764) to work on /opt/airflow/dags/hello.py
[2024-04-12T08:06:06.288+0000] {processor.py:830} INFO - Processing file /opt/airflow/dags/hello.py for tasks to queue
[2024-04-12T08:06:06.289+0000] {logging_mixin.py:188} INFO - [2024-04-12T08:06:06.289+0000] {dagbag.py:540} INFO - Filling up the DagBag from /opt/airflow/dags/hello.py
[2024-04-12T08:06:06.294+0000] {processor.py:840} INFO - DAG(s) 'hello' retrieved from /opt/airflow/dags/hello.py
[2024-04-12T08:06:06.311+0000] {logging_mixin.py:188} INFO - [2024-04-12T08:06:06.311+0000] {dag.py:3096} INFO - Sync 1 DAGs
[2024-04-12T08:06:06.321+0000] {logging_mixin.py:188} INFO - [2024-04-12T08:06:06.321+0000] {dag.py:3954} INFO - Setting next_dagrun for hello to None, run_after=None
[2024-04-12T08:06:06.340+0000] {processor.py:183} INFO - Processing /opt/airflow/dags/hello.py took 0.059 seconds
[2024-04-12T08:06:36.924+0000] {processor.py:161} INFO - Started process (PID=29037) to work on /opt/airflow/dags/hello.py
[2024-04-12T08:06:36.925+0000] {processor.py:830} INFO - Processing file /opt/airflow/dags/hello.py for tasks to queue
[2024-04-12T08:06:36.927+0000] {logging_mixin.py:188} INFO - [2024-04-12T08:06:36.927+0000] {dagbag.py:540} INFO - Filling up the DagBag from /opt/airflow/dags/hello.py
[2024-04-12T08:06:36.931+0000] {processor.py:840} INFO - DAG(s) 'hello' retrieved from /opt/airflow/dags/hello.py
[2024-04-12T08:06:36.948+0000] {logging_mixin.py:188} INFO - [2024-04-12T08:06:36.948+0000] {dag.py:3096} INFO - Sync 1 DAGs
[2024-04-12T08:06:36.958+0000] {logging_mixin.py:188} INFO - [2024-04-12T08:06:36.958+0000] {dag.py:3954} INFO - Setting next_dagrun for hello to None, run_after=None
[2024-04-12T08:06:36.979+0000] {processor.py:183} INFO - Processing /opt/airflow/dags/hello.py took 0.060 seconds
[2024-04-12T08:07:07.669+0000] {processor.py:161} INFO - Started process (PID=29309) to work on /opt/airflow/dags/hello.py
[2024-04-12T08:07:07.670+0000] {processor.py:830} INFO - Processing file /opt/airflow/dags/hello.py for tasks to queue
[2024-04-12T08:07:07.673+0000] {logging_mixin.py:188} INFO - [2024-04-12T08:07:07.672+0000] {dagbag.py:540} INFO - Filling up the DagBag from /opt/airflow/dags/hello.py
[2024-04-12T08:07:07.684+0000] {processor.py:840} INFO - DAG(s) 'hello' retrieved from /opt/airflow/dags/hello.py
[2024-04-12T08:07:07.819+0000] {logging_mixin.py:188} INFO - [2024-04-12T08:07:07.819+0000] {dag.py:3096} INFO - Sync 1 DAGs
[2024-04-12T08:07:07.829+0000] {logging_mixin.py:188} INFO - [2024-04-12T08:07:07.828+0000] {dag.py:3954} INFO - Setting next_dagrun for hello to None, run_after=None
[2024-04-12T08:07:07.847+0000] {processor.py:183} INFO - Processing /opt/airflow/dags/hello.py took 0.185 seconds
[2024-04-12T08:07:38.740+0000] {processor.py:161} INFO - Started process (PID=29587) to work on /opt/airflow/dags/hello.py
[2024-04-12T08:07:38.741+0000] {processor.py:830} INFO - Processing file /opt/airflow/dags/hello.py for tasks to queue
[2024-04-12T08:07:38.744+0000] {logging_mixin.py:188} INFO - [2024-04-12T08:07:38.744+0000] {dagbag.py:540} INFO - Filling up the DagBag from /opt/airflow/dags/hello.py
[2024-04-12T08:07:38.751+0000] {processor.py:840} INFO - DAG(s) 'hello' retrieved from /opt/airflow/dags/hello.py
[2024-04-12T08:07:38.782+0000] {logging_mixin.py:188} INFO - [2024-04-12T08:07:38.781+0000] {dag.py:3096} INFO - Sync 1 DAGs
[2024-04-12T08:07:38.794+0000] {logging_mixin.py:188} INFO - [2024-04-12T08:07:38.793+0000] {dag.py:3954} INFO - Setting next_dagrun for hello to None, run_after=None
[2024-04-12T08:07:38.813+0000] {processor.py:183} INFO - Processing /opt/airflow/dags/hello.py took 0.080 seconds
[2024-04-12T08:08:09.727+0000] {processor.py:161} INFO - Started process (PID=29859) to work on /opt/airflow/dags/hello.py
[2024-04-12T08:08:09.733+0000] {processor.py:830} INFO - Processing file /opt/airflow/dags/hello.py for tasks to queue
[2024-04-12T08:08:09.736+0000] {logging_mixin.py:188} INFO - [2024-04-12T08:08:09.736+0000] {dagbag.py:540} INFO - Filling up the DagBag from /opt/airflow/dags/hello.py
[2024-04-12T08:08:09.743+0000] {processor.py:840} INFO - DAG(s) 'hello' retrieved from /opt/airflow/dags/hello.py
[2024-04-12T08:08:09.768+0000] {logging_mixin.py:188} INFO - [2024-04-12T08:08:09.767+0000] {dag.py:3096} INFO - Sync 1 DAGs
[2024-04-12T08:08:09.786+0000] {logging_mixin.py:188} INFO - [2024-04-12T08:08:09.786+0000] {dag.py:3954} INFO - Setting next_dagrun for hello to None, run_after=None
[2024-04-12T08:08:09.812+0000] {processor.py:183} INFO - Processing /opt/airflow/dags/hello.py took 0.097 seconds
[2024-04-12T08:08:40.517+0000] {processor.py:161} INFO - Started process (PID=30131) to work on /opt/airflow/dags/hello.py
[2024-04-12T08:08:40.518+0000] {processor.py:830} INFO - Processing file /opt/airflow/dags/hello.py for tasks to queue
[2024-04-12T08:08:40.521+0000] {logging_mixin.py:188} INFO - [2024-04-12T08:08:40.520+0000] {dagbag.py:540} INFO - Filling up the DagBag from /opt/airflow/dags/hello.py
[2024-04-12T08:08:40.525+0000] {processor.py:840} INFO - DAG(s) 'hello' retrieved from /opt/airflow/dags/hello.py
[2024-04-12T08:08:40.543+0000] {logging_mixin.py:188} INFO - [2024-04-12T08:08:40.543+0000] {dag.py:3096} INFO - Sync 1 DAGs
[2024-04-12T08:08:40.560+0000] {logging_mixin.py:188} INFO - [2024-04-12T08:08:40.559+0000] {dag.py:3954} INFO - Setting next_dagrun for hello to None, run_after=None
[2024-04-12T08:08:40.591+0000] {processor.py:183} INFO - Processing /opt/airflow/dags/hello.py took 0.079 seconds
[2024-04-12T08:09:11.215+0000] {processor.py:161} INFO - Started process (PID=30402) to work on /opt/airflow/dags/hello.py
[2024-04-12T08:09:11.216+0000] {processor.py:830} INFO - Processing file /opt/airflow/dags/hello.py for tasks to queue
[2024-04-12T08:09:11.217+0000] {logging_mixin.py:188} INFO - [2024-04-12T08:09:11.217+0000] {dagbag.py:540} INFO - Filling up the DagBag from /opt/airflow/dags/hello.py
[2024-04-12T08:09:11.222+0000] {processor.py:840} INFO - DAG(s) 'hello' retrieved from /opt/airflow/dags/hello.py
[2024-04-12T08:09:11.240+0000] {logging_mixin.py:188} INFO - [2024-04-12T08:09:11.240+0000] {dag.py:3096} INFO - Sync 1 DAGs
[2024-04-12T08:09:11.251+0000] {logging_mixin.py:188} INFO - [2024-04-12T08:09:11.251+0000] {dag.py:3954} INFO - Setting next_dagrun for hello to None, run_after=None
[2024-04-12T08:09:11.272+0000] {processor.py:183} INFO - Processing /opt/airflow/dags/hello.py took 0.062 seconds
[2024-04-12T08:09:42.215+0000] {processor.py:161} INFO - Started process (PID=30673) to work on /opt/airflow/dags/hello.py
[2024-04-12T08:09:42.216+0000] {processor.py:830} INFO - Processing file /opt/airflow/dags/hello.py for tasks to queue
[2024-04-12T08:09:42.218+0000] {logging_mixin.py:188} INFO - [2024-04-12T08:09:42.218+0000] {dagbag.py:540} INFO - Filling up the DagBag from /opt/airflow/dags/hello.py
[2024-04-12T08:09:42.223+0000] {processor.py:840} INFO - DAG(s) 'hello' retrieved from /opt/airflow/dags/hello.py
[2024-04-12T08:09:42.241+0000] {logging_mixin.py:188} INFO - [2024-04-12T08:09:42.241+0000] {dag.py:3096} INFO - Sync 1 DAGs
[2024-04-12T08:09:42.253+0000] {logging_mixin.py:188} INFO - [2024-04-12T08:09:42.253+0000] {dag.py:3954} INFO - Setting next_dagrun for hello to None, run_after=None
[2024-04-12T08:09:42.273+0000] {processor.py:183} INFO - Processing /opt/airflow/dags/hello.py took 0.063 seconds
[2024-04-12T08:10:12.402+0000] {processor.py:161} INFO - Started process (PID=30945) to work on /opt/airflow/dags/hello.py
[2024-04-12T08:10:12.403+0000] {processor.py:830} INFO - Processing file /opt/airflow/dags/hello.py for tasks to queue
[2024-04-12T08:10:12.405+0000] {logging_mixin.py:188} INFO - [2024-04-12T08:10:12.405+0000] {dagbag.py:540} INFO - Filling up the DagBag from /opt/airflow/dags/hello.py
[2024-04-12T08:10:12.411+0000] {processor.py:840} INFO - DAG(s) 'hello' retrieved from /opt/airflow/dags/hello.py
[2024-04-12T08:10:12.435+0000] {logging_mixin.py:188} INFO - [2024-04-12T08:10:12.435+0000] {dag.py:3096} INFO - Sync 1 DAGs
[2024-04-12T08:10:12.451+0000] {logging_mixin.py:188} INFO - [2024-04-12T08:10:12.451+0000] {dag.py:3954} INFO - Setting next_dagrun for hello to None, run_after=None
[2024-04-12T08:10:12.481+0000] {processor.py:183} INFO - Processing /opt/airflow/dags/hello.py took 0.085 seconds
[2024-04-12T08:10:42.885+0000] {processor.py:161} INFO - Started process (PID=31217) to work on /opt/airflow/dags/hello.py
[2024-04-12T08:10:42.886+0000] {processor.py:830} INFO - Processing file /opt/airflow/dags/hello.py for tasks to queue
[2024-04-12T08:10:42.889+0000] {logging_mixin.py:188} INFO - [2024-04-12T08:10:42.888+0000] {dagbag.py:540} INFO - Filling up the DagBag from /opt/airflow/dags/hello.py
[2024-04-12T08:10:42.895+0000] {processor.py:840} INFO - DAG(s) 'hello' retrieved from /opt/airflow/dags/hello.py
[2024-04-12T08:10:42.914+0000] {logging_mixin.py:188} INFO - [2024-04-12T08:10:42.914+0000] {dag.py:3096} INFO - Sync 1 DAGs
[2024-04-12T08:10:42.927+0000] {logging_mixin.py:188} INFO - [2024-04-12T08:10:42.927+0000] {dag.py:3954} INFO - Setting next_dagrun for hello to None, run_after=None
[2024-04-12T08:10:42.949+0000] {processor.py:183} INFO - Processing /opt/airflow/dags/hello.py took 0.071 seconds
[2024-04-12T08:11:13.476+0000] {processor.py:161} INFO - Started process (PID=31489) to work on /opt/airflow/dags/hello.py
[2024-04-12T08:11:13.477+0000] {processor.py:830} INFO - Processing file /opt/airflow/dags/hello.py for tasks to queue
[2024-04-12T08:11:13.479+0000] {logging_mixin.py:188} INFO - [2024-04-12T08:11:13.479+0000] {dagbag.py:540} INFO - Filling up the DagBag from /opt/airflow/dags/hello.py
[2024-04-12T08:11:13.483+0000] {processor.py:840} INFO - DAG(s) 'hello' retrieved from /opt/airflow/dags/hello.py
[2024-04-12T08:11:13.500+0000] {logging_mixin.py:188} INFO - [2024-04-12T08:11:13.500+0000] {dag.py:3096} INFO - Sync 1 DAGs
[2024-04-12T08:11:13.511+0000] {logging_mixin.py:188} INFO - [2024-04-12T08:11:13.510+0000] {dag.py:3954} INFO - Setting next_dagrun for hello to None, run_after=None
[2024-04-12T08:11:13.532+0000] {processor.py:183} INFO - Processing /opt/airflow/dags/hello.py took 0.061 seconds
[2024-04-12T08:11:43.905+0000] {processor.py:161} INFO - Started process (PID=31761) to work on /opt/airflow/dags/hello.py
[2024-04-12T08:11:43.906+0000] {processor.py:830} INFO - Processing file /opt/airflow/dags/hello.py for tasks to queue
[2024-04-12T08:11:43.908+0000] {logging_mixin.py:188} INFO - [2024-04-12T08:11:43.907+0000] {dagbag.py:540} INFO - Filling up the DagBag from /opt/airflow/dags/hello.py
[2024-04-12T08:11:43.912+0000] {processor.py:840} INFO - DAG(s) 'hello' retrieved from /opt/airflow/dags/hello.py
[2024-04-12T08:11:43.929+0000] {logging_mixin.py:188} INFO - [2024-04-12T08:11:43.928+0000] {dag.py:3096} INFO - Sync 1 DAGs
[2024-04-12T08:11:43.939+0000] {logging_mixin.py:188} INFO - [2024-04-12T08:11:43.939+0000] {dag.py:3954} INFO - Setting next_dagrun for hello to None, run_after=None
[2024-04-12T08:11:43.959+0000] {processor.py:183} INFO - Processing /opt/airflow/dags/hello.py took 0.059 seconds
[2024-04-12T08:12:14.135+0000] {processor.py:161} INFO - Started process (PID=32034) to work on /opt/airflow/dags/hello.py
[2024-04-12T08:12:14.136+0000] {processor.py:830} INFO - Processing file /opt/airflow/dags/hello.py for tasks to queue
[2024-04-12T08:12:14.138+0000] {logging_mixin.py:188} INFO - [2024-04-12T08:12:14.137+0000] {dagbag.py:540} INFO - Filling up the DagBag from /opt/airflow/dags/hello.py
[2024-04-12T08:12:14.142+0000] {processor.py:840} INFO - DAG(s) 'hello' retrieved from /opt/airflow/dags/hello.py
[2024-04-12T08:12:14.160+0000] {logging_mixin.py:188} INFO - [2024-04-12T08:12:14.159+0000] {dag.py:3096} INFO - Sync 1 DAGs
[2024-04-12T08:12:14.171+0000] {logging_mixin.py:188} INFO - [2024-04-12T08:12:14.171+0000] {dag.py:3954} INFO - Setting next_dagrun for hello to None, run_after=None
[2024-04-12T08:12:14.191+0000] {processor.py:183} INFO - Processing /opt/airflow/dags/hello.py took 0.061 seconds
[2024-04-12T08:12:44.642+0000] {processor.py:161} INFO - Started process (PID=32306) to work on /opt/airflow/dags/hello.py
[2024-04-12T08:12:44.643+0000] {processor.py:830} INFO - Processing file /opt/airflow/dags/hello.py for tasks to queue
[2024-04-12T08:12:44.645+0000] {logging_mixin.py:188} INFO - [2024-04-12T08:12:44.645+0000] {dagbag.py:540} INFO - Filling up the DagBag from /opt/airflow/dags/hello.py
[2024-04-12T08:12:44.650+0000] {processor.py:840} INFO - DAG(s) 'hello' retrieved from /opt/airflow/dags/hello.py
[2024-04-12T08:12:44.666+0000] {logging_mixin.py:188} INFO - [2024-04-12T08:12:44.666+0000] {dag.py:3096} INFO - Sync 1 DAGs
[2024-04-12T08:12:44.677+0000] {logging_mixin.py:188} INFO - [2024-04-12T08:12:44.677+0000] {dag.py:3954} INFO - Setting next_dagrun for hello to None, run_after=None
[2024-04-12T08:12:44.697+0000] {processor.py:183} INFO - Processing /opt/airflow/dags/hello.py took 0.060 seconds
[2024-04-12T08:13:14.806+0000] {processor.py:161} INFO - Started process (PID=32579) to work on /opt/airflow/dags/hello.py
[2024-04-12T08:13:14.807+0000] {processor.py:830} INFO - Processing file /opt/airflow/dags/hello.py for tasks to queue
[2024-04-12T08:13:14.808+0000] {logging_mixin.py:188} INFO - [2024-04-12T08:13:14.808+0000] {dagbag.py:540} INFO - Filling up the DagBag from /opt/airflow/dags/hello.py
[2024-04-12T08:13:14.813+0000] {processor.py:840} INFO - DAG(s) 'hello' retrieved from /opt/airflow/dags/hello.py
[2024-04-12T08:13:14.830+0000] {logging_mixin.py:188} INFO - [2024-04-12T08:13:14.829+0000] {dag.py:3096} INFO - Sync 1 DAGs
[2024-04-12T08:13:14.840+0000] {logging_mixin.py:188} INFO - [2024-04-12T08:13:14.840+0000] {dag.py:3954} INFO - Setting next_dagrun for hello to None, run_after=None
[2024-04-12T08:13:14.862+0000] {processor.py:183} INFO - Processing /opt/airflow/dags/hello.py took 0.061 seconds
[2024-04-12T08:13:45.131+0000] {processor.py:161} INFO - Started process (PID=32851) to work on /opt/airflow/dags/hello.py
[2024-04-12T08:13:45.132+0000] {processor.py:830} INFO - Processing file /opt/airflow/dags/hello.py for tasks to queue
[2024-04-12T08:13:45.134+0000] {logging_mixin.py:188} INFO - [2024-04-12T08:13:45.134+0000] {dagbag.py:540} INFO - Filling up the DagBag from /opt/airflow/dags/hello.py
[2024-04-12T08:13:45.140+0000] {processor.py:840} INFO - DAG(s) 'hello' retrieved from /opt/airflow/dags/hello.py
[2024-04-12T08:13:45.156+0000] {logging_mixin.py:188} INFO - [2024-04-12T08:13:45.156+0000] {dag.py:3096} INFO - Sync 1 DAGs
[2024-04-12T08:13:45.168+0000] {logging_mixin.py:188} INFO - [2024-04-12T08:13:45.167+0000] {dag.py:3954} INFO - Setting next_dagrun for hello to None, run_after=None
[2024-04-12T08:13:45.187+0000] {processor.py:183} INFO - Processing /opt/airflow/dags/hello.py took 0.061 seconds
[2024-04-12T08:14:15.990+0000] {processor.py:161} INFO - Started process (PID=33124) to work on /opt/airflow/dags/hello.py
[2024-04-12T08:14:15.991+0000] {processor.py:830} INFO - Processing file /opt/airflow/dags/hello.py for tasks to queue
[2024-04-12T08:14:15.992+0000] {logging_mixin.py:188} INFO - [2024-04-12T08:14:15.992+0000] {dagbag.py:540} INFO - Filling up the DagBag from /opt/airflow/dags/hello.py
[2024-04-12T08:14:15.997+0000] {processor.py:840} INFO - DAG(s) 'hello' retrieved from /opt/airflow/dags/hello.py
[2024-04-12T08:14:16.015+0000] {logging_mixin.py:188} INFO - [2024-04-12T08:14:16.014+0000] {dag.py:3096} INFO - Sync 1 DAGs
[2024-04-12T08:14:16.025+0000] {logging_mixin.py:188} INFO - [2024-04-12T08:14:16.025+0000] {dag.py:3954} INFO - Setting next_dagrun for hello to None, run_after=None
[2024-04-12T08:14:16.045+0000] {processor.py:183} INFO - Processing /opt/airflow/dags/hello.py took 0.060 seconds
[2024-04-12T08:14:46.182+0000] {processor.py:161} INFO - Started process (PID=33397) to work on /opt/airflow/dags/hello.py
[2024-04-12T08:14:46.182+0000] {processor.py:830} INFO - Processing file /opt/airflow/dags/hello.py for tasks to queue
[2024-04-12T08:14:46.184+0000] {logging_mixin.py:188} INFO - [2024-04-12T08:14:46.184+0000] {dagbag.py:540} INFO - Filling up the DagBag from /opt/airflow/dags/hello.py
[2024-04-12T08:14:46.189+0000] {processor.py:840} INFO - DAG(s) 'hello' retrieved from /opt/airflow/dags/hello.py
[2024-04-12T08:14:46.206+0000] {logging_mixin.py:188} INFO - [2024-04-12T08:14:46.206+0000] {dag.py:3096} INFO - Sync 1 DAGs
[2024-04-12T08:14:46.217+0000] {logging_mixin.py:188} INFO - [2024-04-12T08:14:46.217+0000] {dag.py:3954} INFO - Setting next_dagrun for hello to None, run_after=None
[2024-04-12T08:14:46.238+0000] {processor.py:183} INFO - Processing /opt/airflow/dags/hello.py took 0.061 seconds
[2024-04-12T08:15:16.688+0000] {processor.py:161} INFO - Started process (PID=33669) to work on /opt/airflow/dags/hello.py
[2024-04-12T08:15:16.689+0000] {processor.py:830} INFO - Processing file /opt/airflow/dags/hello.py for tasks to queue
[2024-04-12T08:15:16.691+0000] {logging_mixin.py:188} INFO - [2024-04-12T08:15:16.691+0000] {dagbag.py:540} INFO - Filling up the DagBag from /opt/airflow/dags/hello.py
[2024-04-12T08:15:16.696+0000] {processor.py:840} INFO - DAG(s) 'hello' retrieved from /opt/airflow/dags/hello.py
[2024-04-12T08:15:16.714+0000] {logging_mixin.py:188} INFO - [2024-04-12T08:15:16.714+0000] {dag.py:3096} INFO - Sync 1 DAGs
[2024-04-12T08:15:16.726+0000] {logging_mixin.py:188} INFO - [2024-04-12T08:15:16.726+0000] {dag.py:3954} INFO - Setting next_dagrun for hello to None, run_after=None
[2024-04-12T08:15:16.753+0000] {processor.py:183} INFO - Processing /opt/airflow/dags/hello.py took 0.069 seconds
[2024-04-12T08:15:46.818+0000] {processor.py:161} INFO - Started process (PID=33941) to work on /opt/airflow/dags/hello.py
[2024-04-12T08:15:46.818+0000] {processor.py:830} INFO - Processing file /opt/airflow/dags/hello.py for tasks to queue
[2024-04-12T08:15:46.820+0000] {logging_mixin.py:188} INFO - [2024-04-12T08:15:46.820+0000] {dagbag.py:540} INFO - Filling up the DagBag from /opt/airflow/dags/hello.py
[2024-04-12T08:15:46.825+0000] {processor.py:840} INFO - DAG(s) 'hello' retrieved from /opt/airflow/dags/hello.py
[2024-04-12T08:15:46.844+0000] {logging_mixin.py:188} INFO - [2024-04-12T08:15:46.844+0000] {dag.py:3096} INFO - Sync 1 DAGs
[2024-04-12T08:15:46.854+0000] {logging_mixin.py:188} INFO - [2024-04-12T08:15:46.854+0000] {dag.py:3954} INFO - Setting next_dagrun for hello to None, run_after=None
[2024-04-12T08:15:46.874+0000] {processor.py:183} INFO - Processing /opt/airflow/dags/hello.py took 0.061 seconds
[2024-04-12T08:16:17.816+0000] {processor.py:161} INFO - Started process (PID=34213) to work on /opt/airflow/dags/hello.py
[2024-04-12T08:16:17.817+0000] {processor.py:830} INFO - Processing file /opt/airflow/dags/hello.py for tasks to queue
[2024-04-12T08:16:17.819+0000] {logging_mixin.py:188} INFO - [2024-04-12T08:16:17.818+0000] {dagbag.py:540} INFO - Filling up the DagBag from /opt/airflow/dags/hello.py
[2024-04-12T08:16:17.824+0000] {processor.py:840} INFO - DAG(s) 'hello' retrieved from /opt/airflow/dags/hello.py
[2024-04-12T08:16:17.842+0000] {logging_mixin.py:188} INFO - [2024-04-12T08:16:17.842+0000] {dag.py:3096} INFO - Sync 1 DAGs
[2024-04-12T08:16:17.852+0000] {logging_mixin.py:188} INFO - [2024-04-12T08:16:17.852+0000] {dag.py:3954} INFO - Setting next_dagrun for hello to None, run_after=None
[2024-04-12T08:16:17.875+0000] {processor.py:183} INFO - Processing /opt/airflow/dags/hello.py took 0.069 seconds
[2024-04-12T08:16:48.268+0000] {processor.py:161} INFO - Started process (PID=34486) to work on /opt/airflow/dags/hello.py
[2024-04-12T08:16:48.269+0000] {processor.py:830} INFO - Processing file /opt/airflow/dags/hello.py for tasks to queue
[2024-04-12T08:16:48.270+0000] {logging_mixin.py:188} INFO - [2024-04-12T08:16:48.270+0000] {dagbag.py:540} INFO - Filling up the DagBag from /opt/airflow/dags/hello.py
[2024-04-12T08:16:48.276+0000] {processor.py:840} INFO - DAG(s) 'hello' retrieved from /opt/airflow/dags/hello.py
[2024-04-12T08:16:48.293+0000] {logging_mixin.py:188} INFO - [2024-04-12T08:16:48.293+0000] {dag.py:3096} INFO - Sync 1 DAGs
[2024-04-12T08:16:48.311+0000] {logging_mixin.py:188} INFO - [2024-04-12T08:16:48.311+0000] {dag.py:3954} INFO - Setting next_dagrun for hello to None, run_after=None
[2024-04-12T08:16:48.330+0000] {processor.py:183} INFO - Processing /opt/airflow/dags/hello.py took 0.068 seconds
[2024-04-12T08:17:19.142+0000] {processor.py:161} INFO - Started process (PID=34758) to work on /opt/airflow/dags/hello.py
[2024-04-12T08:17:19.144+0000] {processor.py:830} INFO - Processing file /opt/airflow/dags/hello.py for tasks to queue
[2024-04-12T08:17:19.145+0000] {logging_mixin.py:188} INFO - [2024-04-12T08:17:19.145+0000] {dagbag.py:540} INFO - Filling up the DagBag from /opt/airflow/dags/hello.py
[2024-04-12T08:17:19.150+0000] {processor.py:840} INFO - DAG(s) 'hello' retrieved from /opt/airflow/dags/hello.py
[2024-04-12T08:17:19.169+0000] {logging_mixin.py:188} INFO - [2024-04-12T08:17:19.169+0000] {dag.py:3096} INFO - Sync 1 DAGs
[2024-04-12T08:17:19.180+0000] {logging_mixin.py:188} INFO - [2024-04-12T08:17:19.179+0000] {dag.py:3954} INFO - Setting next_dagrun for hello to None, run_after=None
[2024-04-12T08:17:19.198+0000] {processor.py:183} INFO - Processing /opt/airflow/dags/hello.py took 0.065 seconds
[2024-04-12T08:17:49.607+0000] {processor.py:161} INFO - Started process (PID=35030) to work on /opt/airflow/dags/hello.py
[2024-04-12T08:17:49.608+0000] {processor.py:830} INFO - Processing file /opt/airflow/dags/hello.py for tasks to queue
[2024-04-12T08:17:49.610+0000] {logging_mixin.py:188} INFO - [2024-04-12T08:17:49.610+0000] {dagbag.py:540} INFO - Filling up the DagBag from /opt/airflow/dags/hello.py
[2024-04-12T08:17:49.615+0000] {processor.py:840} INFO - DAG(s) 'hello' retrieved from /opt/airflow/dags/hello.py
[2024-04-12T08:17:49.632+0000] {logging_mixin.py:188} INFO - [2024-04-12T08:17:49.632+0000] {dag.py:3096} INFO - Sync 1 DAGs
[2024-04-12T08:17:49.642+0000] {logging_mixin.py:188} INFO - [2024-04-12T08:17:49.642+0000] {dag.py:3954} INFO - Setting next_dagrun for hello to None, run_after=None
[2024-04-12T08:17:49.662+0000] {processor.py:183} INFO - Processing /opt/airflow/dags/hello.py took 0.060 seconds
[2024-04-12T08:18:20.560+0000] {processor.py:161} INFO - Started process (PID=35302) to work on /opt/airflow/dags/hello.py
[2024-04-12T08:18:20.561+0000] {processor.py:830} INFO - Processing file /opt/airflow/dags/hello.py for tasks to queue
[2024-04-12T08:18:20.563+0000] {logging_mixin.py:188} INFO - [2024-04-12T08:18:20.562+0000] {dagbag.py:540} INFO - Filling up the DagBag from /opt/airflow/dags/hello.py
[2024-04-12T08:18:20.568+0000] {processor.py:840} INFO - DAG(s) 'hello' retrieved from /opt/airflow/dags/hello.py
[2024-04-12T08:18:20.585+0000] {logging_mixin.py:188} INFO - [2024-04-12T08:18:20.584+0000] {dag.py:3096} INFO - Sync 1 DAGs
[2024-04-12T08:18:20.595+0000] {logging_mixin.py:188} INFO - [2024-04-12T08:18:20.595+0000] {dag.py:3954} INFO - Setting next_dagrun for hello to None, run_after=None
[2024-04-12T08:18:20.614+0000] {processor.py:183} INFO - Processing /opt/airflow/dags/hello.py took 0.059 seconds
[2024-04-12T08:18:51.281+0000] {processor.py:161} INFO - Started process (PID=35575) to work on /opt/airflow/dags/hello.py
[2024-04-12T08:18:51.282+0000] {processor.py:830} INFO - Processing file /opt/airflow/dags/hello.py for tasks to queue
[2024-04-12T08:18:51.284+0000] {logging_mixin.py:188} INFO - [2024-04-12T08:18:51.283+0000] {dagbag.py:540} INFO - Filling up the DagBag from /opt/airflow/dags/hello.py
[2024-04-12T08:18:51.289+0000] {processor.py:840} INFO - DAG(s) 'hello' retrieved from /opt/airflow/dags/hello.py
[2024-04-12T08:18:51.306+0000] {logging_mixin.py:188} INFO - [2024-04-12T08:18:51.306+0000] {dag.py:3096} INFO - Sync 1 DAGs
[2024-04-12T08:18:51.317+0000] {logging_mixin.py:188} INFO - [2024-04-12T08:18:51.317+0000] {dag.py:3954} INFO - Setting next_dagrun for hello to None, run_after=None
[2024-04-12T08:18:51.339+0000] {processor.py:183} INFO - Processing /opt/airflow/dags/hello.py took 0.063 seconds
[2024-04-12T08:19:21.484+0000] {processor.py:161} INFO - Started process (PID=35848) to work on /opt/airflow/dags/hello.py
[2024-04-12T08:19:21.485+0000] {processor.py:830} INFO - Processing file /opt/airflow/dags/hello.py for tasks to queue
[2024-04-12T08:19:21.486+0000] {logging_mixin.py:188} INFO - [2024-04-12T08:19:21.486+0000] {dagbag.py:540} INFO - Filling up the DagBag from /opt/airflow/dags/hello.py
[2024-04-12T08:19:21.491+0000] {processor.py:840} INFO - DAG(s) 'hello' retrieved from /opt/airflow/dags/hello.py
[2024-04-12T08:19:21.508+0000] {logging_mixin.py:188} INFO - [2024-04-12T08:19:21.507+0000] {dag.py:3096} INFO - Sync 1 DAGs
[2024-04-12T08:19:21.518+0000] {logging_mixin.py:188} INFO - [2024-04-12T08:19:21.518+0000] {dag.py:3954} INFO - Setting next_dagrun for hello to None, run_after=None
[2024-04-12T08:19:21.538+0000] {processor.py:183} INFO - Processing /opt/airflow/dags/hello.py took 0.059 seconds
[2024-04-12T08:19:51.585+0000] {processor.py:161} INFO - Started process (PID=36120) to work on /opt/airflow/dags/hello.py
[2024-04-12T08:19:51.586+0000] {processor.py:830} INFO - Processing file /opt/airflow/dags/hello.py for tasks to queue
[2024-04-12T08:19:51.587+0000] {logging_mixin.py:188} INFO - [2024-04-12T08:19:51.587+0000] {dagbag.py:540} INFO - Filling up the DagBag from /opt/airflow/dags/hello.py
[2024-04-12T08:19:51.592+0000] {processor.py:840} INFO - DAG(s) 'hello' retrieved from /opt/airflow/dags/hello.py
[2024-04-12T08:19:51.609+0000] {logging_mixin.py:188} INFO - [2024-04-12T08:19:51.609+0000] {dag.py:3096} INFO - Sync 1 DAGs
[2024-04-12T08:19:51.620+0000] {logging_mixin.py:188} INFO - [2024-04-12T08:19:51.619+0000] {dag.py:3954} INFO - Setting next_dagrun for hello to None, run_after=None
[2024-04-12T08:19:51.641+0000] {processor.py:183} INFO - Processing /opt/airflow/dags/hello.py took 0.061 seconds
[2024-04-12T08:20:21.777+0000] {processor.py:161} INFO - Started process (PID=36392) to work on /opt/airflow/dags/hello.py
[2024-04-12T08:20:21.778+0000] {processor.py:830} INFO - Processing file /opt/airflow/dags/hello.py for tasks to queue
[2024-04-12T08:20:21.779+0000] {logging_mixin.py:188} INFO - [2024-04-12T08:20:21.779+0000] {dagbag.py:540} INFO - Filling up the DagBag from /opt/airflow/dags/hello.py
[2024-04-12T08:20:21.784+0000] {processor.py:840} INFO - DAG(s) 'hello' retrieved from /opt/airflow/dags/hello.py
[2024-04-12T08:20:21.802+0000] {logging_mixin.py:188} INFO - [2024-04-12T08:20:21.802+0000] {dag.py:3096} INFO - Sync 1 DAGs
[2024-04-12T08:20:21.812+0000] {logging_mixin.py:188} INFO - [2024-04-12T08:20:21.812+0000] {dag.py:3954} INFO - Setting next_dagrun for hello to None, run_after=None
[2024-04-12T08:20:21.833+0000] {processor.py:183} INFO - Processing /opt/airflow/dags/hello.py took 0.061 seconds
[2024-04-12T08:20:52.607+0000] {processor.py:161} INFO - Started process (PID=36664) to work on /opt/airflow/dags/hello.py
[2024-04-12T08:20:52.608+0000] {processor.py:830} INFO - Processing file /opt/airflow/dags/hello.py for tasks to queue
[2024-04-12T08:20:52.610+0000] {logging_mixin.py:188} INFO - [2024-04-12T08:20:52.609+0000] {dagbag.py:540} INFO - Filling up the DagBag from /opt/airflow/dags/hello.py
[2024-04-12T08:20:52.614+0000] {processor.py:840} INFO - DAG(s) 'hello' retrieved from /opt/airflow/dags/hello.py
[2024-04-12T08:20:52.631+0000] {logging_mixin.py:188} INFO - [2024-04-12T08:20:52.631+0000] {dag.py:3096} INFO - Sync 1 DAGs
[2024-04-12T08:20:52.641+0000] {logging_mixin.py:188} INFO - [2024-04-12T08:20:52.641+0000] {dag.py:3954} INFO - Setting next_dagrun for hello to None, run_after=None
[2024-04-12T08:20:52.661+0000] {processor.py:183} INFO - Processing /opt/airflow/dags/hello.py took 0.059 seconds
[2024-04-12T08:21:23.113+0000] {processor.py:161} INFO - Started process (PID=36936) to work on /opt/airflow/dags/hello.py
[2024-04-12T08:21:23.115+0000] {processor.py:830} INFO - Processing file /opt/airflow/dags/hello.py for tasks to queue
[2024-04-12T08:21:23.117+0000] {logging_mixin.py:188} INFO - [2024-04-12T08:21:23.116+0000] {dagbag.py:540} INFO - Filling up the DagBag from /opt/airflow/dags/hello.py
[2024-04-12T08:21:23.121+0000] {processor.py:840} INFO - DAG(s) 'hello' retrieved from /opt/airflow/dags/hello.py
[2024-04-12T08:21:23.138+0000] {logging_mixin.py:188} INFO - [2024-04-12T08:21:23.138+0000] {dag.py:3096} INFO - Sync 1 DAGs
[2024-04-12T08:21:23.148+0000] {logging_mixin.py:188} INFO - [2024-04-12T08:21:23.148+0000] {dag.py:3954} INFO - Setting next_dagrun for hello to None, run_after=None
[2024-04-12T08:21:23.169+0000] {processor.py:183} INFO - Processing /opt/airflow/dags/hello.py took 0.061 seconds
[2024-04-12T08:21:53.860+0000] {processor.py:161} INFO - Started process (PID=37209) to work on /opt/airflow/dags/hello.py
[2024-04-12T08:21:53.861+0000] {processor.py:830} INFO - Processing file /opt/airflow/dags/hello.py for tasks to queue
[2024-04-12T08:21:53.862+0000] {logging_mixin.py:188} INFO - [2024-04-12T08:21:53.862+0000] {dagbag.py:540} INFO - Filling up the DagBag from /opt/airflow/dags/hello.py
[2024-04-12T08:21:53.869+0000] {processor.py:840} INFO - DAG(s) 'hello' retrieved from /opt/airflow/dags/hello.py
[2024-04-12T08:21:53.888+0000] {logging_mixin.py:188} INFO - [2024-04-12T08:21:53.888+0000] {dag.py:3096} INFO - Sync 1 DAGs
[2024-04-12T08:21:53.899+0000] {logging_mixin.py:188} INFO - [2024-04-12T08:21:53.899+0000] {dag.py:3954} INFO - Setting next_dagrun for hello to None, run_after=None
[2024-04-12T08:21:53.920+0000] {processor.py:183} INFO - Processing /opt/airflow/dags/hello.py took 0.068 seconds
[2024-04-12T08:22:24.320+0000] {processor.py:161} INFO - Started process (PID=37481) to work on /opt/airflow/dags/hello.py
[2024-04-12T08:22:24.325+0000] {processor.py:830} INFO - Processing file /opt/airflow/dags/hello.py for tasks to queue
[2024-04-12T08:22:24.327+0000] {logging_mixin.py:188} INFO - [2024-04-12T08:22:24.326+0000] {dagbag.py:540} INFO - Filling up the DagBag from /opt/airflow/dags/hello.py
[2024-04-12T08:22:24.331+0000] {processor.py:840} INFO - DAG(s) 'hello' retrieved from /opt/airflow/dags/hello.py
[2024-04-12T08:22:24.348+0000] {logging_mixin.py:188} INFO - [2024-04-12T08:22:24.348+0000] {dag.py:3096} INFO - Sync 1 DAGs
[2024-04-12T08:22:24.359+0000] {logging_mixin.py:188} INFO - [2024-04-12T08:22:24.358+0000] {dag.py:3954} INFO - Setting next_dagrun for hello to None, run_after=None
[2024-04-12T08:22:24.379+0000] {processor.py:183} INFO - Processing /opt/airflow/dags/hello.py took 0.065 seconds
[2024-04-12T08:22:54.666+0000] {processor.py:161} INFO - Started process (PID=37753) to work on /opt/airflow/dags/hello.py
[2024-04-12T08:22:54.667+0000] {processor.py:830} INFO - Processing file /opt/airflow/dags/hello.py for tasks to queue
[2024-04-12T08:22:54.669+0000] {logging_mixin.py:188} INFO - [2024-04-12T08:22:54.668+0000] {dagbag.py:540} INFO - Filling up the DagBag from /opt/airflow/dags/hello.py
[2024-04-12T08:22:54.674+0000] {processor.py:840} INFO - DAG(s) 'hello' retrieved from /opt/airflow/dags/hello.py
[2024-04-12T08:22:54.691+0000] {logging_mixin.py:188} INFO - [2024-04-12T08:22:54.691+0000] {dag.py:3096} INFO - Sync 1 DAGs
[2024-04-12T08:22:54.702+0000] {logging_mixin.py:188} INFO - [2024-04-12T08:22:54.702+0000] {dag.py:3954} INFO - Setting next_dagrun for hello to None, run_after=None
[2024-04-12T08:22:54.722+0000] {processor.py:183} INFO - Processing /opt/airflow/dags/hello.py took 0.061 seconds
[2024-04-12T08:23:25.015+0000] {processor.py:161} INFO - Started process (PID=38025) to work on /opt/airflow/dags/hello.py
[2024-04-12T08:23:25.016+0000] {processor.py:830} INFO - Processing file /opt/airflow/dags/hello.py for tasks to queue
[2024-04-12T08:23:25.018+0000] {logging_mixin.py:188} INFO - [2024-04-12T08:23:25.018+0000] {dagbag.py:540} INFO - Filling up the DagBag from /opt/airflow/dags/hello.py
[2024-04-12T08:23:25.025+0000] {processor.py:840} INFO - DAG(s) 'hello' retrieved from /opt/airflow/dags/hello.py
[2024-04-12T08:23:25.043+0000] {logging_mixin.py:188} INFO - [2024-04-12T08:23:25.042+0000] {dag.py:3096} INFO - Sync 1 DAGs
[2024-04-12T08:23:25.054+0000] {logging_mixin.py:188} INFO - [2024-04-12T08:23:25.054+0000] {dag.py:3954} INFO - Setting next_dagrun for hello to None, run_after=None
[2024-04-12T08:23:25.074+0000] {processor.py:183} INFO - Processing /opt/airflow/dags/hello.py took 0.066 seconds
[2024-04-12T08:23:55.854+0000] {processor.py:161} INFO - Started process (PID=38297) to work on /opt/airflow/dags/hello.py
[2024-04-12T08:23:55.856+0000] {processor.py:830} INFO - Processing file /opt/airflow/dags/hello.py for tasks to queue
[2024-04-12T08:23:55.858+0000] {logging_mixin.py:188} INFO - [2024-04-12T08:23:55.857+0000] {dagbag.py:540} INFO - Filling up the DagBag from /opt/airflow/dags/hello.py
[2024-04-12T08:23:55.863+0000] {processor.py:840} INFO - DAG(s) 'hello' retrieved from /opt/airflow/dags/hello.py
[2024-04-12T08:23:55.884+0000] {logging_mixin.py:188} INFO - [2024-04-12T08:23:55.884+0000] {dag.py:3096} INFO - Sync 1 DAGs
[2024-04-12T08:23:55.898+0000] {logging_mixin.py:188} INFO - [2024-04-12T08:23:55.897+0000] {dag.py:3954} INFO - Setting next_dagrun for hello to None, run_after=None
[2024-04-12T08:23:55.917+0000] {processor.py:183} INFO - Processing /opt/airflow/dags/hello.py took 0.068 seconds
[2024-04-12T08:24:26.369+0000] {processor.py:161} INFO - Started process (PID=38568) to work on /opt/airflow/dags/hello.py
[2024-04-12T08:24:26.370+0000] {processor.py:830} INFO - Processing file /opt/airflow/dags/hello.py for tasks to queue
[2024-04-12T08:24:26.372+0000] {logging_mixin.py:188} INFO - [2024-04-12T08:24:26.371+0000] {dagbag.py:540} INFO - Filling up the DagBag from /opt/airflow/dags/hello.py
[2024-04-12T08:24:26.377+0000] {processor.py:840} INFO - DAG(s) 'hello' retrieved from /opt/airflow/dags/hello.py
[2024-04-12T08:24:26.394+0000] {logging_mixin.py:188} INFO - [2024-04-12T08:24:26.394+0000] {dag.py:3096} INFO - Sync 1 DAGs
[2024-04-12T08:24:26.404+0000] {logging_mixin.py:188} INFO - [2024-04-12T08:24:26.404+0000] {dag.py:3954} INFO - Setting next_dagrun for hello to None, run_after=None
[2024-04-12T08:24:26.424+0000] {processor.py:183} INFO - Processing /opt/airflow/dags/hello.py took 0.061 seconds
[2024-04-12T08:24:56.517+0000] {processor.py:161} INFO - Started process (PID=38840) to work on /opt/airflow/dags/hello.py
[2024-04-12T08:24:56.518+0000] {processor.py:830} INFO - Processing file /opt/airflow/dags/hello.py for tasks to queue
[2024-04-12T08:24:56.520+0000] {logging_mixin.py:188} INFO - [2024-04-12T08:24:56.520+0000] {dagbag.py:540} INFO - Filling up the DagBag from /opt/airflow/dags/hello.py
[2024-04-12T08:24:56.525+0000] {processor.py:840} INFO - DAG(s) 'hello' retrieved from /opt/airflow/dags/hello.py
[2024-04-12T08:24:56.542+0000] {logging_mixin.py:188} INFO - [2024-04-12T08:24:56.542+0000] {dag.py:3096} INFO - Sync 1 DAGs
[2024-04-12T08:24:56.553+0000] {logging_mixin.py:188} INFO - [2024-04-12T08:24:56.553+0000] {dag.py:3954} INFO - Setting next_dagrun for hello to None, run_after=None
[2024-04-12T08:24:56.572+0000] {processor.py:183} INFO - Processing /opt/airflow/dags/hello.py took 0.060 seconds
[2024-04-12T08:25:26.641+0000] {processor.py:161} INFO - Started process (PID=39112) to work on /opt/airflow/dags/hello.py
[2024-04-12T08:25:26.642+0000] {processor.py:830} INFO - Processing file /opt/airflow/dags/hello.py for tasks to queue
[2024-04-12T08:25:26.645+0000] {logging_mixin.py:188} INFO - [2024-04-12T08:25:26.644+0000] {dagbag.py:540} INFO - Filling up the DagBag from /opt/airflow/dags/hello.py
[2024-04-12T08:25:26.652+0000] {processor.py:840} INFO - DAG(s) 'hello' retrieved from /opt/airflow/dags/hello.py
[2024-04-12T08:25:26.677+0000] {logging_mixin.py:188} INFO - [2024-04-12T08:25:26.677+0000] {dag.py:3096} INFO - Sync 1 DAGs
[2024-04-12T08:25:26.695+0000] {logging_mixin.py:188} INFO - [2024-04-12T08:25:26.695+0000] {dag.py:3954} INFO - Setting next_dagrun for hello to None, run_after=None
[2024-04-12T08:25:26.726+0000] {processor.py:183} INFO - Processing /opt/airflow/dags/hello.py took 0.091 seconds
[2024-04-12T08:25:56.998+0000] {processor.py:161} INFO - Started process (PID=39384) to work on /opt/airflow/dags/hello.py
[2024-04-12T08:25:56.999+0000] {processor.py:830} INFO - Processing file /opt/airflow/dags/hello.py for tasks to queue
[2024-04-12T08:25:57.001+0000] {logging_mixin.py:188} INFO - [2024-04-12T08:25:57.000+0000] {dagbag.py:540} INFO - Filling up the DagBag from /opt/airflow/dags/hello.py
[2024-04-12T08:25:57.006+0000] {processor.py:840} INFO - DAG(s) 'hello' retrieved from /opt/airflow/dags/hello.py
[2024-04-12T08:25:57.023+0000] {logging_mixin.py:188} INFO - [2024-04-12T08:25:57.023+0000] {dag.py:3096} INFO - Sync 1 DAGs
[2024-04-12T08:25:57.034+0000] {logging_mixin.py:188} INFO - [2024-04-12T08:25:57.034+0000] {dag.py:3954} INFO - Setting next_dagrun for hello to None, run_after=None
[2024-04-12T08:25:57.053+0000] {processor.py:183} INFO - Processing /opt/airflow/dags/hello.py took 0.060 seconds
[2024-04-12T08:26:27.502+0000] {processor.py:161} INFO - Started process (PID=39656) to work on /opt/airflow/dags/hello.py
[2024-04-12T08:26:27.503+0000] {processor.py:830} INFO - Processing file /opt/airflow/dags/hello.py for tasks to queue
[2024-04-12T08:26:27.505+0000] {logging_mixin.py:188} INFO - [2024-04-12T08:26:27.505+0000] {dagbag.py:540} INFO - Filling up the DagBag from /opt/airflow/dags/hello.py
[2024-04-12T08:26:27.510+0000] {processor.py:840} INFO - DAG(s) 'hello' retrieved from /opt/airflow/dags/hello.py
[2024-04-12T08:26:27.526+0000] {logging_mixin.py:188} INFO - [2024-04-12T08:26:27.526+0000] {dag.py:3096} INFO - Sync 1 DAGs
[2024-04-12T08:26:27.537+0000] {logging_mixin.py:188} INFO - [2024-04-12T08:26:27.537+0000] {dag.py:3954} INFO - Setting next_dagrun for hello to None, run_after=None
[2024-04-12T08:26:27.558+0000] {processor.py:183} INFO - Processing /opt/airflow/dags/hello.py took 0.060 seconds
[2024-04-12T08:26:58.339+0000] {processor.py:161} INFO - Started process (PID=39928) to work on /opt/airflow/dags/hello.py
[2024-04-12T08:26:58.341+0000] {processor.py:830} INFO - Processing file /opt/airflow/dags/hello.py for tasks to queue
[2024-04-12T08:26:58.342+0000] {logging_mixin.py:188} INFO - [2024-04-12T08:26:58.342+0000] {dagbag.py:540} INFO - Filling up the DagBag from /opt/airflow/dags/hello.py
[2024-04-12T08:26:58.347+0000] {processor.py:840} INFO - DAG(s) 'hello' retrieved from /opt/airflow/dags/hello.py
[2024-04-12T08:26:58.364+0000] {logging_mixin.py:188} INFO - [2024-04-12T08:26:58.364+0000] {dag.py:3096} INFO - Sync 1 DAGs
[2024-04-12T08:26:58.381+0000] {logging_mixin.py:188} INFO - [2024-04-12T08:26:58.380+0000] {dag.py:3954} INFO - Setting next_dagrun for hello to None, run_after=None
[2024-04-12T08:26:58.401+0000] {processor.py:183} INFO - Processing /opt/airflow/dags/hello.py took 0.066 seconds
