[2024-04-12T07:27:16.966+0000] {processor.py:161} INFO - Started process (PID=8093) to work on /opt/airflow/dags/my_first_dag.py
[2024-04-12T07:27:16.967+0000] {processor.py:830} INFO - Processing file /opt/airflow/dags/my_first_dag.py for tasks to queue
[2024-04-12T07:27:16.969+0000] {logging_mixin.py:188} INFO - [2024-04-12T07:27:16.969+0000] {dagbag.py:540} INFO - Filling up the DagBag from /opt/airflow/dags/my_first_dag.py
[2024-04-12T07:27:16.972+0000] {logging_mixin.py:188} INFO - [2024-04-12T07:27:16.971+0000] {dagbag.py:350} ERROR - Failed to import: /opt/airflow/dags/my_first_dag.py
Traceback (most recent call last):
  File "/home/airflow/.local/lib/python3.12/site-packages/airflow/models/dagbag.py", line 346, in parse
    loader.exec_module(new_module)
  File "<frozen importlib._bootstrap_external>", line 991, in exec_module
  File "<frozen importlib._bootstrap_external>", line 1129, in get_code
  File "<frozen importlib._bootstrap_external>", line 1059, in source_to_code
  File "<frozen importlib._bootstrap>", line 488, in _call_with_frames_removed
  File "/opt/airflow/dags/my_first_dag.py", line 8
    ):
      ^
IndentationError: expected an indented block after 'with' statement on line 4
[2024-04-12T07:27:16.974+0000] {processor.py:842} WARNING - No viable dags retrieved from /opt/airflow/dags/my_first_dag.py
[2024-04-12T07:27:17.002+0000] {processor.py:183} INFO - Processing /opt/airflow/dags/my_first_dag.py took 0.042 seconds
[2024-04-12T07:27:47.102+0000] {processor.py:161} INFO - Started process (PID=8360) to work on /opt/airflow/dags/my_first_dag.py
[2024-04-12T07:27:47.103+0000] {processor.py:830} INFO - Processing file /opt/airflow/dags/my_first_dag.py for tasks to queue
[2024-04-12T07:27:47.104+0000] {logging_mixin.py:188} INFO - [2024-04-12T07:27:47.104+0000] {dagbag.py:540} INFO - Filling up the DagBag from /opt/airflow/dags/my_first_dag.py
[2024-04-12T07:27:47.107+0000] {logging_mixin.py:188} INFO - [2024-04-12T07:27:47.106+0000] {dagbag.py:350} ERROR - Failed to import: /opt/airflow/dags/my_first_dag.py
Traceback (most recent call last):
  File "/home/airflow/.local/lib/python3.12/site-packages/airflow/models/dagbag.py", line 346, in parse
    loader.exec_module(new_module)
  File "<frozen importlib._bootstrap_external>", line 991, in exec_module
  File "<frozen importlib._bootstrap_external>", line 1129, in get_code
  File "<frozen importlib._bootstrap_external>", line 1059, in source_to_code
  File "<frozen importlib._bootstrap>", line 488, in _call_with_frames_removed
  File "/opt/airflow/dags/my_first_dag.py", line 8
    ):
      ^
IndentationError: expected an indented block after 'with' statement on line 4
[2024-04-12T07:27:47.107+0000] {processor.py:842} WARNING - No viable dags retrieved from /opt/airflow/dags/my_first_dag.py
[2024-04-12T07:27:47.130+0000] {processor.py:183} INFO - Processing /opt/airflow/dags/my_first_dag.py took 0.033 seconds
[2024-04-12T07:28:17.366+0000] {processor.py:161} INFO - Started process (PID=8627) to work on /opt/airflow/dags/my_first_dag.py
[2024-04-12T07:28:17.376+0000] {processor.py:830} INFO - Processing file /opt/airflow/dags/my_first_dag.py for tasks to queue
[2024-04-12T07:28:17.379+0000] {logging_mixin.py:188} INFO - [2024-04-12T07:28:17.378+0000] {dagbag.py:540} INFO - Filling up the DagBag from /opt/airflow/dags/my_first_dag.py
[2024-04-12T07:28:17.382+0000] {logging_mixin.py:188} INFO - [2024-04-12T07:28:17.381+0000] {dagbag.py:350} ERROR - Failed to import: /opt/airflow/dags/my_first_dag.py
Traceback (most recent call last):
  File "/home/airflow/.local/lib/python3.12/site-packages/airflow/models/dagbag.py", line 346, in parse
    loader.exec_module(new_module)
  File "<frozen importlib._bootstrap_external>", line 991, in exec_module
  File "<frozen importlib._bootstrap_external>", line 1129, in get_code
  File "<frozen importlib._bootstrap_external>", line 1059, in source_to_code
  File "<frozen importlib._bootstrap>", line 488, in _call_with_frames_removed
  File "/opt/airflow/dags/my_first_dag.py", line 8
    ):
      ^
IndentationError: expected an indented block after 'with' statement on line 4
[2024-04-12T07:28:17.385+0000] {processor.py:842} WARNING - No viable dags retrieved from /opt/airflow/dags/my_first_dag.py
[2024-04-12T07:28:17.416+0000] {processor.py:183} INFO - Processing /opt/airflow/dags/my_first_dag.py took 0.060 seconds
[2024-04-12T07:28:47.523+0000] {processor.py:161} INFO - Started process (PID=8894) to work on /opt/airflow/dags/my_first_dag.py
[2024-04-12T07:28:47.525+0000] {processor.py:830} INFO - Processing file /opt/airflow/dags/my_first_dag.py for tasks to queue
[2024-04-12T07:28:47.527+0000] {logging_mixin.py:188} INFO - [2024-04-12T07:28:47.526+0000] {dagbag.py:540} INFO - Filling up the DagBag from /opt/airflow/dags/my_first_dag.py
[2024-04-12T07:28:47.531+0000] {logging_mixin.py:188} INFO - [2024-04-12T07:28:47.530+0000] {dagbag.py:350} ERROR - Failed to import: /opt/airflow/dags/my_first_dag.py
Traceback (most recent call last):
  File "/home/airflow/.local/lib/python3.12/site-packages/airflow/models/dagbag.py", line 346, in parse
    loader.exec_module(new_module)
  File "<frozen importlib._bootstrap_external>", line 991, in exec_module
  File "<frozen importlib._bootstrap_external>", line 1129, in get_code
  File "<frozen importlib._bootstrap_external>", line 1059, in source_to_code
  File "<frozen importlib._bootstrap>", line 488, in _call_with_frames_removed
  File "/opt/airflow/dags/my_first_dag.py", line 8
    ):
      ^
IndentationError: expected an indented block after 'with' statement on line 4
[2024-04-12T07:28:47.532+0000] {processor.py:842} WARNING - No viable dags retrieved from /opt/airflow/dags/my_first_dag.py
[2024-04-12T07:28:47.555+0000] {processor.py:183} INFO - Processing /opt/airflow/dags/my_first_dag.py took 0.037 seconds
[2024-04-12T07:28:49.938+0000] {processor.py:161} INFO - Started process (PID=8929) to work on /opt/airflow/dags/my_first_dag.py
[2024-04-12T07:28:49.939+0000] {processor.py:830} INFO - Processing file /opt/airflow/dags/my_first_dag.py for tasks to queue
[2024-04-12T07:28:49.940+0000] {logging_mixin.py:188} INFO - [2024-04-12T07:28:49.940+0000] {dagbag.py:540} INFO - Filling up the DagBag from /opt/airflow/dags/my_first_dag.py
[2024-04-12T07:28:49.942+0000] {logging_mixin.py:188} INFO - [2024-04-12T07:28:49.942+0000] {dagbag.py:350} ERROR - Failed to import: /opt/airflow/dags/my_first_dag.py
Traceback (most recent call last):
  File "/home/airflow/.local/lib/python3.12/site-packages/airflow/models/dagbag.py", line 346, in parse
    loader.exec_module(new_module)
  File "<frozen importlib._bootstrap_external>", line 991, in exec_module
  File "<frozen importlib._bootstrap_external>", line 1129, in get_code
  File "<frozen importlib._bootstrap_external>", line 1059, in source_to_code
  File "<frozen importlib._bootstrap>", line 488, in _call_with_frames_removed
  File "/opt/airflow/dags/my_first_dag.py", line 8
    ):
      ^
IndentationError: expected an indented block after 'with' statement on line 4
[2024-04-12T07:28:49.943+0000] {processor.py:842} WARNING - No viable dags retrieved from /opt/airflow/dags/my_first_dag.py
[2024-04-12T07:28:49.964+0000] {processor.py:183} INFO - Processing /opt/airflow/dags/my_first_dag.py took 0.031 seconds
[2024-04-12T07:28:54.669+0000] {processor.py:161} INFO - Started process (PID=8977) to work on /opt/airflow/dags/my_first_dag.py
[2024-04-12T07:28:54.670+0000] {processor.py:830} INFO - Processing file /opt/airflow/dags/my_first_dag.py for tasks to queue
[2024-04-12T07:28:54.672+0000] {logging_mixin.py:188} INFO - [2024-04-12T07:28:54.672+0000] {dagbag.py:540} INFO - Filling up the DagBag from /opt/airflow/dags/my_first_dag.py
[2024-04-12T07:28:54.675+0000] {logging_mixin.py:188} INFO - [2024-04-12T07:28:54.674+0000] {dagbag.py:350} ERROR - Failed to import: /opt/airflow/dags/my_first_dag.py
Traceback (most recent call last):
  File "/home/airflow/.local/lib/python3.12/site-packages/airflow/models/dagbag.py", line 346, in parse
    loader.exec_module(new_module)
  File "<frozen importlib._bootstrap_external>", line 991, in exec_module
  File "<frozen importlib._bootstrap_external>", line 1129, in get_code
  File "<frozen importlib._bootstrap_external>", line 1059, in source_to_code
  File "<frozen importlib._bootstrap>", line 488, in _call_with_frames_removed
  File "/opt/airflow/dags/my_first_dag.py", line 9
    
    ^
IndentationError: expected an indented block after 'with' statement on line 4
[2024-04-12T07:28:54.676+0000] {processor.py:842} WARNING - No viable dags retrieved from /opt/airflow/dags/my_first_dag.py
[2024-04-12T07:28:54.699+0000] {processor.py:183} INFO - Processing /opt/airflow/dags/my_first_dag.py took 0.038 seconds
[2024-04-12T07:28:56.709+0000] {processor.py:161} INFO - Started process (PID=8984) to work on /opt/airflow/dags/my_first_dag.py
[2024-04-12T07:28:56.710+0000] {processor.py:830} INFO - Processing file /opt/airflow/dags/my_first_dag.py for tasks to queue
[2024-04-12T07:28:56.711+0000] {logging_mixin.py:188} INFO - [2024-04-12T07:28:56.711+0000] {dagbag.py:540} INFO - Filling up the DagBag from /opt/airflow/dags/my_first_dag.py
[2024-04-12T07:28:56.716+0000] {logging_mixin.py:188} INFO - [2024-04-12T07:28:56.713+0000] {dagbag.py:350} ERROR - Failed to import: /opt/airflow/dags/my_first_dag.py
Traceback (most recent call last):
  File "/home/airflow/.local/lib/python3.12/site-packages/airflow/models/dagbag.py", line 346, in parse
    loader.exec_module(new_module)
  File "<frozen importlib._bootstrap_external>", line 995, in exec_module
  File "<frozen importlib._bootstrap>", line 488, in _call_with_frames_removed
  File "/opt/airflow/dags/my_first_dag.py", line 6, in <module>
    start_date=timezone.datetime(2024, 3, 23),
               ^^^^^^^^
NameError: name 'timezone' is not defined
[2024-04-12T07:28:56.719+0000] {processor.py:842} WARNING - No viable dags retrieved from /opt/airflow/dags/my_first_dag.py
[2024-04-12T07:28:56.741+0000] {processor.py:183} INFO - Processing /opt/airflow/dags/my_first_dag.py took 0.037 seconds
[2024-04-12T07:28:58.750+0000] {processor.py:161} INFO - Started process (PID=8995) to work on /opt/airflow/dags/my_first_dag.py
[2024-04-12T07:28:58.752+0000] {processor.py:830} INFO - Processing file /opt/airflow/dags/my_first_dag.py for tasks to queue
[2024-04-12T07:28:58.754+0000] {logging_mixin.py:188} INFO - [2024-04-12T07:28:58.753+0000] {dagbag.py:540} INFO - Filling up the DagBag from /opt/airflow/dags/my_first_dag.py
[2024-04-12T07:28:58.763+0000] {logging_mixin.py:188} INFO - [2024-04-12T07:28:58.758+0000] {dagbag.py:350} ERROR - Failed to import: /opt/airflow/dags/my_first_dag.py
Traceback (most recent call last):
  File "/home/airflow/.local/lib/python3.12/site-packages/airflow/models/dagbag.py", line 346, in parse
    loader.exec_module(new_module)
  File "<frozen importlib._bootstrap_external>", line 995, in exec_module
  File "<frozen importlib._bootstrap>", line 488, in _call_with_frames_removed
  File "/opt/airflow/dags/my_first_dag.py", line 6, in <module>
    start_date=timezone.datetime(2024, 3, 23),
               ^^^^^^^^
NameError: name 'timezone' is not defined
[2024-04-12T07:28:58.766+0000] {processor.py:842} WARNING - No viable dags retrieved from /opt/airflow/dags/my_first_dag.py
[2024-04-12T07:28:58.787+0000] {processor.py:183} INFO - Processing /opt/airflow/dags/my_first_dag.py took 0.045 seconds
[2024-04-12T07:29:03.315+0000] {processor.py:161} INFO - Started process (PID=9033) to work on /opt/airflow/dags/my_first_dag.py
[2024-04-12T07:29:03.327+0000] {processor.py:830} INFO - Processing file /opt/airflow/dags/my_first_dag.py for tasks to queue
[2024-04-12T07:29:03.365+0000] {logging_mixin.py:188} INFO - [2024-04-12T07:29:03.364+0000] {dagbag.py:540} INFO - Filling up the DagBag from /opt/airflow/dags/my_first_dag.py
[2024-04-12T07:29:03.394+0000] {logging_mixin.py:188} INFO - [2024-04-12T07:29:03.380+0000] {dagbag.py:350} ERROR - Failed to import: /opt/airflow/dags/my_first_dag.py
Traceback (most recent call last):
  File "/home/airflow/.local/lib/python3.12/site-packages/airflow/models/dagbag.py", line 346, in parse
    loader.exec_module(new_module)
  File "<frozen importlib._bootstrap_external>", line 995, in exec_module
  File "<frozen importlib._bootstrap>", line 488, in _call_with_frames_removed
  File "/opt/airflow/dags/my_first_dag.py", line 6, in <module>
    start_date=timezone.datetime(2024, 3, 23),
               ^^^^^^^^
NameError: name 'timezone' is not defined
[2024-04-12T07:29:03.407+0000] {processor.py:842} WARNING - No viable dags retrieved from /opt/airflow/dags/my_first_dag.py
[2024-04-12T07:29:03.472+0000] {processor.py:183} INFO - Processing /opt/airflow/dags/my_first_dag.py took 0.180 seconds
[2024-04-12T07:29:16.917+0000] {processor.py:161} INFO - Started process (PID=9181) to work on /opt/airflow/dags/my_first_dag.py
[2024-04-12T07:29:16.918+0000] {processor.py:830} INFO - Processing file /opt/airflow/dags/my_first_dag.py for tasks to queue
[2024-04-12T07:29:16.920+0000] {logging_mixin.py:188} INFO - [2024-04-12T07:29:16.920+0000] {dagbag.py:540} INFO - Filling up the DagBag from /opt/airflow/dags/my_first_dag.py
[2024-04-12T07:29:16.928+0000] {logging_mixin.py:188} INFO - [2024-04-12T07:29:16.923+0000] {dagbag.py:350} ERROR - Failed to import: /opt/airflow/dags/my_first_dag.py
Traceback (most recent call last):
  File "/home/airflow/.local/lib/python3.12/site-packages/airflow/models/dagbag.py", line 346, in parse
    loader.exec_module(new_module)
  File "<frozen importlib._bootstrap_external>", line 995, in exec_module
  File "<frozen importlib._bootstrap>", line 488, in _call_with_frames_removed
  File "/opt/airflow/dags/my_first_dag.py", line 6, in <module>
    start_date=timezone.datetime(2024, 3, 23),
               ^^^^^^^^
NameError: name 'timezone' is not defined
[2024-04-12T07:29:16.932+0000] {processor.py:842} WARNING - No viable dags retrieved from /opt/airflow/dags/my_first_dag.py
[2024-04-12T07:29:16.962+0000] {processor.py:183} INFO - Processing /opt/airflow/dags/my_first_dag.py took 0.051 seconds
[2024-04-12T07:29:19.045+0000] {processor.py:161} INFO - Started process (PID=9196) to work on /opt/airflow/dags/my_first_dag.py
[2024-04-12T07:29:19.046+0000] {processor.py:830} INFO - Processing file /opt/airflow/dags/my_first_dag.py for tasks to queue
[2024-04-12T07:29:19.048+0000] {logging_mixin.py:188} INFO - [2024-04-12T07:29:19.048+0000] {dagbag.py:540} INFO - Filling up the DagBag from /opt/airflow/dags/my_first_dag.py
[2024-04-12T07:29:19.056+0000] {logging_mixin.py:188} INFO - [2024-04-12T07:29:19.052+0000] {dagbag.py:350} ERROR - Failed to import: /opt/airflow/dags/my_first_dag.py
Traceback (most recent call last):
  File "/home/airflow/.local/lib/python3.12/site-packages/airflow/models/dagbag.py", line 346, in parse
    loader.exec_module(new_module)
  File "<frozen importlib._bootstrap_external>", line 995, in exec_module
  File "<frozen importlib._bootstrap>", line 488, in _call_with_frames_removed
  File "/opt/airflow/dags/my_first_dag.py", line 6, in <module>
    start_date=timezone.datetime(2024, 3, 23),
               ^^^^^^^^
NameError: name 'timezone' is not defined
[2024-04-12T07:29:19.061+0000] {processor.py:842} WARNING - No viable dags retrieved from /opt/airflow/dags/my_first_dag.py
[2024-04-12T07:29:19.089+0000] {processor.py:183} INFO - Processing /opt/airflow/dags/my_first_dag.py took 0.050 seconds
[2024-04-12T07:29:35.689+0000] {processor.py:161} INFO - Started process (PID=9336) to work on /opt/airflow/dags/my_first_dag.py
[2024-04-12T07:29:35.690+0000] {processor.py:830} INFO - Processing file /opt/airflow/dags/my_first_dag.py for tasks to queue
[2024-04-12T07:29:35.692+0000] {logging_mixin.py:188} INFO - [2024-04-12T07:29:35.692+0000] {dagbag.py:540} INFO - Filling up the DagBag from /opt/airflow/dags/my_first_dag.py
[2024-04-12T07:29:35.701+0000] {logging_mixin.py:188} INFO - [2024-04-12T07:29:35.697+0000] {dagbag.py:350} ERROR - Failed to import: /opt/airflow/dags/my_first_dag.py
Traceback (most recent call last):
  File "/home/airflow/.local/lib/python3.12/site-packages/airflow/models/dagbag.py", line 346, in parse
    loader.exec_module(new_module)
  File "<frozen importlib._bootstrap_external>", line 995, in exec_module
  File "<frozen importlib._bootstrap>", line 488, in _call_with_frames_removed
  File "/opt/airflow/dags/my_first_dag.py", line 6, in <module>
    start_date=timezone.datetime(2024, 3, 23),
               ^^^^^^^^
NameError: name 'timezone' is not defined
[2024-04-12T07:29:35.708+0000] {processor.py:842} WARNING - No viable dags retrieved from /opt/airflow/dags/my_first_dag.py
[2024-04-12T07:29:35.737+0000] {processor.py:183} INFO - Processing /opt/airflow/dags/my_first_dag.py took 0.059 seconds
[2024-04-12T07:29:51.159+0000] {processor.py:161} INFO - Started process (PID=9493) to work on /opt/airflow/dags/my_first_dag.py
[2024-04-12T07:29:51.159+0000] {processor.py:830} INFO - Processing file /opt/airflow/dags/my_first_dag.py for tasks to queue
[2024-04-12T07:29:51.161+0000] {logging_mixin.py:188} INFO - [2024-04-12T07:29:51.161+0000] {dagbag.py:540} INFO - Filling up the DagBag from /opt/airflow/dags/my_first_dag.py
[2024-04-12T07:29:51.166+0000] {logging_mixin.py:188} INFO - [2024-04-12T07:29:51.164+0000] {dagbag.py:350} ERROR - Failed to import: /opt/airflow/dags/my_first_dag.py
Traceback (most recent call last):
  File "/home/airflow/.local/lib/python3.12/site-packages/airflow/models/dagbag.py", line 346, in parse
    loader.exec_module(new_module)
  File "<frozen importlib._bootstrap_external>", line 995, in exec_module
  File "<frozen importlib._bootstrap>", line 488, in _call_with_frames_removed
  File "/opt/airflow/dags/my_first_dag.py", line 6, in <module>
    start_date=timezone.datetime(2024, 3, 23),
               ^^^^^^^^
NameError: name 'timezone' is not defined
[2024-04-12T07:29:51.169+0000] {processor.py:842} WARNING - No viable dags retrieved from /opt/airflow/dags/my_first_dag.py
[2024-04-12T07:29:51.189+0000] {processor.py:183} INFO - Processing /opt/airflow/dags/my_first_dag.py took 0.036 seconds
[2024-04-12T07:29:58.948+0000] {processor.py:161} INFO - Started process (PID=9549) to work on /opt/airflow/dags/my_first_dag.py
[2024-04-12T07:29:58.949+0000] {processor.py:830} INFO - Processing file /opt/airflow/dags/my_first_dag.py for tasks to queue
[2024-04-12T07:29:58.950+0000] {logging_mixin.py:188} INFO - [2024-04-12T07:29:58.950+0000] {dagbag.py:540} INFO - Filling up the DagBag from /opt/airflow/dags/my_first_dag.py
[2024-04-12T07:29:58.957+0000] {logging_mixin.py:188} INFO - [2024-04-12T07:29:58.952+0000] {dagbag.py:350} ERROR - Failed to import: /opt/airflow/dags/my_first_dag.py
Traceback (most recent call last):
  File "/home/airflow/.local/lib/python3.12/site-packages/airflow/models/dagbag.py", line 346, in parse
    loader.exec_module(new_module)
  File "<frozen importlib._bootstrap_external>", line 995, in exec_module
  File "<frozen importlib._bootstrap>", line 488, in _call_with_frames_removed
  File "/opt/airflow/dags/my_first_dag.py", line 6, in <module>
    start_date=timezone.datetime(2024, 3, 23),
               ^^^^^^^^
NameError: name 'timezone' is not defined
[2024-04-12T07:29:58.962+0000] {processor.py:842} WARNING - No viable dags retrieved from /opt/airflow/dags/my_first_dag.py
[2024-04-12T07:29:58.989+0000] {processor.py:183} INFO - Processing /opt/airflow/dags/my_first_dag.py took 0.046 seconds
[2024-04-12T07:30:09.101+0000] {processor.py:161} INFO - Started process (PID=9635) to work on /opt/airflow/dags/my_first_dag.py
[2024-04-12T07:30:09.102+0000] {processor.py:830} INFO - Processing file /opt/airflow/dags/my_first_dag.py for tasks to queue
[2024-04-12T07:30:09.104+0000] {logging_mixin.py:188} INFO - [2024-04-12T07:30:09.104+0000] {dagbag.py:540} INFO - Filling up the DagBag from /opt/airflow/dags/my_first_dag.py
[2024-04-12T07:30:09.108+0000] {processor.py:840} INFO - DAG(s) 'my_first_dag' retrieved from /opt/airflow/dags/my_first_dag.py
[2024-04-12T07:30:09.233+0000] {logging_mixin.py:188} INFO - [2024-04-12T07:30:09.232+0000] {override.py:1829} INFO - Created Permission View: can delete on DAG:my_first_dag
[2024-04-12T07:30:09.261+0000] {logging_mixin.py:188} INFO - [2024-04-12T07:30:09.261+0000] {override.py:1829} INFO - Created Permission View: can read on DAG:my_first_dag
[2024-04-12T07:30:09.272+0000] {logging_mixin.py:188} INFO - [2024-04-12T07:30:09.272+0000] {override.py:1829} INFO - Created Permission View: can edit on DAG:my_first_dag
[2024-04-12T07:30:09.273+0000] {logging_mixin.py:188} INFO - [2024-04-12T07:30:09.272+0000] {dag.py:3096} INFO - Sync 1 DAGs
[2024-04-12T07:30:09.284+0000] {logging_mixin.py:188} INFO - [2024-04-12T07:30:09.284+0000] {dag.py:3118} INFO - Creating ORM DAG for my_first_dag
[2024-04-12T07:30:09.285+0000] {logging_mixin.py:188} INFO - [2024-04-12T07:30:09.285+0000] {dag.py:3954} INFO - Setting next_dagrun for my_first_dag to None, run_after=None
[2024-04-12T07:30:09.313+0000] {processor.py:183} INFO - Processing /opt/airflow/dags/my_first_dag.py took 0.217 seconds
[2024-04-12T07:30:26.624+0000] {processor.py:161} INFO - Started process (PID=9790) to work on /opt/airflow/dags/my_first_dag.py
[2024-04-12T07:30:26.625+0000] {processor.py:830} INFO - Processing file /opt/airflow/dags/my_first_dag.py for tasks to queue
[2024-04-12T07:30:26.627+0000] {logging_mixin.py:188} INFO - [2024-04-12T07:30:26.627+0000] {dagbag.py:540} INFO - Filling up the DagBag from /opt/airflow/dags/my_first_dag.py
[2024-04-12T07:30:26.634+0000] {processor.py:840} INFO - DAG(s) 'my_first_dag' retrieved from /opt/airflow/dags/my_first_dag.py
[2024-04-12T07:30:26.648+0000] {logging_mixin.py:188} INFO - [2024-04-12T07:30:26.648+0000] {dag.py:3096} INFO - Sync 1 DAGs
[2024-04-12T07:30:26.670+0000] {logging_mixin.py:188} INFO - [2024-04-12T07:30:26.670+0000] {dag.py:3954} INFO - Setting next_dagrun for my_first_dag to None, run_after=None
[2024-04-12T07:30:26.697+0000] {processor.py:183} INFO - Processing /opt/airflow/dags/my_first_dag.py took 0.081 seconds
[2024-04-12T07:30:55.907+0000] {processor.py:161} INFO - Started process (PID=10052) to work on /opt/airflow/dags/my_first_dag.py
[2024-04-12T07:30:55.913+0000] {processor.py:830} INFO - Processing file /opt/airflow/dags/my_first_dag.py for tasks to queue
[2024-04-12T07:30:55.921+0000] {logging_mixin.py:188} INFO - [2024-04-12T07:30:55.920+0000] {dagbag.py:540} INFO - Filling up the DagBag from /opt/airflow/dags/my_first_dag.py
[2024-04-12T07:30:55.932+0000] {processor.py:840} INFO - DAG(s) 'my_first_dag' retrieved from /opt/airflow/dags/my_first_dag.py
[2024-04-12T07:30:55.960+0000] {logging_mixin.py:188} INFO - [2024-04-12T07:30:55.960+0000] {dag.py:3096} INFO - Sync 1 DAGs
[2024-04-12T07:30:55.977+0000] {logging_mixin.py:188} INFO - [2024-04-12T07:30:55.976+0000] {dag.py:3954} INFO - Setting next_dagrun for my_first_dag to None, run_after=None
[2024-04-12T07:30:56.015+0000] {processor.py:183} INFO - Processing /opt/airflow/dags/my_first_dag.py took 0.116 seconds
[2024-04-12T07:31:26.174+0000] {processor.py:161} INFO - Started process (PID=10319) to work on /opt/airflow/dags/my_first_dag.py
[2024-04-12T07:31:26.176+0000] {processor.py:830} INFO - Processing file /opt/airflow/dags/my_first_dag.py for tasks to queue
[2024-04-12T07:31:26.178+0000] {logging_mixin.py:188} INFO - [2024-04-12T07:31:26.178+0000] {dagbag.py:540} INFO - Filling up the DagBag from /opt/airflow/dags/my_first_dag.py
[2024-04-12T07:31:26.183+0000] {processor.py:840} INFO - DAG(s) 'my_first_dag' retrieved from /opt/airflow/dags/my_first_dag.py
[2024-04-12T07:31:26.208+0000] {logging_mixin.py:188} INFO - [2024-04-12T07:31:26.208+0000] {dag.py:3096} INFO - Sync 1 DAGs
[2024-04-12T07:31:26.224+0000] {logging_mixin.py:188} INFO - [2024-04-12T07:31:26.224+0000] {dag.py:3954} INFO - Setting next_dagrun for my_first_dag to None, run_after=None
[2024-04-12T07:31:26.248+0000] {processor.py:183} INFO - Processing /opt/airflow/dags/my_first_dag.py took 0.080 seconds
[2024-04-12T07:31:56.746+0000] {processor.py:161} INFO - Started process (PID=10587) to work on /opt/airflow/dags/my_first_dag.py
[2024-04-12T07:31:56.747+0000] {processor.py:830} INFO - Processing file /opt/airflow/dags/my_first_dag.py for tasks to queue
[2024-04-12T07:31:56.750+0000] {logging_mixin.py:188} INFO - [2024-04-12T07:31:56.750+0000] {dagbag.py:540} INFO - Filling up the DagBag from /opt/airflow/dags/my_first_dag.py
[2024-04-12T07:31:56.754+0000] {processor.py:840} INFO - DAG(s) 'my_first_dag' retrieved from /opt/airflow/dags/my_first_dag.py
[2024-04-12T07:31:56.777+0000] {logging_mixin.py:188} INFO - [2024-04-12T07:31:56.777+0000] {dag.py:3096} INFO - Sync 1 DAGs
[2024-04-12T07:31:56.793+0000] {logging_mixin.py:188} INFO - [2024-04-12T07:31:56.793+0000] {dag.py:3954} INFO - Setting next_dagrun for my_first_dag to None, run_after=None
[2024-04-12T07:31:56.819+0000] {processor.py:183} INFO - Processing /opt/airflow/dags/my_first_dag.py took 0.080 seconds
[2024-04-12T07:32:27.461+0000] {processor.py:161} INFO - Started process (PID=10854) to work on /opt/airflow/dags/my_first_dag.py
[2024-04-12T07:32:27.463+0000] {processor.py:830} INFO - Processing file /opt/airflow/dags/my_first_dag.py for tasks to queue
[2024-04-12T07:32:27.466+0000] {logging_mixin.py:188} INFO - [2024-04-12T07:32:27.466+0000] {dagbag.py:540} INFO - Filling up the DagBag from /opt/airflow/dags/my_first_dag.py
[2024-04-12T07:32:27.471+0000] {processor.py:840} INFO - DAG(s) 'my_first_dag' retrieved from /opt/airflow/dags/my_first_dag.py
[2024-04-12T07:32:27.493+0000] {logging_mixin.py:188} INFO - [2024-04-12T07:32:27.493+0000] {dag.py:3096} INFO - Sync 1 DAGs
[2024-04-12T07:32:27.513+0000] {logging_mixin.py:188} INFO - [2024-04-12T07:32:27.513+0000] {dag.py:3954} INFO - Setting next_dagrun for my_first_dag to None, run_after=None
[2024-04-12T07:32:27.539+0000] {processor.py:183} INFO - Processing /opt/airflow/dags/my_first_dag.py took 0.084 seconds
[2024-04-12T07:32:58.508+0000] {processor.py:161} INFO - Started process (PID=11121) to work on /opt/airflow/dags/my_first_dag.py
[2024-04-12T07:32:58.514+0000] {processor.py:830} INFO - Processing file /opt/airflow/dags/my_first_dag.py for tasks to queue
[2024-04-12T07:32:58.517+0000] {logging_mixin.py:188} INFO - [2024-04-12T07:32:58.517+0000] {dagbag.py:540} INFO - Filling up the DagBag from /opt/airflow/dags/my_first_dag.py
[2024-04-12T07:32:58.528+0000] {processor.py:840} INFO - DAG(s) 'my_first_dag' retrieved from /opt/airflow/dags/my_first_dag.py
[2024-04-12T07:32:58.632+0000] {logging_mixin.py:188} INFO - [2024-04-12T07:32:58.632+0000] {dag.py:3096} INFO - Sync 1 DAGs
[2024-04-12T07:32:58.649+0000] {logging_mixin.py:188} INFO - [2024-04-12T07:32:58.649+0000] {dag.py:3954} INFO - Setting next_dagrun for my_first_dag to None, run_after=None
[2024-04-12T07:32:58.674+0000] {processor.py:183} INFO - Processing /opt/airflow/dags/my_first_dag.py took 0.176 seconds
[2024-04-12T07:33:29.669+0000] {processor.py:161} INFO - Started process (PID=11394) to work on /opt/airflow/dags/my_first_dag.py
[2024-04-12T07:33:29.671+0000] {processor.py:830} INFO - Processing file /opt/airflow/dags/my_first_dag.py for tasks to queue
[2024-04-12T07:33:29.673+0000] {logging_mixin.py:188} INFO - [2024-04-12T07:33:29.673+0000] {dagbag.py:540} INFO - Filling up the DagBag from /opt/airflow/dags/my_first_dag.py
[2024-04-12T07:33:29.678+0000] {processor.py:840} INFO - DAG(s) 'my_first_dag' retrieved from /opt/airflow/dags/my_first_dag.py
[2024-04-12T07:33:29.699+0000] {logging_mixin.py:188} INFO - [2024-04-12T07:33:29.699+0000] {dag.py:3096} INFO - Sync 1 DAGs
[2024-04-12T07:33:29.717+0000] {logging_mixin.py:188} INFO - [2024-04-12T07:33:29.717+0000] {dag.py:3954} INFO - Setting next_dagrun for my_first_dag to None, run_after=None
[2024-04-12T07:33:29.742+0000] {processor.py:183} INFO - Processing /opt/airflow/dags/my_first_dag.py took 0.080 seconds
[2024-04-12T07:33:59.909+0000] {processor.py:161} INFO - Started process (PID=11661) to work on /opt/airflow/dags/my_first_dag.py
[2024-04-12T07:33:59.911+0000] {processor.py:830} INFO - Processing file /opt/airflow/dags/my_first_dag.py for tasks to queue
[2024-04-12T07:33:59.914+0000] {logging_mixin.py:188} INFO - [2024-04-12T07:33:59.914+0000] {dagbag.py:540} INFO - Filling up the DagBag from /opt/airflow/dags/my_first_dag.py
[2024-04-12T07:33:59.918+0000] {processor.py:840} INFO - DAG(s) 'my_first_dag' retrieved from /opt/airflow/dags/my_first_dag.py
[2024-04-12T07:33:59.940+0000] {logging_mixin.py:188} INFO - [2024-04-12T07:33:59.940+0000] {dag.py:3096} INFO - Sync 1 DAGs
[2024-04-12T07:33:59.956+0000] {logging_mixin.py:188} INFO - [2024-04-12T07:33:59.956+0000] {dag.py:3954} INFO - Setting next_dagrun for my_first_dag to None, run_after=None
[2024-04-12T07:33:59.982+0000] {processor.py:183} INFO - Processing /opt/airflow/dags/my_first_dag.py took 0.079 seconds
[2024-04-12T07:34:30.436+0000] {processor.py:161} INFO - Started process (PID=11928) to work on /opt/airflow/dags/my_first_dag.py
[2024-04-12T07:34:30.436+0000] {processor.py:830} INFO - Processing file /opt/airflow/dags/my_first_dag.py for tasks to queue
[2024-04-12T07:34:30.439+0000] {logging_mixin.py:188} INFO - [2024-04-12T07:34:30.439+0000] {dagbag.py:540} INFO - Filling up the DagBag from /opt/airflow/dags/my_first_dag.py
[2024-04-12T07:34:30.443+0000] {processor.py:840} INFO - DAG(s) 'my_first_dag' retrieved from /opt/airflow/dags/my_first_dag.py
[2024-04-12T07:34:30.480+0000] {logging_mixin.py:188} INFO - [2024-04-12T07:34:30.480+0000] {dag.py:3096} INFO - Sync 1 DAGs
[2024-04-12T07:34:30.516+0000] {logging_mixin.py:188} INFO - [2024-04-12T07:34:30.516+0000] {dag.py:3954} INFO - Setting next_dagrun for my_first_dag to None, run_after=None
[2024-04-12T07:34:30.541+0000] {processor.py:183} INFO - Processing /opt/airflow/dags/my_first_dag.py took 0.117 seconds
[2024-04-12T07:35:01.183+0000] {processor.py:161} INFO - Started process (PID=12196) to work on /opt/airflow/dags/my_first_dag.py
[2024-04-12T07:35:01.188+0000] {processor.py:830} INFO - Processing file /opt/airflow/dags/my_first_dag.py for tasks to queue
[2024-04-12T07:35:01.191+0000] {logging_mixin.py:188} INFO - [2024-04-12T07:35:01.191+0000] {dagbag.py:540} INFO - Filling up the DagBag from /opt/airflow/dags/my_first_dag.py
[2024-04-12T07:35:01.196+0000] {processor.py:840} INFO - DAG(s) 'my_first_dag' retrieved from /opt/airflow/dags/my_first_dag.py
[2024-04-12T07:35:01.219+0000] {logging_mixin.py:188} INFO - [2024-04-12T07:35:01.218+0000] {dag.py:3096} INFO - Sync 1 DAGs
[2024-04-12T07:35:01.235+0000] {logging_mixin.py:188} INFO - [2024-04-12T07:35:01.235+0000] {dag.py:3954} INFO - Setting next_dagrun for my_first_dag to None, run_after=None
[2024-04-12T07:35:01.260+0000] {processor.py:183} INFO - Processing /opt/airflow/dags/my_first_dag.py took 0.084 seconds
[2024-04-12T07:35:31.344+0000] {processor.py:161} INFO - Started process (PID=12463) to work on /opt/airflow/dags/my_first_dag.py
[2024-04-12T07:35:31.345+0000] {processor.py:830} INFO - Processing file /opt/airflow/dags/my_first_dag.py for tasks to queue
[2024-04-12T07:35:31.348+0000] {logging_mixin.py:188} INFO - [2024-04-12T07:35:31.348+0000] {dagbag.py:540} INFO - Filling up the DagBag from /opt/airflow/dags/my_first_dag.py
[2024-04-12T07:35:31.354+0000] {processor.py:840} INFO - DAG(s) 'my_first_dag' retrieved from /opt/airflow/dags/my_first_dag.py
[2024-04-12T07:35:31.379+0000] {logging_mixin.py:188} INFO - [2024-04-12T07:35:31.379+0000] {dag.py:3096} INFO - Sync 1 DAGs
[2024-04-12T07:35:31.396+0000] {logging_mixin.py:188} INFO - [2024-04-12T07:35:31.396+0000] {dag.py:3954} INFO - Setting next_dagrun for my_first_dag to None, run_after=None
[2024-04-12T07:35:31.421+0000] {processor.py:183} INFO - Processing /opt/airflow/dags/my_first_dag.py took 0.084 seconds
[2024-04-12T07:36:01.918+0000] {processor.py:161} INFO - Started process (PID=12730) to work on /opt/airflow/dags/my_first_dag.py
[2024-04-12T07:36:01.920+0000] {processor.py:830} INFO - Processing file /opt/airflow/dags/my_first_dag.py for tasks to queue
[2024-04-12T07:36:01.922+0000] {logging_mixin.py:188} INFO - [2024-04-12T07:36:01.922+0000] {dagbag.py:540} INFO - Filling up the DagBag from /opt/airflow/dags/my_first_dag.py
[2024-04-12T07:36:01.927+0000] {processor.py:840} INFO - DAG(s) 'my_first_dag' retrieved from /opt/airflow/dags/my_first_dag.py
[2024-04-12T07:36:01.950+0000] {logging_mixin.py:188} INFO - [2024-04-12T07:36:01.949+0000] {dag.py:3096} INFO - Sync 1 DAGs
[2024-04-12T07:36:01.968+0000] {logging_mixin.py:188} INFO - [2024-04-12T07:36:01.968+0000] {dag.py:3954} INFO - Setting next_dagrun for my_first_dag to None, run_after=None
[2024-04-12T07:36:01.994+0000] {processor.py:183} INFO - Processing /opt/airflow/dags/my_first_dag.py took 0.082 seconds
[2024-04-12T07:36:32.291+0000] {processor.py:161} INFO - Started process (PID=12997) to work on /opt/airflow/dags/my_first_dag.py
[2024-04-12T07:36:32.293+0000] {processor.py:830} INFO - Processing file /opt/airflow/dags/my_first_dag.py for tasks to queue
[2024-04-12T07:36:32.296+0000] {logging_mixin.py:188} INFO - [2024-04-12T07:36:32.295+0000] {dagbag.py:540} INFO - Filling up the DagBag from /opt/airflow/dags/my_first_dag.py
[2024-04-12T07:36:32.300+0000] {processor.py:840} INFO - DAG(s) 'my_first_dag' retrieved from /opt/airflow/dags/my_first_dag.py
[2024-04-12T07:36:32.322+0000] {logging_mixin.py:188} INFO - [2024-04-12T07:36:32.322+0000] {dag.py:3096} INFO - Sync 1 DAGs
[2024-04-12T07:36:32.338+0000] {logging_mixin.py:188} INFO - [2024-04-12T07:36:32.337+0000] {dag.py:3954} INFO - Setting next_dagrun for my_first_dag to None, run_after=None
[2024-04-12T07:36:32.367+0000] {processor.py:183} INFO - Processing /opt/airflow/dags/my_first_dag.py took 0.082 seconds
[2024-04-12T07:37:02.489+0000] {processor.py:161} INFO - Started process (PID=13264) to work on /opt/airflow/dags/my_first_dag.py
[2024-04-12T07:37:02.490+0000] {processor.py:830} INFO - Processing file /opt/airflow/dags/my_first_dag.py for tasks to queue
[2024-04-12T07:37:02.493+0000] {logging_mixin.py:188} INFO - [2024-04-12T07:37:02.492+0000] {dagbag.py:540} INFO - Filling up the DagBag from /opt/airflow/dags/my_first_dag.py
[2024-04-12T07:37:02.497+0000] {processor.py:840} INFO - DAG(s) 'my_first_dag' retrieved from /opt/airflow/dags/my_first_dag.py
[2024-04-12T07:37:02.542+0000] {logging_mixin.py:188} INFO - [2024-04-12T07:37:02.542+0000] {dag.py:3096} INFO - Sync 1 DAGs
[2024-04-12T07:37:02.567+0000] {logging_mixin.py:188} INFO - [2024-04-12T07:37:02.566+0000] {dag.py:3954} INFO - Setting next_dagrun for my_first_dag to None, run_after=None
[2024-04-12T07:37:02.590+0000] {processor.py:183} INFO - Processing /opt/airflow/dags/my_first_dag.py took 0.108 seconds
[2024-04-12T07:37:32.909+0000] {processor.py:161} INFO - Started process (PID=13531) to work on /opt/airflow/dags/my_first_dag.py
[2024-04-12T07:37:32.910+0000] {processor.py:830} INFO - Processing file /opt/airflow/dags/my_first_dag.py for tasks to queue
[2024-04-12T07:37:32.913+0000] {logging_mixin.py:188} INFO - [2024-04-12T07:37:32.913+0000] {dagbag.py:540} INFO - Filling up the DagBag from /opt/airflow/dags/my_first_dag.py
[2024-04-12T07:37:32.917+0000] {processor.py:840} INFO - DAG(s) 'my_first_dag' retrieved from /opt/airflow/dags/my_first_dag.py
[2024-04-12T07:37:32.939+0000] {logging_mixin.py:188} INFO - [2024-04-12T07:37:32.939+0000] {dag.py:3096} INFO - Sync 1 DAGs
[2024-04-12T07:37:32.957+0000] {logging_mixin.py:188} INFO - [2024-04-12T07:37:32.956+0000] {dag.py:3954} INFO - Setting next_dagrun for my_first_dag to None, run_after=None
[2024-04-12T07:37:32.983+0000] {processor.py:183} INFO - Processing /opt/airflow/dags/my_first_dag.py took 0.080 seconds
[2024-04-12T07:38:03.186+0000] {processor.py:161} INFO - Started process (PID=13799) to work on /opt/airflow/dags/my_first_dag.py
[2024-04-12T07:38:03.187+0000] {processor.py:830} INFO - Processing file /opt/airflow/dags/my_first_dag.py for tasks to queue
[2024-04-12T07:38:03.190+0000] {logging_mixin.py:188} INFO - [2024-04-12T07:38:03.190+0000] {dagbag.py:540} INFO - Filling up the DagBag from /opt/airflow/dags/my_first_dag.py
[2024-04-12T07:38:03.195+0000] {processor.py:840} INFO - DAG(s) 'my_first_dag' retrieved from /opt/airflow/dags/my_first_dag.py
[2024-04-12T07:38:03.218+0000] {logging_mixin.py:188} INFO - [2024-04-12T07:38:03.217+0000] {dag.py:3096} INFO - Sync 1 DAGs
[2024-04-12T07:38:03.238+0000] {logging_mixin.py:188} INFO - [2024-04-12T07:38:03.237+0000] {dag.py:3954} INFO - Setting next_dagrun for my_first_dag to None, run_after=None
[2024-04-12T07:38:03.263+0000] {processor.py:183} INFO - Processing /opt/airflow/dags/my_first_dag.py took 0.084 seconds
[2024-04-12T07:38:33.697+0000] {processor.py:161} INFO - Started process (PID=14066) to work on /opt/airflow/dags/my_first_dag.py
[2024-04-12T07:38:33.710+0000] {processor.py:830} INFO - Processing file /opt/airflow/dags/my_first_dag.py for tasks to queue
[2024-04-12T07:38:33.712+0000] {logging_mixin.py:188} INFO - [2024-04-12T07:38:33.712+0000] {dagbag.py:540} INFO - Filling up the DagBag from /opt/airflow/dags/my_first_dag.py
[2024-04-12T07:38:33.719+0000] {processor.py:840} INFO - DAG(s) 'my_first_dag' retrieved from /opt/airflow/dags/my_first_dag.py
[2024-04-12T07:38:33.783+0000] {logging_mixin.py:188} INFO - [2024-04-12T07:38:33.783+0000] {dag.py:3096} INFO - Sync 1 DAGs
[2024-04-12T07:38:33.817+0000] {logging_mixin.py:188} INFO - [2024-04-12T07:38:33.817+0000] {dag.py:3954} INFO - Setting next_dagrun for my_first_dag to None, run_after=None
[2024-04-12T07:38:33.853+0000] {processor.py:183} INFO - Processing /opt/airflow/dags/my_first_dag.py took 0.168 seconds
[2024-04-12T07:39:04.287+0000] {processor.py:161} INFO - Started process (PID=14334) to work on /opt/airflow/dags/my_first_dag.py
[2024-04-12T07:39:04.289+0000] {processor.py:830} INFO - Processing file /opt/airflow/dags/my_first_dag.py for tasks to queue
[2024-04-12T07:39:04.293+0000] {logging_mixin.py:188} INFO - [2024-04-12T07:39:04.293+0000] {dagbag.py:540} INFO - Filling up the DagBag from /opt/airflow/dags/my_first_dag.py
[2024-04-12T07:39:04.297+0000] {processor.py:840} INFO - DAG(s) 'my_first_dag' retrieved from /opt/airflow/dags/my_first_dag.py
[2024-04-12T07:39:04.321+0000] {logging_mixin.py:188} INFO - [2024-04-12T07:39:04.320+0000] {dag.py:3096} INFO - Sync 1 DAGs
[2024-04-12T07:39:04.337+0000] {logging_mixin.py:188} INFO - [2024-04-12T07:39:04.337+0000] {dag.py:3954} INFO - Setting next_dagrun for my_first_dag to None, run_after=None
[2024-04-12T07:39:04.364+0000] {processor.py:183} INFO - Processing /opt/airflow/dags/my_first_dag.py took 0.084 seconds
[2024-04-12T07:39:34.590+0000] {processor.py:161} INFO - Started process (PID=14602) to work on /opt/airflow/dags/my_first_dag.py
[2024-04-12T07:39:34.591+0000] {processor.py:830} INFO - Processing file /opt/airflow/dags/my_first_dag.py for tasks to queue
[2024-04-12T07:39:34.594+0000] {logging_mixin.py:188} INFO - [2024-04-12T07:39:34.594+0000] {dagbag.py:540} INFO - Filling up the DagBag from /opt/airflow/dags/my_first_dag.py
[2024-04-12T07:39:34.599+0000] {processor.py:840} INFO - DAG(s) 'my_first_dag' retrieved from /opt/airflow/dags/my_first_dag.py
[2024-04-12T07:39:34.628+0000] {logging_mixin.py:188} INFO - [2024-04-12T07:39:34.628+0000] {dag.py:3096} INFO - Sync 1 DAGs
[2024-04-12T07:39:34.648+0000] {logging_mixin.py:188} INFO - [2024-04-12T07:39:34.647+0000] {dag.py:3954} INFO - Setting next_dagrun for my_first_dag to None, run_after=None
[2024-04-12T07:39:34.675+0000] {processor.py:183} INFO - Processing /opt/airflow/dags/my_first_dag.py took 0.091 seconds
[2024-04-12T07:40:05.402+0000] {processor.py:161} INFO - Started process (PID=14870) to work on /opt/airflow/dags/my_first_dag.py
[2024-04-12T07:40:05.404+0000] {processor.py:830} INFO - Processing file /opt/airflow/dags/my_first_dag.py for tasks to queue
[2024-04-12T07:40:05.406+0000] {logging_mixin.py:188} INFO - [2024-04-12T07:40:05.406+0000] {dagbag.py:540} INFO - Filling up the DagBag from /opt/airflow/dags/my_first_dag.py
[2024-04-12T07:40:05.411+0000] {processor.py:840} INFO - DAG(s) 'my_first_dag' retrieved from /opt/airflow/dags/my_first_dag.py
[2024-04-12T07:40:05.436+0000] {logging_mixin.py:188} INFO - [2024-04-12T07:40:05.436+0000] {dag.py:3096} INFO - Sync 1 DAGs
[2024-04-12T07:40:05.452+0000] {logging_mixin.py:188} INFO - [2024-04-12T07:40:05.452+0000] {dag.py:3954} INFO - Setting next_dagrun for my_first_dag to None, run_after=None
[2024-04-12T07:40:05.486+0000] {processor.py:183} INFO - Processing /opt/airflow/dags/my_first_dag.py took 0.091 seconds
[2024-04-12T07:40:35.609+0000] {processor.py:161} INFO - Started process (PID=15137) to work on /opt/airflow/dags/my_first_dag.py
[2024-04-12T07:40:35.611+0000] {processor.py:830} INFO - Processing file /opt/airflow/dags/my_first_dag.py for tasks to queue
[2024-04-12T07:40:35.614+0000] {logging_mixin.py:188} INFO - [2024-04-12T07:40:35.614+0000] {dagbag.py:540} INFO - Filling up the DagBag from /opt/airflow/dags/my_first_dag.py
[2024-04-12T07:40:35.626+0000] {processor.py:840} INFO - DAG(s) 'my_first_dag' retrieved from /opt/airflow/dags/my_first_dag.py
[2024-04-12T07:40:35.657+0000] {logging_mixin.py:188} INFO - [2024-04-12T07:40:35.657+0000] {dag.py:3096} INFO - Sync 1 DAGs
[2024-04-12T07:40:35.673+0000] {logging_mixin.py:188} INFO - [2024-04-12T07:40:35.673+0000] {dag.py:3954} INFO - Setting next_dagrun for my_first_dag to None, run_after=None
[2024-04-12T07:40:35.700+0000] {processor.py:183} INFO - Processing /opt/airflow/dags/my_first_dag.py took 0.099 seconds
[2024-04-12T07:41:05.823+0000] {processor.py:161} INFO - Started process (PID=15404) to work on /opt/airflow/dags/my_first_dag.py
[2024-04-12T07:41:05.825+0000] {processor.py:830} INFO - Processing file /opt/airflow/dags/my_first_dag.py for tasks to queue
[2024-04-12T07:41:05.827+0000] {logging_mixin.py:188} INFO - [2024-04-12T07:41:05.827+0000] {dagbag.py:540} INFO - Filling up the DagBag from /opt/airflow/dags/my_first_dag.py
[2024-04-12T07:41:05.832+0000] {processor.py:840} INFO - DAG(s) 'my_first_dag' retrieved from /opt/airflow/dags/my_first_dag.py
[2024-04-12T07:41:05.857+0000] {logging_mixin.py:188} INFO - [2024-04-12T07:41:05.857+0000] {dag.py:3096} INFO - Sync 1 DAGs
[2024-04-12T07:41:05.873+0000] {logging_mixin.py:188} INFO - [2024-04-12T07:41:05.873+0000] {dag.py:3954} INFO - Setting next_dagrun for my_first_dag to None, run_after=None
[2024-04-12T07:41:05.898+0000] {processor.py:183} INFO - Processing /opt/airflow/dags/my_first_dag.py took 0.081 seconds
[2024-04-12T07:41:36.025+0000] {processor.py:161} INFO - Started process (PID=15671) to work on /opt/airflow/dags/my_first_dag.py
[2024-04-12T07:41:36.028+0000] {processor.py:830} INFO - Processing file /opt/airflow/dags/my_first_dag.py for tasks to queue
[2024-04-12T07:41:36.040+0000] {logging_mixin.py:188} INFO - [2024-04-12T07:41:36.039+0000] {dagbag.py:540} INFO - Filling up the DagBag from /opt/airflow/dags/my_first_dag.py
[2024-04-12T07:41:36.045+0000] {processor.py:840} INFO - DAG(s) 'my_first_dag' retrieved from /opt/airflow/dags/my_first_dag.py
[2024-04-12T07:41:36.091+0000] {logging_mixin.py:188} INFO - [2024-04-12T07:41:36.091+0000] {dag.py:3096} INFO - Sync 1 DAGs
[2024-04-12T07:41:36.145+0000] {logging_mixin.py:188} INFO - [2024-04-12T07:41:36.144+0000] {dag.py:3954} INFO - Setting next_dagrun for my_first_dag to None, run_after=None
[2024-04-12T07:41:36.182+0000] {processor.py:183} INFO - Processing /opt/airflow/dags/my_first_dag.py took 0.178 seconds
[2024-04-12T07:42:07.211+0000] {processor.py:161} INFO - Started process (PID=15937) to work on /opt/airflow/dags/my_first_dag.py
[2024-04-12T07:42:07.213+0000] {processor.py:830} INFO - Processing file /opt/airflow/dags/my_first_dag.py for tasks to queue
[2024-04-12T07:42:07.215+0000] {logging_mixin.py:188} INFO - [2024-04-12T07:42:07.215+0000] {dagbag.py:540} INFO - Filling up the DagBag from /opt/airflow/dags/my_first_dag.py
[2024-04-12T07:42:07.219+0000] {processor.py:840} INFO - DAG(s) 'my_first_dag' retrieved from /opt/airflow/dags/my_first_dag.py
[2024-04-12T07:42:07.245+0000] {logging_mixin.py:188} INFO - [2024-04-12T07:42:07.245+0000] {dag.py:3096} INFO - Sync 1 DAGs
[2024-04-12T07:42:07.262+0000] {logging_mixin.py:188} INFO - [2024-04-12T07:42:07.262+0000] {dag.py:3954} INFO - Setting next_dagrun for my_first_dag to None, run_after=None
[2024-04-12T07:42:07.286+0000] {processor.py:183} INFO - Processing /opt/airflow/dags/my_first_dag.py took 0.082 seconds
[2024-04-12T07:42:37.357+0000] {processor.py:161} INFO - Started process (PID=16209) to work on /opt/airflow/dags/my_first_dag.py
[2024-04-12T07:42:37.358+0000] {processor.py:830} INFO - Processing file /opt/airflow/dags/my_first_dag.py for tasks to queue
[2024-04-12T07:42:37.362+0000] {logging_mixin.py:188} INFO - [2024-04-12T07:42:37.361+0000] {dagbag.py:540} INFO - Filling up the DagBag from /opt/airflow/dags/my_first_dag.py
[2024-04-12T07:42:37.366+0000] {processor.py:840} INFO - DAG(s) 'my_first_dag' retrieved from /opt/airflow/dags/my_first_dag.py
[2024-04-12T07:42:37.391+0000] {logging_mixin.py:188} INFO - [2024-04-12T07:42:37.391+0000] {dag.py:3096} INFO - Sync 1 DAGs
[2024-04-12T07:42:37.408+0000] {logging_mixin.py:188} INFO - [2024-04-12T07:42:37.408+0000] {dag.py:3954} INFO - Setting next_dagrun for my_first_dag to None, run_after=None
[2024-04-12T07:42:37.435+0000] {processor.py:183} INFO - Processing /opt/airflow/dags/my_first_dag.py took 0.087 seconds
[2024-04-12T07:43:07.661+0000] {processor.py:161} INFO - Started process (PID=16480) to work on /opt/airflow/dags/my_first_dag.py
[2024-04-12T07:43:07.662+0000] {processor.py:830} INFO - Processing file /opt/airflow/dags/my_first_dag.py for tasks to queue
[2024-04-12T07:43:07.666+0000] {logging_mixin.py:188} INFO - [2024-04-12T07:43:07.666+0000] {dagbag.py:540} INFO - Filling up the DagBag from /opt/airflow/dags/my_first_dag.py
[2024-04-12T07:43:07.672+0000] {processor.py:840} INFO - DAG(s) 'my_first_dag' retrieved from /opt/airflow/dags/my_first_dag.py
[2024-04-12T07:43:07.696+0000] {logging_mixin.py:188} INFO - [2024-04-12T07:43:07.696+0000] {dag.py:3096} INFO - Sync 1 DAGs
[2024-04-12T07:43:07.713+0000] {logging_mixin.py:188} INFO - [2024-04-12T07:43:07.713+0000] {dag.py:3954} INFO - Setting next_dagrun for my_first_dag to None, run_after=None
[2024-04-12T07:43:07.739+0000] {processor.py:183} INFO - Processing /opt/airflow/dags/my_first_dag.py took 0.085 seconds
[2024-04-12T07:43:37.870+0000] {processor.py:161} INFO - Started process (PID=16751) to work on /opt/airflow/dags/my_first_dag.py
[2024-04-12T07:43:37.871+0000] {processor.py:830} INFO - Processing file /opt/airflow/dags/my_first_dag.py for tasks to queue
[2024-04-12T07:43:37.874+0000] {logging_mixin.py:188} INFO - [2024-04-12T07:43:37.873+0000] {dagbag.py:540} INFO - Filling up the DagBag from /opt/airflow/dags/my_first_dag.py
[2024-04-12T07:43:37.878+0000] {processor.py:840} INFO - DAG(s) 'my_first_dag' retrieved from /opt/airflow/dags/my_first_dag.py
[2024-04-12T07:43:37.900+0000] {logging_mixin.py:188} INFO - [2024-04-12T07:43:37.900+0000] {dag.py:3096} INFO - Sync 1 DAGs
[2024-04-12T07:43:37.915+0000] {logging_mixin.py:188} INFO - [2024-04-12T07:43:37.915+0000] {dag.py:3954} INFO - Setting next_dagrun for my_first_dag to None, run_after=None
[2024-04-12T07:43:37.962+0000] {processor.py:183} INFO - Processing /opt/airflow/dags/my_first_dag.py took 0.099 seconds
[2024-04-12T07:44:08.678+0000] {processor.py:161} INFO - Started process (PID=17031) to work on /opt/airflow/dags/my_first_dag.py
[2024-04-12T07:44:08.679+0000] {processor.py:830} INFO - Processing file /opt/airflow/dags/my_first_dag.py for tasks to queue
[2024-04-12T07:44:08.682+0000] {logging_mixin.py:188} INFO - [2024-04-12T07:44:08.682+0000] {dagbag.py:540} INFO - Filling up the DagBag from /opt/airflow/dags/my_first_dag.py
[2024-04-12T07:44:08.687+0000] {processor.py:840} INFO - DAG(s) 'my_first_dag' retrieved from /opt/airflow/dags/my_first_dag.py
[2024-04-12T07:44:08.724+0000] {logging_mixin.py:188} INFO - [2024-04-12T07:44:08.724+0000] {dag.py:3096} INFO - Sync 1 DAGs
[2024-04-12T07:44:08.741+0000] {logging_mixin.py:188} INFO - [2024-04-12T07:44:08.741+0000] {dag.py:3954} INFO - Setting next_dagrun for my_first_dag to None, run_after=None
[2024-04-12T07:44:08.764+0000] {processor.py:183} INFO - Processing /opt/airflow/dags/my_first_dag.py took 0.093 seconds
[2024-04-12T07:44:39.199+0000] {processor.py:161} INFO - Started process (PID=17303) to work on /opt/airflow/dags/my_first_dag.py
[2024-04-12T07:44:39.200+0000] {processor.py:830} INFO - Processing file /opt/airflow/dags/my_first_dag.py for tasks to queue
[2024-04-12T07:44:39.203+0000] {logging_mixin.py:188} INFO - [2024-04-12T07:44:39.202+0000] {dagbag.py:540} INFO - Filling up the DagBag from /opt/airflow/dags/my_first_dag.py
[2024-04-12T07:44:39.207+0000] {processor.py:840} INFO - DAG(s) 'my_first_dag' retrieved from /opt/airflow/dags/my_first_dag.py
[2024-04-12T07:44:39.229+0000] {logging_mixin.py:188} INFO - [2024-04-12T07:44:39.228+0000] {dag.py:3096} INFO - Sync 1 DAGs
[2024-04-12T07:44:39.245+0000] {logging_mixin.py:188} INFO - [2024-04-12T07:44:39.245+0000] {dag.py:3954} INFO - Setting next_dagrun for my_first_dag to None, run_after=None
[2024-04-12T07:44:39.272+0000] {processor.py:183} INFO - Processing /opt/airflow/dags/my_first_dag.py took 0.080 seconds
[2024-04-12T07:45:09.880+0000] {processor.py:161} INFO - Started process (PID=17575) to work on /opt/airflow/dags/my_first_dag.py
[2024-04-12T07:45:09.882+0000] {processor.py:830} INFO - Processing file /opt/airflow/dags/my_first_dag.py for tasks to queue
[2024-04-12T07:45:09.887+0000] {logging_mixin.py:188} INFO - [2024-04-12T07:45:09.887+0000] {dagbag.py:540} INFO - Filling up the DagBag from /opt/airflow/dags/my_first_dag.py
[2024-04-12T07:45:09.897+0000] {processor.py:840} INFO - DAG(s) 'my_first_dag' retrieved from /opt/airflow/dags/my_first_dag.py
[2024-04-12T07:45:09.931+0000] {logging_mixin.py:188} INFO - [2024-04-12T07:45:09.931+0000] {dag.py:3096} INFO - Sync 1 DAGs
[2024-04-12T07:45:09.955+0000] {logging_mixin.py:188} INFO - [2024-04-12T07:45:09.955+0000] {dag.py:3954} INFO - Setting next_dagrun for my_first_dag to None, run_after=None
[2024-04-12T07:45:09.988+0000] {processor.py:183} INFO - Processing /opt/airflow/dags/my_first_dag.py took 0.115 seconds
[2024-04-12T07:45:40.373+0000] {processor.py:161} INFO - Started process (PID=17848) to work on /opt/airflow/dags/my_first_dag.py
[2024-04-12T07:45:40.374+0000] {processor.py:830} INFO - Processing file /opt/airflow/dags/my_first_dag.py for tasks to queue
[2024-04-12T07:45:40.381+0000] {logging_mixin.py:188} INFO - [2024-04-12T07:45:40.380+0000] {dagbag.py:540} INFO - Filling up the DagBag from /opt/airflow/dags/my_first_dag.py
[2024-04-12T07:45:40.385+0000] {processor.py:840} INFO - DAG(s) 'my_first_dag' retrieved from /opt/airflow/dags/my_first_dag.py
[2024-04-12T07:45:40.409+0000] {logging_mixin.py:188} INFO - [2024-04-12T07:45:40.408+0000] {dag.py:3096} INFO - Sync 1 DAGs
[2024-04-12T07:45:40.424+0000] {logging_mixin.py:188} INFO - [2024-04-12T07:45:40.424+0000] {dag.py:3954} INFO - Setting next_dagrun for my_first_dag to None, run_after=None
[2024-04-12T07:45:40.451+0000] {processor.py:183} INFO - Processing /opt/airflow/dags/my_first_dag.py took 0.085 seconds
[2024-04-12T07:46:11.144+0000] {processor.py:161} INFO - Started process (PID=18120) to work on /opt/airflow/dags/my_first_dag.py
[2024-04-12T07:46:11.146+0000] {processor.py:830} INFO - Processing file /opt/airflow/dags/my_first_dag.py for tasks to queue
[2024-04-12T07:46:11.149+0000] {logging_mixin.py:188} INFO - [2024-04-12T07:46:11.149+0000] {dagbag.py:540} INFO - Filling up the DagBag from /opt/airflow/dags/my_first_dag.py
[2024-04-12T07:46:11.155+0000] {processor.py:840} INFO - DAG(s) 'my_first_dag' retrieved from /opt/airflow/dags/my_first_dag.py
[2024-04-12T07:46:11.209+0000] {logging_mixin.py:188} INFO - [2024-04-12T07:46:11.209+0000] {dag.py:3096} INFO - Sync 1 DAGs
[2024-04-12T07:46:11.248+0000] {logging_mixin.py:188} INFO - [2024-04-12T07:46:11.247+0000] {dag.py:3954} INFO - Setting next_dagrun for my_first_dag to None, run_after=None
[2024-04-12T07:46:11.303+0000] {processor.py:183} INFO - Processing /opt/airflow/dags/my_first_dag.py took 0.165 seconds
[2024-04-12T07:46:41.349+0000] {processor.py:161} INFO - Started process (PID=18392) to work on /opt/airflow/dags/my_first_dag.py
[2024-04-12T07:46:41.350+0000] {processor.py:830} INFO - Processing file /opt/airflow/dags/my_first_dag.py for tasks to queue
[2024-04-12T07:46:41.352+0000] {logging_mixin.py:188} INFO - [2024-04-12T07:46:41.351+0000] {dagbag.py:540} INFO - Filling up the DagBag from /opt/airflow/dags/my_first_dag.py
[2024-04-12T07:46:41.355+0000] {processor.py:840} INFO - DAG(s) 'my_first_dag' retrieved from /opt/airflow/dags/my_first_dag.py
[2024-04-12T07:46:41.371+0000] {logging_mixin.py:188} INFO - [2024-04-12T07:46:41.371+0000] {dag.py:3096} INFO - Sync 1 DAGs
[2024-04-12T07:46:41.382+0000] {logging_mixin.py:188} INFO - [2024-04-12T07:46:41.381+0000] {dag.py:3954} INFO - Setting next_dagrun for my_first_dag to None, run_after=None
[2024-04-12T07:46:41.401+0000] {processor.py:183} INFO - Processing /opt/airflow/dags/my_first_dag.py took 0.057 seconds
[2024-04-12T07:47:12.005+0000] {processor.py:161} INFO - Started process (PID=18664) to work on /opt/airflow/dags/my_first_dag.py
[2024-04-12T07:47:12.007+0000] {processor.py:830} INFO - Processing file /opt/airflow/dags/my_first_dag.py for tasks to queue
[2024-04-12T07:47:12.009+0000] {logging_mixin.py:188} INFO - [2024-04-12T07:47:12.008+0000] {dagbag.py:540} INFO - Filling up the DagBag from /opt/airflow/dags/my_first_dag.py
[2024-04-12T07:47:12.014+0000] {processor.py:840} INFO - DAG(s) 'my_first_dag' retrieved from /opt/airflow/dags/my_first_dag.py
[2024-04-12T07:47:12.035+0000] {logging_mixin.py:188} INFO - [2024-04-12T07:47:12.035+0000] {dag.py:3096} INFO - Sync 1 DAGs
[2024-04-12T07:47:12.052+0000] {logging_mixin.py:188} INFO - [2024-04-12T07:47:12.052+0000] {dag.py:3954} INFO - Setting next_dagrun for my_first_dag to None, run_after=None
[2024-04-12T07:47:12.076+0000] {processor.py:183} INFO - Processing /opt/airflow/dags/my_first_dag.py took 0.077 seconds
[2024-04-12T07:47:42.490+0000] {processor.py:161} INFO - Started process (PID=18935) to work on /opt/airflow/dags/my_first_dag.py
[2024-04-12T07:47:42.491+0000] {processor.py:830} INFO - Processing file /opt/airflow/dags/my_first_dag.py for tasks to queue
[2024-04-12T07:47:42.493+0000] {logging_mixin.py:188} INFO - [2024-04-12T07:47:42.492+0000] {dagbag.py:540} INFO - Filling up the DagBag from /opt/airflow/dags/my_first_dag.py
[2024-04-12T07:47:42.498+0000] {processor.py:840} INFO - DAG(s) 'my_first_dag' retrieved from /opt/airflow/dags/my_first_dag.py
[2024-04-12T07:47:42.519+0000] {logging_mixin.py:188} INFO - [2024-04-12T07:47:42.518+0000] {dag.py:3096} INFO - Sync 1 DAGs
[2024-04-12T07:47:42.535+0000] {logging_mixin.py:188} INFO - [2024-04-12T07:47:42.535+0000] {dag.py:3954} INFO - Setting next_dagrun for my_first_dag to None, run_after=None
[2024-04-12T07:47:42.560+0000] {processor.py:183} INFO - Processing /opt/airflow/dags/my_first_dag.py took 0.077 seconds
[2024-04-12T07:48:12.916+0000] {processor.py:161} INFO - Started process (PID=19208) to work on /opt/airflow/dags/my_first_dag.py
[2024-04-12T07:48:12.917+0000] {processor.py:830} INFO - Processing file /opt/airflow/dags/my_first_dag.py for tasks to queue
[2024-04-12T07:48:12.920+0000] {logging_mixin.py:188} INFO - [2024-04-12T07:48:12.919+0000] {dagbag.py:540} INFO - Filling up the DagBag from /opt/airflow/dags/my_first_dag.py
[2024-04-12T07:48:12.924+0000] {processor.py:840} INFO - DAG(s) 'my_first_dag' retrieved from /opt/airflow/dags/my_first_dag.py
[2024-04-12T07:48:12.960+0000] {logging_mixin.py:188} INFO - [2024-04-12T07:48:12.960+0000] {dag.py:3096} INFO - Sync 1 DAGs
[2024-04-12T07:48:12.976+0000] {logging_mixin.py:188} INFO - [2024-04-12T07:48:12.976+0000] {dag.py:3954} INFO - Setting next_dagrun for my_first_dag to None, run_after=None
[2024-04-12T07:48:13.002+0000] {processor.py:183} INFO - Processing /opt/airflow/dags/my_first_dag.py took 0.093 seconds
[2024-04-12T07:48:43.154+0000] {processor.py:161} INFO - Started process (PID=19480) to work on /opt/airflow/dags/my_first_dag.py
[2024-04-12T07:48:43.155+0000] {processor.py:830} INFO - Processing file /opt/airflow/dags/my_first_dag.py for tasks to queue
[2024-04-12T07:48:43.157+0000] {logging_mixin.py:188} INFO - [2024-04-12T07:48:43.157+0000] {dagbag.py:540} INFO - Filling up the DagBag from /opt/airflow/dags/my_first_dag.py
[2024-04-12T07:48:43.163+0000] {processor.py:840} INFO - DAG(s) 'my_first_dag' retrieved from /opt/airflow/dags/my_first_dag.py
[2024-04-12T07:48:43.186+0000] {logging_mixin.py:188} INFO - [2024-04-12T07:48:43.185+0000] {dag.py:3096} INFO - Sync 1 DAGs
[2024-04-12T07:48:43.202+0000] {logging_mixin.py:188} INFO - [2024-04-12T07:48:43.202+0000] {dag.py:3954} INFO - Setting next_dagrun for my_first_dag to None, run_after=None
[2024-04-12T07:48:43.227+0000] {processor.py:183} INFO - Processing /opt/airflow/dags/my_first_dag.py took 0.080 seconds
[2024-04-12T07:49:13.915+0000] {processor.py:161} INFO - Started process (PID=19752) to work on /opt/airflow/dags/my_first_dag.py
[2024-04-12T07:49:13.918+0000] {processor.py:830} INFO - Processing file /opt/airflow/dags/my_first_dag.py for tasks to queue
[2024-04-12T07:49:13.920+0000] {logging_mixin.py:188} INFO - [2024-04-12T07:49:13.920+0000] {dagbag.py:540} INFO - Filling up the DagBag from /opt/airflow/dags/my_first_dag.py
[2024-04-12T07:49:13.925+0000] {processor.py:840} INFO - DAG(s) 'my_first_dag' retrieved from /opt/airflow/dags/my_first_dag.py
[2024-04-12T07:49:13.948+0000] {logging_mixin.py:188} INFO - [2024-04-12T07:49:13.948+0000] {dag.py:3096} INFO - Sync 1 DAGs
[2024-04-12T07:49:13.966+0000] {logging_mixin.py:188} INFO - [2024-04-12T07:49:13.966+0000] {dag.py:3954} INFO - Setting next_dagrun for my_first_dag to None, run_after=None
[2024-04-12T07:49:13.998+0000] {processor.py:183} INFO - Processing /opt/airflow/dags/my_first_dag.py took 0.089 seconds
[2024-04-12T07:49:44.267+0000] {processor.py:161} INFO - Started process (PID=20025) to work on /opt/airflow/dags/my_first_dag.py
[2024-04-12T07:49:44.268+0000] {processor.py:830} INFO - Processing file /opt/airflow/dags/my_first_dag.py for tasks to queue
[2024-04-12T07:49:44.270+0000] {logging_mixin.py:188} INFO - [2024-04-12T07:49:44.270+0000] {dagbag.py:540} INFO - Filling up the DagBag from /opt/airflow/dags/my_first_dag.py
[2024-04-12T07:49:44.275+0000] {processor.py:840} INFO - DAG(s) 'my_first_dag' retrieved from /opt/airflow/dags/my_first_dag.py
[2024-04-12T07:49:44.297+0000] {logging_mixin.py:188} INFO - [2024-04-12T07:49:44.297+0000] {dag.py:3096} INFO - Sync 1 DAGs
[2024-04-12T07:49:44.314+0000] {logging_mixin.py:188} INFO - [2024-04-12T07:49:44.314+0000] {dag.py:3954} INFO - Setting next_dagrun for my_first_dag to None, run_after=None
[2024-04-12T07:49:44.340+0000] {processor.py:183} INFO - Processing /opt/airflow/dags/my_first_dag.py took 0.079 seconds
[2024-04-12T07:50:15.142+0000] {processor.py:161} INFO - Started process (PID=20297) to work on /opt/airflow/dags/my_first_dag.py
[2024-04-12T07:50:15.144+0000] {processor.py:830} INFO - Processing file /opt/airflow/dags/my_first_dag.py for tasks to queue
[2024-04-12T07:50:15.146+0000] {logging_mixin.py:188} INFO - [2024-04-12T07:50:15.146+0000] {dagbag.py:540} INFO - Filling up the DagBag from /opt/airflow/dags/my_first_dag.py
[2024-04-12T07:50:15.150+0000] {processor.py:840} INFO - DAG(s) 'my_first_dag' retrieved from /opt/airflow/dags/my_first_dag.py
[2024-04-12T07:50:15.175+0000] {logging_mixin.py:188} INFO - [2024-04-12T07:50:15.174+0000] {dag.py:3096} INFO - Sync 1 DAGs
[2024-04-12T07:50:15.191+0000] {logging_mixin.py:188} INFO - [2024-04-12T07:50:15.190+0000] {dag.py:3954} INFO - Setting next_dagrun for my_first_dag to None, run_after=None
[2024-04-12T07:50:15.215+0000] {processor.py:183} INFO - Processing /opt/airflow/dags/my_first_dag.py took 0.079 seconds
[2024-04-12T07:50:46.153+0000] {processor.py:161} INFO - Started process (PID=20569) to work on /opt/airflow/dags/my_first_dag.py
[2024-04-12T07:50:46.154+0000] {processor.py:830} INFO - Processing file /opt/airflow/dags/my_first_dag.py for tasks to queue
[2024-04-12T07:50:46.156+0000] {logging_mixin.py:188} INFO - [2024-04-12T07:50:46.156+0000] {dagbag.py:540} INFO - Filling up the DagBag from /opt/airflow/dags/my_first_dag.py
[2024-04-12T07:50:46.161+0000] {processor.py:840} INFO - DAG(s) 'my_first_dag' retrieved from /opt/airflow/dags/my_first_dag.py
[2024-04-12T07:50:46.186+0000] {logging_mixin.py:188} INFO - [2024-04-12T07:50:46.185+0000] {dag.py:3096} INFO - Sync 1 DAGs
[2024-04-12T07:50:46.213+0000] {logging_mixin.py:188} INFO - [2024-04-12T07:50:46.213+0000] {dag.py:3954} INFO - Setting next_dagrun for my_first_dag to None, run_after=None
[2024-04-12T07:50:46.283+0000] {processor.py:183} INFO - Processing /opt/airflow/dags/my_first_dag.py took 0.137 seconds
[2024-04-12T07:51:16.356+0000] {processor.py:161} INFO - Started process (PID=20843) to work on /opt/airflow/dags/my_first_dag.py
[2024-04-12T07:51:16.357+0000] {processor.py:830} INFO - Processing file /opt/airflow/dags/my_first_dag.py for tasks to queue
[2024-04-12T07:51:16.360+0000] {logging_mixin.py:188} INFO - [2024-04-12T07:51:16.359+0000] {dagbag.py:540} INFO - Filling up the DagBag from /opt/airflow/dags/my_first_dag.py
[2024-04-12T07:51:16.365+0000] {processor.py:840} INFO - DAG(s) 'my_first_dag' retrieved from /opt/airflow/dags/my_first_dag.py
[2024-04-12T07:51:16.409+0000] {logging_mixin.py:188} INFO - [2024-04-12T07:51:16.409+0000] {dag.py:3096} INFO - Sync 1 DAGs
[2024-04-12T07:51:16.458+0000] {logging_mixin.py:188} INFO - [2024-04-12T07:51:16.458+0000] {dag.py:3954} INFO - Setting next_dagrun for my_first_dag to None, run_after=None
[2024-04-12T07:51:16.515+0000] {processor.py:183} INFO - Processing /opt/airflow/dags/my_first_dag.py took 0.167 seconds
[2024-04-12T07:51:46.886+0000] {processor.py:161} INFO - Started process (PID=21114) to work on /opt/airflow/dags/my_first_dag.py
[2024-04-12T07:51:46.894+0000] {processor.py:830} INFO - Processing file /opt/airflow/dags/my_first_dag.py for tasks to queue
[2024-04-12T07:51:46.899+0000] {logging_mixin.py:188} INFO - [2024-04-12T07:51:46.899+0000] {dagbag.py:540} INFO - Filling up the DagBag from /opt/airflow/dags/my_first_dag.py
[2024-04-12T07:51:46.911+0000] {processor.py:840} INFO - DAG(s) 'my_first_dag' retrieved from /opt/airflow/dags/my_first_dag.py
[2024-04-12T07:51:46.954+0000] {logging_mixin.py:188} INFO - [2024-04-12T07:51:46.954+0000] {dag.py:3096} INFO - Sync 1 DAGs
[2024-04-12T07:51:46.988+0000] {logging_mixin.py:188} INFO - [2024-04-12T07:51:46.988+0000] {dag.py:3954} INFO - Setting next_dagrun for my_first_dag to None, run_after=None
[2024-04-12T07:51:47.024+0000] {processor.py:183} INFO - Processing /opt/airflow/dags/my_first_dag.py took 0.156 seconds
[2024-04-12T07:52:17.578+0000] {processor.py:161} INFO - Started process (PID=21386) to work on /opt/airflow/dags/my_first_dag.py
[2024-04-12T07:52:17.580+0000] {processor.py:830} INFO - Processing file /opt/airflow/dags/my_first_dag.py for tasks to queue
[2024-04-12T07:52:17.587+0000] {logging_mixin.py:188} INFO - [2024-04-12T07:52:17.584+0000] {dagbag.py:540} INFO - Filling up the DagBag from /opt/airflow/dags/my_first_dag.py
[2024-04-12T07:52:17.592+0000] {processor.py:840} INFO - DAG(s) 'my_first_dag' retrieved from /opt/airflow/dags/my_first_dag.py
[2024-04-12T07:52:17.645+0000] {logging_mixin.py:188} INFO - [2024-04-12T07:52:17.645+0000] {dag.py:3096} INFO - Sync 1 DAGs
[2024-04-12T07:52:17.671+0000] {logging_mixin.py:188} INFO - [2024-04-12T07:52:17.670+0000] {dag.py:3954} INFO - Setting next_dagrun for my_first_dag to None, run_after=None
[2024-04-12T07:52:17.727+0000] {processor.py:183} INFO - Processing /opt/airflow/dags/my_first_dag.py took 0.177 seconds
[2024-04-12T07:52:47.820+0000] {processor.py:161} INFO - Started process (PID=21658) to work on /opt/airflow/dags/my_first_dag.py
[2024-04-12T07:52:47.821+0000] {processor.py:830} INFO - Processing file /opt/airflow/dags/my_first_dag.py for tasks to queue
[2024-04-12T07:52:47.823+0000] {logging_mixin.py:188} INFO - [2024-04-12T07:52:47.823+0000] {dagbag.py:540} INFO - Filling up the DagBag from /opt/airflow/dags/my_first_dag.py
[2024-04-12T07:52:47.827+0000] {processor.py:840} INFO - DAG(s) 'my_first_dag' retrieved from /opt/airflow/dags/my_first_dag.py
[2024-04-12T07:52:47.844+0000] {logging_mixin.py:188} INFO - [2024-04-12T07:52:47.843+0000] {dag.py:3096} INFO - Sync 1 DAGs
[2024-04-12T07:52:47.854+0000] {logging_mixin.py:188} INFO - [2024-04-12T07:52:47.854+0000] {dag.py:3954} INFO - Setting next_dagrun for my_first_dag to None, run_after=None
[2024-04-12T07:52:47.873+0000] {processor.py:183} INFO - Processing /opt/airflow/dags/my_first_dag.py took 0.060 seconds
[2024-04-12T07:53:18.109+0000] {processor.py:161} INFO - Started process (PID=21930) to work on /opt/airflow/dags/my_first_dag.py
[2024-04-12T07:53:18.110+0000] {processor.py:830} INFO - Processing file /opt/airflow/dags/my_first_dag.py for tasks to queue
[2024-04-12T07:53:18.116+0000] {logging_mixin.py:188} INFO - [2024-04-12T07:53:18.115+0000] {dagbag.py:540} INFO - Filling up the DagBag from /opt/airflow/dags/my_first_dag.py
[2024-04-12T07:53:18.121+0000] {processor.py:840} INFO - DAG(s) 'my_first_dag' retrieved from /opt/airflow/dags/my_first_dag.py
[2024-04-12T07:53:18.192+0000] {logging_mixin.py:188} INFO - [2024-04-12T07:53:18.192+0000] {dag.py:3096} INFO - Sync 1 DAGs
[2024-04-12T07:53:18.221+0000] {logging_mixin.py:188} INFO - [2024-04-12T07:53:18.220+0000] {dag.py:3954} INFO - Setting next_dagrun for my_first_dag to None, run_after=None
[2024-04-12T07:53:18.260+0000] {processor.py:183} INFO - Processing /opt/airflow/dags/my_first_dag.py took 0.168 seconds
[2024-04-12T07:53:48.460+0000] {processor.py:161} INFO - Started process (PID=22203) to work on /opt/airflow/dags/my_first_dag.py
[2024-04-12T07:53:48.460+0000] {processor.py:830} INFO - Processing file /opt/airflow/dags/my_first_dag.py for tasks to queue
[2024-04-12T07:53:48.462+0000] {logging_mixin.py:188} INFO - [2024-04-12T07:53:48.462+0000] {dagbag.py:540} INFO - Filling up the DagBag from /opt/airflow/dags/my_first_dag.py
[2024-04-12T07:53:48.467+0000] {processor.py:840} INFO - DAG(s) 'my_first_dag' retrieved from /opt/airflow/dags/my_first_dag.py
[2024-04-12T07:53:48.507+0000] {logging_mixin.py:188} INFO - [2024-04-12T07:53:48.500+0000] {dag.py:3096} INFO - Sync 1 DAGs
[2024-04-12T07:53:48.535+0000] {logging_mixin.py:188} INFO - [2024-04-12T07:53:48.535+0000] {dag.py:3954} INFO - Setting next_dagrun for my_first_dag to None, run_after=None
[2024-04-12T07:53:48.591+0000] {processor.py:183} INFO - Processing /opt/airflow/dags/my_first_dag.py took 0.145 seconds
[2024-04-12T07:54:18.684+0000] {processor.py:161} INFO - Started process (PID=22474) to work on /opt/airflow/dags/my_first_dag.py
[2024-04-12T07:54:18.689+0000] {processor.py:830} INFO - Processing file /opt/airflow/dags/my_first_dag.py for tasks to queue
[2024-04-12T07:54:18.691+0000] {logging_mixin.py:188} INFO - [2024-04-12T07:54:18.691+0000] {dagbag.py:540} INFO - Filling up the DagBag from /opt/airflow/dags/my_first_dag.py
[2024-04-12T07:54:18.695+0000] {processor.py:840} INFO - DAG(s) 'my_first_dag' retrieved from /opt/airflow/dags/my_first_dag.py
[2024-04-12T07:54:18.720+0000] {logging_mixin.py:188} INFO - [2024-04-12T07:54:18.719+0000] {dag.py:3096} INFO - Sync 1 DAGs
[2024-04-12T07:54:18.738+0000] {logging_mixin.py:188} INFO - [2024-04-12T07:54:18.738+0000] {dag.py:3954} INFO - Setting next_dagrun for my_first_dag to None, run_after=None
[2024-04-12T07:54:18.761+0000] {processor.py:183} INFO - Processing /opt/airflow/dags/my_first_dag.py took 0.084 seconds
[2024-04-12T07:54:49.127+0000] {processor.py:161} INFO - Started process (PID=22746) to work on /opt/airflow/dags/my_first_dag.py
[2024-04-12T07:54:49.129+0000] {processor.py:830} INFO - Processing file /opt/airflow/dags/my_first_dag.py for tasks to queue
[2024-04-12T07:54:49.132+0000] {logging_mixin.py:188} INFO - [2024-04-12T07:54:49.131+0000] {dagbag.py:540} INFO - Filling up the DagBag from /opt/airflow/dags/my_first_dag.py
[2024-04-12T07:54:49.136+0000] {processor.py:840} INFO - DAG(s) 'my_first_dag' retrieved from /opt/airflow/dags/my_first_dag.py
[2024-04-12T07:54:49.161+0000] {logging_mixin.py:188} INFO - [2024-04-12T07:54:49.160+0000] {dag.py:3096} INFO - Sync 1 DAGs
[2024-04-12T07:54:49.179+0000] {logging_mixin.py:188} INFO - [2024-04-12T07:54:49.178+0000] {dag.py:3954} INFO - Setting next_dagrun for my_first_dag to None, run_after=None
[2024-04-12T07:54:49.204+0000] {processor.py:183} INFO - Processing /opt/airflow/dags/my_first_dag.py took 0.087 seconds
