[2024-05-01T09:03:27.653+0000] {processor.py:161} INFO - Started process (PID=392) to work on /home/airflow/.local/lib/python3.12/site-packages/airflow/example_dags/example_setup_teardown.py
[2024-05-01T09:03:27.654+0000] {processor.py:830} INFO - Processing file /home/airflow/.local/lib/python3.12/site-packages/airflow/example_dags/example_setup_teardown.py for tasks to queue
[2024-05-01T09:03:27.655+0000] {logging_mixin.py:188} INFO - [2024-05-01T09:03:27.655+0000] {dagbag.py:540} INFO - Filling up the DagBag from /home/airflow/.local/lib/python3.12/site-packages/airflow/example_dags/example_setup_teardown.py
[2024-05-01T09:03:27.662+0000] {processor.py:840} INFO - DAG(s) 'example_setup_teardown' retrieved from /home/airflow/.local/lib/python3.12/site-packages/airflow/example_dags/example_setup_teardown.py
[2024-05-01T09:03:27.689+0000] {logging_mixin.py:188} INFO - [2024-05-01T09:03:27.689+0000] {dag.py:3096} INFO - Sync 1 DAGs
[2024-05-01T09:03:27.711+0000] {logging_mixin.py:188} INFO - [2024-05-01T09:03:27.711+0000] {dag.py:3954} INFO - Setting next_dagrun for example_setup_teardown to 2024-04-30 00:00:00+00:00, run_after=2024-05-01 00:00:00+00:00
[2024-05-01T09:03:27.737+0000] {processor.py:183} INFO - Processing /home/airflow/.local/lib/python3.12/site-packages/airflow/example_dags/example_setup_teardown.py took 0.091 seconds
[2024-05-01T09:03:58.729+0000] {processor.py:161} INFO - Started process (PID=666) to work on /home/airflow/.local/lib/python3.12/site-packages/airflow/example_dags/example_setup_teardown.py
[2024-05-01T09:03:58.730+0000] {processor.py:830} INFO - Processing file /home/airflow/.local/lib/python3.12/site-packages/airflow/example_dags/example_setup_teardown.py for tasks to queue
[2024-05-01T09:03:58.731+0000] {logging_mixin.py:188} INFO - [2024-05-01T09:03:58.731+0000] {dagbag.py:540} INFO - Filling up the DagBag from /home/airflow/.local/lib/python3.12/site-packages/airflow/example_dags/example_setup_teardown.py
[2024-05-01T09:03:58.738+0000] {processor.py:840} INFO - DAG(s) 'example_setup_teardown' retrieved from /home/airflow/.local/lib/python3.12/site-packages/airflow/example_dags/example_setup_teardown.py
[2024-05-01T09:03:58.761+0000] {logging_mixin.py:188} INFO - [2024-05-01T09:03:58.761+0000] {dag.py:3096} INFO - Sync 1 DAGs
[2024-05-01T09:03:58.787+0000] {logging_mixin.py:188} INFO - [2024-05-01T09:03:58.786+0000] {dag.py:3954} INFO - Setting next_dagrun for example_setup_teardown to 2024-04-30 00:00:00+00:00, run_after=2024-05-01 00:00:00+00:00
[2024-05-01T09:03:58.812+0000] {processor.py:183} INFO - Processing /home/airflow/.local/lib/python3.12/site-packages/airflow/example_dags/example_setup_teardown.py took 0.089 seconds
[2024-05-01T09:04:30.585+0000] {processor.py:161} INFO - Started process (PID=939) to work on /home/airflow/.local/lib/python3.12/site-packages/airflow/example_dags/example_setup_teardown.py
[2024-05-01T09:04:30.586+0000] {processor.py:830} INFO - Processing file /home/airflow/.local/lib/python3.12/site-packages/airflow/example_dags/example_setup_teardown.py for tasks to queue
[2024-05-01T09:04:30.587+0000] {logging_mixin.py:188} INFO - [2024-05-01T09:04:30.587+0000] {dagbag.py:540} INFO - Filling up the DagBag from /home/airflow/.local/lib/python3.12/site-packages/airflow/example_dags/example_setup_teardown.py
[2024-05-01T09:04:30.595+0000] {processor.py:840} INFO - DAG(s) 'example_setup_teardown' retrieved from /home/airflow/.local/lib/python3.12/site-packages/airflow/example_dags/example_setup_teardown.py
[2024-05-01T09:04:30.619+0000] {logging_mixin.py:188} INFO - [2024-05-01T09:04:30.619+0000] {dag.py:3096} INFO - Sync 1 DAGs
[2024-05-01T09:04:30.645+0000] {logging_mixin.py:188} INFO - [2024-05-01T09:04:30.645+0000] {dag.py:3954} INFO - Setting next_dagrun for example_setup_teardown to 2024-04-30 00:00:00+00:00, run_after=2024-05-01 00:00:00+00:00
[2024-05-01T09:04:30.673+0000] {processor.py:183} INFO - Processing /home/airflow/.local/lib/python3.12/site-packages/airflow/example_dags/example_setup_teardown.py took 0.094 seconds
[2024-05-01T09:05:01.050+0000] {processor.py:161} INFO - Started process (PID=1211) to work on /home/airflow/.local/lib/python3.12/site-packages/airflow/example_dags/example_setup_teardown.py
[2024-05-01T09:05:01.051+0000] {processor.py:830} INFO - Processing file /home/airflow/.local/lib/python3.12/site-packages/airflow/example_dags/example_setup_teardown.py for tasks to queue
[2024-05-01T09:05:01.052+0000] {logging_mixin.py:188} INFO - [2024-05-01T09:05:01.052+0000] {dagbag.py:540} INFO - Filling up the DagBag from /home/airflow/.local/lib/python3.12/site-packages/airflow/example_dags/example_setup_teardown.py
[2024-05-01T09:05:01.060+0000] {processor.py:840} INFO - DAG(s) 'example_setup_teardown' retrieved from /home/airflow/.local/lib/python3.12/site-packages/airflow/example_dags/example_setup_teardown.py
[2024-05-01T09:05:01.086+0000] {logging_mixin.py:188} INFO - [2024-05-01T09:05:01.086+0000] {dag.py:3096} INFO - Sync 1 DAGs
[2024-05-01T09:05:01.111+0000] {logging_mixin.py:188} INFO - [2024-05-01T09:05:01.111+0000] {dag.py:3954} INFO - Setting next_dagrun for example_setup_teardown to 2024-04-30 00:00:00+00:00, run_after=2024-05-01 00:00:00+00:00
[2024-05-01T09:05:01.139+0000] {processor.py:183} INFO - Processing /home/airflow/.local/lib/python3.12/site-packages/airflow/example_dags/example_setup_teardown.py took 0.096 seconds
[2024-05-01T09:05:31.780+0000] {processor.py:161} INFO - Started process (PID=1483) to work on /home/airflow/.local/lib/python3.12/site-packages/airflow/example_dags/example_setup_teardown.py
[2024-05-01T09:05:31.781+0000] {processor.py:830} INFO - Processing file /home/airflow/.local/lib/python3.12/site-packages/airflow/example_dags/example_setup_teardown.py for tasks to queue
[2024-05-01T09:05:31.783+0000] {logging_mixin.py:188} INFO - [2024-05-01T09:05:31.782+0000] {dagbag.py:540} INFO - Filling up the DagBag from /home/airflow/.local/lib/python3.12/site-packages/airflow/example_dags/example_setup_teardown.py
[2024-05-01T09:05:31.790+0000] {processor.py:840} INFO - DAG(s) 'example_setup_teardown' retrieved from /home/airflow/.local/lib/python3.12/site-packages/airflow/example_dags/example_setup_teardown.py
[2024-05-01T09:05:31.814+0000] {logging_mixin.py:188} INFO - [2024-05-01T09:05:31.814+0000] {dag.py:3096} INFO - Sync 1 DAGs
[2024-05-01T09:05:31.851+0000] {logging_mixin.py:188} INFO - [2024-05-01T09:05:31.850+0000] {dag.py:3954} INFO - Setting next_dagrun for example_setup_teardown to 2024-04-30 00:00:00+00:00, run_after=2024-05-01 00:00:00+00:00
[2024-05-01T09:05:31.879+0000] {processor.py:183} INFO - Processing /home/airflow/.local/lib/python3.12/site-packages/airflow/example_dags/example_setup_teardown.py took 0.105 seconds
[2024-05-01T09:06:02.328+0000] {processor.py:161} INFO - Started process (PID=1754) to work on /home/airflow/.local/lib/python3.12/site-packages/airflow/example_dags/example_setup_teardown.py
[2024-05-01T09:06:02.330+0000] {processor.py:830} INFO - Processing file /home/airflow/.local/lib/python3.12/site-packages/airflow/example_dags/example_setup_teardown.py for tasks to queue
[2024-05-01T09:06:02.332+0000] {logging_mixin.py:188} INFO - [2024-05-01T09:06:02.331+0000] {dagbag.py:540} INFO - Filling up the DagBag from /home/airflow/.local/lib/python3.12/site-packages/airflow/example_dags/example_setup_teardown.py
[2024-05-01T09:06:02.339+0000] {processor.py:840} INFO - DAG(s) 'example_setup_teardown' retrieved from /home/airflow/.local/lib/python3.12/site-packages/airflow/example_dags/example_setup_teardown.py
[2024-05-01T09:06:02.362+0000] {logging_mixin.py:188} INFO - [2024-05-01T09:06:02.361+0000] {dag.py:3096} INFO - Sync 1 DAGs
[2024-05-01T09:06:02.391+0000] {logging_mixin.py:188} INFO - [2024-05-01T09:06:02.390+0000] {dag.py:3954} INFO - Setting next_dagrun for example_setup_teardown to 2024-04-30 00:00:00+00:00, run_after=2024-05-01 00:00:00+00:00
[2024-05-01T09:06:02.416+0000] {processor.py:183} INFO - Processing /home/airflow/.local/lib/python3.12/site-packages/airflow/example_dags/example_setup_teardown.py took 0.093 seconds
