[2024-05-01T09:03:27.256+0000] {processor.py:161} INFO - Started process (PID=359) to work on /home/airflow/.local/lib/python3.12/site-packages/airflow/example_dags/example_subdag_operator.py
[2024-05-01T09:03:27.256+0000] {processor.py:830} INFO - Processing file /home/airflow/.local/lib/python3.12/site-packages/airflow/example_dags/example_subdag_operator.py for tasks to queue
[2024-05-01T09:03:27.258+0000] {logging_mixin.py:188} INFO - [2024-05-01T09:03:27.258+0000] {dagbag.py:540} INFO - Filling up the DagBag from /home/airflow/.local/lib/python3.12/site-packages/airflow/example_dags/example_subdag_operator.py
[2024-05-01T09:03:27.282+0000] {processor.py:840} INFO - DAG(s) 'example_subdag_operator.section-1', 'example_subdag_operator.section-2', 'example_subdag_operator' retrieved from /home/airflow/.local/lib/python3.12/site-packages/airflow/example_dags/example_subdag_operator.py
[2024-05-01T09:03:27.302+0000] {logging_mixin.py:188} INFO - [2024-05-01T09:03:27.301+0000] {dag.py:3096} INFO - Sync 3 DAGs
[2024-05-01T09:03:27.329+0000] {logging_mixin.py:188} INFO - [2024-05-01T09:03:27.328+0000] {dag.py:3954} INFO - Setting next_dagrun for example_subdag_operator to 2022-01-01 00:00:00+00:00, run_after=2022-01-01 00:00:00+00:00
[2024-05-01T09:03:27.333+0000] {logging_mixin.py:188} INFO - [2024-05-01T09:03:27.332+0000] {dag.py:3954} INFO - Setting next_dagrun for example_subdag_operator.section-1 to None, run_after=None
[2024-05-01T09:03:27.334+0000] {logging_mixin.py:188} INFO - [2024-05-01T09:03:27.334+0000] {dag.py:3954} INFO - Setting next_dagrun for example_subdag_operator.section-2 to None, run_after=None
[2024-05-01T09:03:27.342+0000] {logging_mixin.py:188} INFO - [2024-05-01T09:03:27.342+0000] {dag.py:3096} INFO - Sync 2 DAGs
[2024-05-01T09:03:27.347+0000] {logging_mixin.py:188} INFO - [2024-05-01T09:03:27.347+0000] {dag.py:3954} INFO - Setting next_dagrun for example_subdag_operator.section-1 to None, run_after=None
[2024-05-01T09:03:27.348+0000] {logging_mixin.py:188} INFO - [2024-05-01T09:03:27.347+0000] {dag.py:3954} INFO - Setting next_dagrun for example_subdag_operator.section-2 to None, run_after=None
[2024-05-01T09:03:27.364+0000] {processor.py:183} INFO - Processing /home/airflow/.local/lib/python3.12/site-packages/airflow/example_dags/example_subdag_operator.py took 0.114 seconds
[2024-05-01T09:03:58.153+0000] {processor.py:161} INFO - Started process (PID=631) to work on /home/airflow/.local/lib/python3.12/site-packages/airflow/example_dags/example_subdag_operator.py
[2024-05-01T09:03:58.154+0000] {processor.py:830} INFO - Processing file /home/airflow/.local/lib/python3.12/site-packages/airflow/example_dags/example_subdag_operator.py for tasks to queue
[2024-05-01T09:03:58.155+0000] {logging_mixin.py:188} INFO - [2024-05-01T09:03:58.155+0000] {dagbag.py:540} INFO - Filling up the DagBag from /home/airflow/.local/lib/python3.12/site-packages/airflow/example_dags/example_subdag_operator.py
[2024-05-01T09:03:58.173+0000] {processor.py:840} INFO - DAG(s) 'example_subdag_operator.section-1', 'example_subdag_operator.section-2', 'example_subdag_operator' retrieved from /home/airflow/.local/lib/python3.12/site-packages/airflow/example_dags/example_subdag_operator.py
[2024-05-01T09:03:58.186+0000] {logging_mixin.py:188} INFO - [2024-05-01T09:03:58.186+0000] {dag.py:3096} INFO - Sync 3 DAGs
[2024-05-01T09:03:58.203+0000] {logging_mixin.py:188} INFO - [2024-05-01T09:03:58.203+0000] {dag.py:3954} INFO - Setting next_dagrun for example_subdag_operator to 2022-01-01 00:00:00+00:00, run_after=2022-01-01 00:00:00+00:00
[2024-05-01T09:03:58.206+0000] {logging_mixin.py:188} INFO - [2024-05-01T09:03:58.206+0000] {dag.py:3954} INFO - Setting next_dagrun for example_subdag_operator.section-1 to None, run_after=None
[2024-05-01T09:03:58.207+0000] {logging_mixin.py:188} INFO - [2024-05-01T09:03:58.207+0000] {dag.py:3954} INFO - Setting next_dagrun for example_subdag_operator.section-2 to None, run_after=None
[2024-05-01T09:03:58.212+0000] {logging_mixin.py:188} INFO - [2024-05-01T09:03:58.212+0000] {dag.py:3096} INFO - Sync 2 DAGs
[2024-05-01T09:03:58.216+0000] {logging_mixin.py:188} INFO - [2024-05-01T09:03:58.216+0000] {dag.py:3954} INFO - Setting next_dagrun for example_subdag_operator.section-1 to None, run_after=None
[2024-05-01T09:03:58.216+0000] {logging_mixin.py:188} INFO - [2024-05-01T09:03:58.216+0000] {dag.py:3954} INFO - Setting next_dagrun for example_subdag_operator.section-2 to None, run_after=None
[2024-05-01T09:03:58.231+0000] {processor.py:183} INFO - Processing /home/airflow/.local/lib/python3.12/site-packages/airflow/example_dags/example_subdag_operator.py took 0.082 seconds
[2024-05-01T09:04:29.992+0000] {processor.py:161} INFO - Started process (PID=904) to work on /home/airflow/.local/lib/python3.12/site-packages/airflow/example_dags/example_subdag_operator.py
[2024-05-01T09:04:29.993+0000] {processor.py:830} INFO - Processing file /home/airflow/.local/lib/python3.12/site-packages/airflow/example_dags/example_subdag_operator.py for tasks to queue
[2024-05-01T09:04:29.994+0000] {logging_mixin.py:188} INFO - [2024-05-01T09:04:29.994+0000] {dagbag.py:540} INFO - Filling up the DagBag from /home/airflow/.local/lib/python3.12/site-packages/airflow/example_dags/example_subdag_operator.py
[2024-05-01T09:04:30.018+0000] {processor.py:840} INFO - DAG(s) 'example_subdag_operator.section-1', 'example_subdag_operator.section-2', 'example_subdag_operator' retrieved from /home/airflow/.local/lib/python3.12/site-packages/airflow/example_dags/example_subdag_operator.py
[2024-05-01T09:04:30.039+0000] {logging_mixin.py:188} INFO - [2024-05-01T09:04:30.039+0000] {dag.py:3096} INFO - Sync 3 DAGs
[2024-05-01T09:04:30.067+0000] {logging_mixin.py:188} INFO - [2024-05-01T09:04:30.067+0000] {dag.py:3954} INFO - Setting next_dagrun for example_subdag_operator to 2022-01-01 00:00:00+00:00, run_after=2022-01-01 00:00:00+00:00
[2024-05-01T09:04:30.072+0000] {logging_mixin.py:188} INFO - [2024-05-01T09:04:30.072+0000] {dag.py:3954} INFO - Setting next_dagrun for example_subdag_operator.section-1 to None, run_after=None
[2024-05-01T09:04:30.074+0000] {logging_mixin.py:188} INFO - [2024-05-01T09:04:30.073+0000] {dag.py:3954} INFO - Setting next_dagrun for example_subdag_operator.section-2 to None, run_after=None
[2024-05-01T09:04:30.082+0000] {logging_mixin.py:188} INFO - [2024-05-01T09:04:30.082+0000] {dag.py:3096} INFO - Sync 2 DAGs
[2024-05-01T09:04:30.088+0000] {logging_mixin.py:188} INFO - [2024-05-01T09:04:30.088+0000] {dag.py:3954} INFO - Setting next_dagrun for example_subdag_operator.section-1 to None, run_after=None
[2024-05-01T09:04:30.088+0000] {logging_mixin.py:188} INFO - [2024-05-01T09:04:30.088+0000] {dag.py:3954} INFO - Setting next_dagrun for example_subdag_operator.section-2 to None, run_after=None
[2024-05-01T09:04:30.106+0000] {processor.py:183} INFO - Processing /home/airflow/.local/lib/python3.12/site-packages/airflow/example_dags/example_subdag_operator.py took 0.118 seconds
[2024-05-01T09:05:00.422+0000] {processor.py:161} INFO - Started process (PID=1176) to work on /home/airflow/.local/lib/python3.12/site-packages/airflow/example_dags/example_subdag_operator.py
[2024-05-01T09:05:00.422+0000] {processor.py:830} INFO - Processing file /home/airflow/.local/lib/python3.12/site-packages/airflow/example_dags/example_subdag_operator.py for tasks to queue
[2024-05-01T09:05:00.424+0000] {logging_mixin.py:188} INFO - [2024-05-01T09:05:00.424+0000] {dagbag.py:540} INFO - Filling up the DagBag from /home/airflow/.local/lib/python3.12/site-packages/airflow/example_dags/example_subdag_operator.py
[2024-05-01T09:05:00.449+0000] {processor.py:840} INFO - DAG(s) 'example_subdag_operator.section-1', 'example_subdag_operator.section-2', 'example_subdag_operator' retrieved from /home/airflow/.local/lib/python3.12/site-packages/airflow/example_dags/example_subdag_operator.py
[2024-05-01T09:05:00.469+0000] {logging_mixin.py:188} INFO - [2024-05-01T09:05:00.469+0000] {dag.py:3096} INFO - Sync 3 DAGs
[2024-05-01T09:05:00.498+0000] {logging_mixin.py:188} INFO - [2024-05-01T09:05:00.498+0000] {dag.py:3954} INFO - Setting next_dagrun for example_subdag_operator to 2022-01-01 00:00:00+00:00, run_after=2022-01-01 00:00:00+00:00
[2024-05-01T09:05:00.503+0000] {logging_mixin.py:188} INFO - [2024-05-01T09:05:00.503+0000] {dag.py:3954} INFO - Setting next_dagrun for example_subdag_operator.section-1 to None, run_after=None
[2024-05-01T09:05:00.505+0000] {logging_mixin.py:188} INFO - [2024-05-01T09:05:00.504+0000] {dag.py:3954} INFO - Setting next_dagrun for example_subdag_operator.section-2 to None, run_after=None
[2024-05-01T09:05:00.512+0000] {logging_mixin.py:188} INFO - [2024-05-01T09:05:00.512+0000] {dag.py:3096} INFO - Sync 2 DAGs
[2024-05-01T09:05:00.518+0000] {logging_mixin.py:188} INFO - [2024-05-01T09:05:00.518+0000] {dag.py:3954} INFO - Setting next_dagrun for example_subdag_operator.section-1 to None, run_after=None
[2024-05-01T09:05:00.518+0000] {logging_mixin.py:188} INFO - [2024-05-01T09:05:00.518+0000] {dag.py:3954} INFO - Setting next_dagrun for example_subdag_operator.section-2 to None, run_after=None
[2024-05-01T09:05:00.537+0000] {processor.py:183} INFO - Processing /home/airflow/.local/lib/python3.12/site-packages/airflow/example_dags/example_subdag_operator.py took 0.122 seconds
[2024-05-01T09:05:31.263+0000] {processor.py:161} INFO - Started process (PID=1446) to work on /home/airflow/.local/lib/python3.12/site-packages/airflow/example_dags/example_subdag_operator.py
[2024-05-01T09:05:31.276+0000] {processor.py:830} INFO - Processing file /home/airflow/.local/lib/python3.12/site-packages/airflow/example_dags/example_subdag_operator.py for tasks to queue
[2024-05-01T09:05:31.278+0000] {logging_mixin.py:188} INFO - [2024-05-01T09:05:31.277+0000] {dagbag.py:540} INFO - Filling up the DagBag from /home/airflow/.local/lib/python3.12/site-packages/airflow/example_dags/example_subdag_operator.py
[2024-05-01T09:05:31.337+0000] {processor.py:840} INFO - DAG(s) 'example_subdag_operator.section-1', 'example_subdag_operator.section-2', 'example_subdag_operator' retrieved from /home/airflow/.local/lib/python3.12/site-packages/airflow/example_dags/example_subdag_operator.py
[2024-05-01T09:05:31.357+0000] {logging_mixin.py:188} INFO - [2024-05-01T09:05:31.357+0000] {dag.py:3096} INFO - Sync 3 DAGs
[2024-05-01T09:05:31.384+0000] {logging_mixin.py:188} INFO - [2024-05-01T09:05:31.384+0000] {dag.py:3954} INFO - Setting next_dagrun for example_subdag_operator to 2022-01-01 00:00:00+00:00, run_after=2022-01-01 00:00:00+00:00
[2024-05-01T09:05:31.390+0000] {logging_mixin.py:188} INFO - [2024-05-01T09:05:31.390+0000] {dag.py:3954} INFO - Setting next_dagrun for example_subdag_operator.section-1 to None, run_after=None
[2024-05-01T09:05:31.391+0000] {logging_mixin.py:188} INFO - [2024-05-01T09:05:31.391+0000] {dag.py:3954} INFO - Setting next_dagrun for example_subdag_operator.section-2 to None, run_after=None
[2024-05-01T09:05:31.398+0000] {logging_mixin.py:188} INFO - [2024-05-01T09:05:31.398+0000] {dag.py:3096} INFO - Sync 2 DAGs
[2024-05-01T09:05:31.404+0000] {logging_mixin.py:188} INFO - [2024-05-01T09:05:31.404+0000] {dag.py:3954} INFO - Setting next_dagrun for example_subdag_operator.section-1 to None, run_after=None
[2024-05-01T09:05:31.405+0000] {logging_mixin.py:188} INFO - [2024-05-01T09:05:31.404+0000] {dag.py:3954} INFO - Setting next_dagrun for example_subdag_operator.section-2 to None, run_after=None
[2024-05-01T09:05:31.423+0000] {processor.py:183} INFO - Processing /home/airflow/.local/lib/python3.12/site-packages/airflow/example_dags/example_subdag_operator.py took 0.170 seconds
[2024-05-01T09:06:01.755+0000] {processor.py:161} INFO - Started process (PID=1719) to work on /home/airflow/.local/lib/python3.12/site-packages/airflow/example_dags/example_subdag_operator.py
[2024-05-01T09:06:01.756+0000] {processor.py:830} INFO - Processing file /home/airflow/.local/lib/python3.12/site-packages/airflow/example_dags/example_subdag_operator.py for tasks to queue
[2024-05-01T09:06:01.758+0000] {logging_mixin.py:188} INFO - [2024-05-01T09:06:01.758+0000] {dagbag.py:540} INFO - Filling up the DagBag from /home/airflow/.local/lib/python3.12/site-packages/airflow/example_dags/example_subdag_operator.py
[2024-05-01T09:06:01.783+0000] {processor.py:840} INFO - DAG(s) 'example_subdag_operator.section-1', 'example_subdag_operator.section-2', 'example_subdag_operator' retrieved from /home/airflow/.local/lib/python3.12/site-packages/airflow/example_dags/example_subdag_operator.py
[2024-05-01T09:06:01.801+0000] {logging_mixin.py:188} INFO - [2024-05-01T09:06:01.800+0000] {dag.py:3096} INFO - Sync 3 DAGs
[2024-05-01T09:06:01.824+0000] {logging_mixin.py:188} INFO - [2024-05-01T09:06:01.824+0000] {dag.py:3954} INFO - Setting next_dagrun for example_subdag_operator to 2022-01-01 00:00:00+00:00, run_after=2022-01-01 00:00:00+00:00
[2024-05-01T09:06:01.828+0000] {logging_mixin.py:188} INFO - [2024-05-01T09:06:01.828+0000] {dag.py:3954} INFO - Setting next_dagrun for example_subdag_operator.section-1 to None, run_after=None
[2024-05-01T09:06:01.830+0000] {logging_mixin.py:188} INFO - [2024-05-01T09:06:01.830+0000] {dag.py:3954} INFO - Setting next_dagrun for example_subdag_operator.section-2 to None, run_after=None
[2024-05-01T09:06:01.837+0000] {logging_mixin.py:188} INFO - [2024-05-01T09:06:01.837+0000] {dag.py:3096} INFO - Sync 2 DAGs
[2024-05-01T09:06:01.843+0000] {logging_mixin.py:188} INFO - [2024-05-01T09:06:01.843+0000] {dag.py:3954} INFO - Setting next_dagrun for example_subdag_operator.section-1 to None, run_after=None
[2024-05-01T09:06:01.843+0000] {logging_mixin.py:188} INFO - [2024-05-01T09:06:01.843+0000] {dag.py:3954} INFO - Setting next_dagrun for example_subdag_operator.section-2 to None, run_after=None
[2024-05-01T09:06:01.863+0000] {processor.py:183} INFO - Processing /home/airflow/.local/lib/python3.12/site-packages/airflow/example_dags/example_subdag_operator.py took 0.113 seconds
