[2024-05-01T09:03:25.001+0000] {processor.py:161} INFO - Started process (PID=234) to work on /home/airflow/.local/lib/python3.12/site-packages/airflow/example_dags/example_branch_python_dop_operator_3.py
[2024-05-01T09:03:25.002+0000] {processor.py:830} INFO - Processing file /home/airflow/.local/lib/python3.12/site-packages/airflow/example_dags/example_branch_python_dop_operator_3.py for tasks to queue
[2024-05-01T09:03:25.003+0000] {logging_mixin.py:188} INFO - [2024-05-01T09:03:25.003+0000] {dagbag.py:540} INFO - Filling up the DagBag from /home/airflow/.local/lib/python3.12/site-packages/airflow/example_dags/example_branch_python_dop_operator_3.py
[2024-05-01T09:03:25.012+0000] {processor.py:840} INFO - DAG(s) 'example_branch_dop_operator_v3' retrieved from /home/airflow/.local/lib/python3.12/site-packages/airflow/example_dags/example_branch_python_dop_operator_3.py
[2024-05-01T09:03:25.033+0000] {logging_mixin.py:188} INFO - [2024-05-01T09:03:25.033+0000] {dag.py:3096} INFO - Sync 1 DAGs
[2024-05-01T09:03:25.053+0000] {logging_mixin.py:188} INFO - [2024-05-01T09:03:25.052+0000] {dag.py:3954} INFO - Setting next_dagrun for example_branch_dop_operator_v3 to 2024-05-01 09:02:00+00:00, run_after=2024-05-01 09:03:00+00:00
[2024-05-01T09:03:25.073+0000] {processor.py:183} INFO - Processing /home/airflow/.local/lib/python3.12/site-packages/airflow/example_dags/example_branch_python_dop_operator_3.py took 0.076 seconds
[2024-05-01T09:03:55.237+0000] {processor.py:161} INFO - Started process (PID=506) to work on /home/airflow/.local/lib/python3.12/site-packages/airflow/example_dags/example_branch_python_dop_operator_3.py
[2024-05-01T09:03:55.238+0000] {processor.py:830} INFO - Processing file /home/airflow/.local/lib/python3.12/site-packages/airflow/example_dags/example_branch_python_dop_operator_3.py for tasks to queue
[2024-05-01T09:03:55.239+0000] {logging_mixin.py:188} INFO - [2024-05-01T09:03:55.239+0000] {dagbag.py:540} INFO - Filling up the DagBag from /home/airflow/.local/lib/python3.12/site-packages/airflow/example_dags/example_branch_python_dop_operator_3.py
[2024-05-01T09:03:55.246+0000] {processor.py:840} INFO - DAG(s) 'example_branch_dop_operator_v3' retrieved from /home/airflow/.local/lib/python3.12/site-packages/airflow/example_dags/example_branch_python_dop_operator_3.py
[2024-05-01T09:03:55.262+0000] {logging_mixin.py:188} INFO - [2024-05-01T09:03:55.262+0000] {dag.py:3096} INFO - Sync 1 DAGs
[2024-05-01T09:03:55.282+0000] {logging_mixin.py:188} INFO - [2024-05-01T09:03:55.282+0000] {dag.py:3954} INFO - Setting next_dagrun for example_branch_dop_operator_v3 to 2024-05-01 09:02:00+00:00, run_after=2024-05-01 09:03:00+00:00
[2024-05-01T09:03:55.303+0000] {processor.py:183} INFO - Processing /home/airflow/.local/lib/python3.12/site-packages/airflow/example_dags/example_branch_python_dop_operator_3.py took 0.071 seconds
[2024-05-01T09:04:26.723+0000] {processor.py:161} INFO - Started process (PID=777) to work on /home/airflow/.local/lib/python3.12/site-packages/airflow/example_dags/example_branch_python_dop_operator_3.py
[2024-05-01T09:04:26.723+0000] {processor.py:830} INFO - Processing file /home/airflow/.local/lib/python3.12/site-packages/airflow/example_dags/example_branch_python_dop_operator_3.py for tasks to queue
[2024-05-01T09:04:26.735+0000] {logging_mixin.py:188} INFO - [2024-05-01T09:04:26.725+0000] {dagbag.py:540} INFO - Filling up the DagBag from /home/airflow/.local/lib/python3.12/site-packages/airflow/example_dags/example_branch_python_dop_operator_3.py
[2024-05-01T09:04:26.770+0000] {processor.py:840} INFO - DAG(s) 'example_branch_dop_operator_v3' retrieved from /home/airflow/.local/lib/python3.12/site-packages/airflow/example_dags/example_branch_python_dop_operator_3.py
[2024-05-01T09:04:26.824+0000] {logging_mixin.py:188} INFO - [2024-05-01T09:04:26.824+0000] {dag.py:3096} INFO - Sync 1 DAGs
[2024-05-01T09:04:26.898+0000] {logging_mixin.py:188} INFO - [2024-05-01T09:04:26.898+0000] {dag.py:3954} INFO - Setting next_dagrun for example_branch_dop_operator_v3 to 2024-05-01 09:03:00+00:00, run_after=2024-05-01 09:04:00+00:00
[2024-05-01T09:04:26.964+0000] {processor.py:183} INFO - Processing /home/airflow/.local/lib/python3.12/site-packages/airflow/example_dags/example_branch_python_dop_operator_3.py took 0.250 seconds
[2024-05-01T09:04:57.767+0000] {processor.py:161} INFO - Started process (PID=1049) to work on /home/airflow/.local/lib/python3.12/site-packages/airflow/example_dags/example_branch_python_dop_operator_3.py
[2024-05-01T09:04:57.773+0000] {processor.py:830} INFO - Processing file /home/airflow/.local/lib/python3.12/site-packages/airflow/example_dags/example_branch_python_dop_operator_3.py for tasks to queue
[2024-05-01T09:04:57.775+0000] {logging_mixin.py:188} INFO - [2024-05-01T09:04:57.774+0000] {dagbag.py:540} INFO - Filling up the DagBag from /home/airflow/.local/lib/python3.12/site-packages/airflow/example_dags/example_branch_python_dop_operator_3.py
[2024-05-01T09:04:57.796+0000] {processor.py:840} INFO - DAG(s) 'example_branch_dop_operator_v3' retrieved from /home/airflow/.local/lib/python3.12/site-packages/airflow/example_dags/example_branch_python_dop_operator_3.py
[2024-05-01T09:04:57.830+0000] {logging_mixin.py:188} INFO - [2024-05-01T09:04:57.830+0000] {dag.py:3096} INFO - Sync 1 DAGs
[2024-05-01T09:04:57.866+0000] {logging_mixin.py:188} INFO - [2024-05-01T09:04:57.866+0000] {dag.py:3954} INFO - Setting next_dagrun for example_branch_dop_operator_v3 to 2024-05-01 09:03:00+00:00, run_after=2024-05-01 09:04:00+00:00
[2024-05-01T09:04:57.918+0000] {processor.py:183} INFO - Processing /home/airflow/.local/lib/python3.12/site-packages/airflow/example_dags/example_branch_python_dop_operator_3.py took 0.158 seconds
[2024-05-01T09:05:28.212+0000] {processor.py:161} INFO - Started process (PID=1321) to work on /home/airflow/.local/lib/python3.12/site-packages/airflow/example_dags/example_branch_python_dop_operator_3.py
[2024-05-01T09:05:28.213+0000] {processor.py:830} INFO - Processing file /home/airflow/.local/lib/python3.12/site-packages/airflow/example_dags/example_branch_python_dop_operator_3.py for tasks to queue
[2024-05-01T09:05:28.214+0000] {logging_mixin.py:188} INFO - [2024-05-01T09:05:28.214+0000] {dagbag.py:540} INFO - Filling up the DagBag from /home/airflow/.local/lib/python3.12/site-packages/airflow/example_dags/example_branch_python_dop_operator_3.py
[2024-05-01T09:05:28.224+0000] {processor.py:840} INFO - DAG(s) 'example_branch_dop_operator_v3' retrieved from /home/airflow/.local/lib/python3.12/site-packages/airflow/example_dags/example_branch_python_dop_operator_3.py
[2024-05-01T09:05:28.248+0000] {logging_mixin.py:188} INFO - [2024-05-01T09:05:28.248+0000] {dag.py:3096} INFO - Sync 1 DAGs
[2024-05-01T09:05:28.277+0000] {logging_mixin.py:188} INFO - [2024-05-01T09:05:28.276+0000] {dag.py:3954} INFO - Setting next_dagrun for example_branch_dop_operator_v3 to 2024-05-01 09:04:00+00:00, run_after=2024-05-01 09:05:00+00:00
[2024-05-01T09:05:28.303+0000] {processor.py:183} INFO - Processing /home/airflow/.local/lib/python3.12/site-packages/airflow/example_dags/example_branch_python_dop_operator_3.py took 0.099 seconds
[2024-05-01T09:05:58.565+0000] {processor.py:161} INFO - Started process (PID=1594) to work on /home/airflow/.local/lib/python3.12/site-packages/airflow/example_dags/example_branch_python_dop_operator_3.py
[2024-05-01T09:05:58.566+0000] {processor.py:830} INFO - Processing file /home/airflow/.local/lib/python3.12/site-packages/airflow/example_dags/example_branch_python_dop_operator_3.py for tasks to queue
[2024-05-01T09:05:58.567+0000] {logging_mixin.py:188} INFO - [2024-05-01T09:05:58.567+0000] {dagbag.py:540} INFO - Filling up the DagBag from /home/airflow/.local/lib/python3.12/site-packages/airflow/example_dags/example_branch_python_dop_operator_3.py
[2024-05-01T09:05:58.577+0000] {processor.py:840} INFO - DAG(s) 'example_branch_dop_operator_v3' retrieved from /home/airflow/.local/lib/python3.12/site-packages/airflow/example_dags/example_branch_python_dop_operator_3.py
[2024-05-01T09:05:58.598+0000] {logging_mixin.py:188} INFO - [2024-05-01T09:05:58.598+0000] {dag.py:3096} INFO - Sync 1 DAGs
[2024-05-01T09:05:58.627+0000] {logging_mixin.py:188} INFO - [2024-05-01T09:05:58.626+0000] {dag.py:3954} INFO - Setting next_dagrun for example_branch_dop_operator_v3 to 2024-05-01 09:04:00+00:00, run_after=2024-05-01 09:05:00+00:00
[2024-05-01T09:05:58.651+0000] {processor.py:183} INFO - Processing /home/airflow/.local/lib/python3.12/site-packages/airflow/example_dags/example_branch_python_dop_operator_3.py took 0.092 seconds
