[2024-05-01T09:03:26.284+0000] {processor.py:161} INFO - Started process (PID=304) to work on /home/airflow/.local/lib/python3.12/site-packages/airflow/example_dags/example_nested_branch_dag.py
[2024-05-01T09:03:26.284+0000] {processor.py:830} INFO - Processing file /home/airflow/.local/lib/python3.12/site-packages/airflow/example_dags/example_nested_branch_dag.py for tasks to queue
[2024-05-01T09:03:26.286+0000] {logging_mixin.py:188} INFO - [2024-05-01T09:03:26.286+0000] {dagbag.py:540} INFO - Filling up the DagBag from /home/airflow/.local/lib/python3.12/site-packages/airflow/example_dags/example_nested_branch_dag.py
[2024-05-01T09:03:26.299+0000] {processor.py:840} INFO - DAG(s) 'example_nested_branch_dag' retrieved from /home/airflow/.local/lib/python3.12/site-packages/airflow/example_dags/example_nested_branch_dag.py
[2024-05-01T09:03:26.327+0000] {logging_mixin.py:188} INFO - [2024-05-01T09:03:26.327+0000] {dag.py:3096} INFO - Sync 1 DAGs
[2024-05-01T09:03:26.354+0000] {logging_mixin.py:188} INFO - [2024-05-01T09:03:26.354+0000] {dag.py:3954} INFO - Setting next_dagrun for example_nested_branch_dag to 2024-04-30 00:00:00+00:00, run_after=2024-05-01 00:00:00+00:00
[2024-05-01T09:03:26.379+0000] {processor.py:183} INFO - Processing /home/airflow/.local/lib/python3.12/site-packages/airflow/example_dags/example_nested_branch_dag.py took 0.101 seconds
[2024-05-01T09:03:57.315+0000] {processor.py:161} INFO - Started process (PID=574) to work on /home/airflow/.local/lib/python3.12/site-packages/airflow/example_dags/example_nested_branch_dag.py
[2024-05-01T09:03:57.316+0000] {processor.py:830} INFO - Processing file /home/airflow/.local/lib/python3.12/site-packages/airflow/example_dags/example_nested_branch_dag.py for tasks to queue
[2024-05-01T09:03:57.318+0000] {logging_mixin.py:188} INFO - [2024-05-01T09:03:57.317+0000] {dagbag.py:540} INFO - Filling up the DagBag from /home/airflow/.local/lib/python3.12/site-packages/airflow/example_dags/example_nested_branch_dag.py
[2024-05-01T09:03:57.329+0000] {processor.py:840} INFO - DAG(s) 'example_nested_branch_dag' retrieved from /home/airflow/.local/lib/python3.12/site-packages/airflow/example_dags/example_nested_branch_dag.py
[2024-05-01T09:03:57.354+0000] {logging_mixin.py:188} INFO - [2024-05-01T09:03:57.353+0000] {dag.py:3096} INFO - Sync 1 DAGs
[2024-05-01T09:03:57.386+0000] {logging_mixin.py:188} INFO - [2024-05-01T09:03:57.386+0000] {dag.py:3954} INFO - Setting next_dagrun for example_nested_branch_dag to 2024-04-30 00:00:00+00:00, run_after=2024-05-01 00:00:00+00:00
[2024-05-01T09:03:57.410+0000] {processor.py:183} INFO - Processing /home/airflow/.local/lib/python3.12/site-packages/airflow/example_dags/example_nested_branch_dag.py took 0.100 seconds
[2024-05-01T09:04:28.842+0000] {processor.py:161} INFO - Started process (PID=847) to work on /home/airflow/.local/lib/python3.12/site-packages/airflow/example_dags/example_nested_branch_dag.py
[2024-05-01T09:04:28.843+0000] {processor.py:830} INFO - Processing file /home/airflow/.local/lib/python3.12/site-packages/airflow/example_dags/example_nested_branch_dag.py for tasks to queue
[2024-05-01T09:04:28.852+0000] {logging_mixin.py:188} INFO - [2024-05-01T09:04:28.852+0000] {dagbag.py:540} INFO - Filling up the DagBag from /home/airflow/.local/lib/python3.12/site-packages/airflow/example_dags/example_nested_branch_dag.py
[2024-05-01T09:04:28.906+0000] {processor.py:840} INFO - DAG(s) 'example_nested_branch_dag' retrieved from /home/airflow/.local/lib/python3.12/site-packages/airflow/example_dags/example_nested_branch_dag.py
[2024-05-01T09:04:28.951+0000] {logging_mixin.py:188} INFO - [2024-05-01T09:04:28.950+0000] {dag.py:3096} INFO - Sync 1 DAGs
[2024-05-01T09:04:28.978+0000] {logging_mixin.py:188} INFO - [2024-05-01T09:04:28.978+0000] {dag.py:3954} INFO - Setting next_dagrun for example_nested_branch_dag to 2024-04-30 00:00:00+00:00, run_after=2024-05-01 00:00:00+00:00
[2024-05-01T09:04:29.004+0000] {processor.py:183} INFO - Processing /home/airflow/.local/lib/python3.12/site-packages/airflow/example_dags/example_nested_branch_dag.py took 0.181 seconds
[2024-05-01T09:04:59.345+0000] {processor.py:161} INFO - Started process (PID=1121) to work on /home/airflow/.local/lib/python3.12/site-packages/airflow/example_dags/example_nested_branch_dag.py
[2024-05-01T09:04:59.346+0000] {processor.py:830} INFO - Processing file /home/airflow/.local/lib/python3.12/site-packages/airflow/example_dags/example_nested_branch_dag.py for tasks to queue
[2024-05-01T09:04:59.347+0000] {logging_mixin.py:188} INFO - [2024-05-01T09:04:59.347+0000] {dagbag.py:540} INFO - Filling up the DagBag from /home/airflow/.local/lib/python3.12/site-packages/airflow/example_dags/example_nested_branch_dag.py
[2024-05-01T09:04:59.358+0000] {processor.py:840} INFO - DAG(s) 'example_nested_branch_dag' retrieved from /home/airflow/.local/lib/python3.12/site-packages/airflow/example_dags/example_nested_branch_dag.py
[2024-05-01T09:04:59.384+0000] {logging_mixin.py:188} INFO - [2024-05-01T09:04:59.384+0000] {dag.py:3096} INFO - Sync 1 DAGs
[2024-05-01T09:04:59.412+0000] {logging_mixin.py:188} INFO - [2024-05-01T09:04:59.412+0000] {dag.py:3954} INFO - Setting next_dagrun for example_nested_branch_dag to 2024-04-30 00:00:00+00:00, run_after=2024-05-01 00:00:00+00:00
[2024-05-01T09:04:59.436+0000] {processor.py:183} INFO - Processing /home/airflow/.local/lib/python3.12/site-packages/airflow/example_dags/example_nested_branch_dag.py took 0.098 seconds
[2024-05-01T09:05:30.220+0000] {processor.py:161} INFO - Started process (PID=1391) to work on /home/airflow/.local/lib/python3.12/site-packages/airflow/example_dags/example_nested_branch_dag.py
[2024-05-01T09:05:30.221+0000] {processor.py:830} INFO - Processing file /home/airflow/.local/lib/python3.12/site-packages/airflow/example_dags/example_nested_branch_dag.py for tasks to queue
[2024-05-01T09:05:30.223+0000] {logging_mixin.py:188} INFO - [2024-05-01T09:05:30.222+0000] {dagbag.py:540} INFO - Filling up the DagBag from /home/airflow/.local/lib/python3.12/site-packages/airflow/example_dags/example_nested_branch_dag.py
[2024-05-01T09:05:30.234+0000] {processor.py:840} INFO - DAG(s) 'example_nested_branch_dag' retrieved from /home/airflow/.local/lib/python3.12/site-packages/airflow/example_dags/example_nested_branch_dag.py
[2024-05-01T09:05:30.262+0000] {logging_mixin.py:188} INFO - [2024-05-01T09:05:30.262+0000] {dag.py:3096} INFO - Sync 1 DAGs
[2024-05-01T09:05:30.288+0000] {logging_mixin.py:188} INFO - [2024-05-01T09:05:30.288+0000] {dag.py:3954} INFO - Setting next_dagrun for example_nested_branch_dag to 2024-04-30 00:00:00+00:00, run_after=2024-05-01 00:00:00+00:00
[2024-05-01T09:05:30.315+0000] {processor.py:183} INFO - Processing /home/airflow/.local/lib/python3.12/site-packages/airflow/example_dags/example_nested_branch_dag.py took 0.102 seconds
[2024-05-01T09:06:00.496+0000] {processor.py:161} INFO - Started process (PID=1664) to work on /home/airflow/.local/lib/python3.12/site-packages/airflow/example_dags/example_nested_branch_dag.py
[2024-05-01T09:06:00.497+0000] {processor.py:830} INFO - Processing file /home/airflow/.local/lib/python3.12/site-packages/airflow/example_dags/example_nested_branch_dag.py for tasks to queue
[2024-05-01T09:06:00.499+0000] {logging_mixin.py:188} INFO - [2024-05-01T09:06:00.499+0000] {dagbag.py:540} INFO - Filling up the DagBag from /home/airflow/.local/lib/python3.12/site-packages/airflow/example_dags/example_nested_branch_dag.py
[2024-05-01T09:06:00.514+0000] {processor.py:840} INFO - DAG(s) 'example_nested_branch_dag' retrieved from /home/airflow/.local/lib/python3.12/site-packages/airflow/example_dags/example_nested_branch_dag.py
[2024-05-01T09:06:00.538+0000] {logging_mixin.py:188} INFO - [2024-05-01T09:06:00.537+0000] {dag.py:3096} INFO - Sync 1 DAGs
[2024-05-01T09:06:00.564+0000] {logging_mixin.py:188} INFO - [2024-05-01T09:06:00.564+0000] {dag.py:3954} INFO - Setting next_dagrun for example_nested_branch_dag to 2024-04-30 00:00:00+00:00, run_after=2024-05-01 00:00:00+00:00
[2024-05-01T09:06:00.590+0000] {processor.py:183} INFO - Processing /home/airflow/.local/lib/python3.12/site-packages/airflow/example_dags/example_nested_branch_dag.py took 0.104 seconds
