[2024-05-01T09:03:25.472+0000] {processor.py:161} INFO - Started process (PID=262) to work on /home/airflow/.local/lib/python3.12/site-packages/airflow/example_dags/example_short_circuit_decorator.py
[2024-05-01T09:03:25.473+0000] {processor.py:830} INFO - Processing file /home/airflow/.local/lib/python3.12/site-packages/airflow/example_dags/example_short_circuit_decorator.py for tasks to queue
[2024-05-01T09:03:25.474+0000] {logging_mixin.py:188} INFO - [2024-05-01T09:03:25.474+0000] {dagbag.py:540} INFO - Filling up the DagBag from /home/airflow/.local/lib/python3.12/site-packages/airflow/example_dags/example_short_circuit_decorator.py
[2024-05-01T09:03:25.483+0000] {processor.py:840} INFO - DAG(s) 'example_short_circuit_decorator' retrieved from /home/airflow/.local/lib/python3.12/site-packages/airflow/example_dags/example_short_circuit_decorator.py
[2024-05-01T09:03:25.515+0000] {logging_mixin.py:188} INFO - [2024-05-01T09:03:25.514+0000] {dag.py:3096} INFO - Sync 1 DAGs
[2024-05-01T09:03:25.543+0000] {logging_mixin.py:188} INFO - [2024-05-01T09:03:25.542+0000] {dag.py:3954} INFO - Setting next_dagrun for example_short_circuit_decorator to 2024-04-30 00:00:00+00:00, run_after=2024-05-01 00:00:00+00:00
[2024-05-01T09:03:25.571+0000] {processor.py:183} INFO - Processing /home/airflow/.local/lib/python3.12/site-packages/airflow/example_dags/example_short_circuit_decorator.py took 0.105 seconds
[2024-05-01T09:03:55.617+0000] {processor.py:161} INFO - Started process (PID=534) to work on /home/airflow/.local/lib/python3.12/site-packages/airflow/example_dags/example_short_circuit_decorator.py
[2024-05-01T09:03:55.618+0000] {processor.py:830} INFO - Processing file /home/airflow/.local/lib/python3.12/site-packages/airflow/example_dags/example_short_circuit_decorator.py for tasks to queue
[2024-05-01T09:03:55.620+0000] {logging_mixin.py:188} INFO - [2024-05-01T09:03:55.620+0000] {dagbag.py:540} INFO - Filling up the DagBag from /home/airflow/.local/lib/python3.12/site-packages/airflow/example_dags/example_short_circuit_decorator.py
[2024-05-01T09:03:55.641+0000] {processor.py:840} INFO - DAG(s) 'example_short_circuit_decorator' retrieved from /home/airflow/.local/lib/python3.12/site-packages/airflow/example_dags/example_short_circuit_decorator.py
[2024-05-01T09:03:55.669+0000] {logging_mixin.py:188} INFO - [2024-05-01T09:03:55.668+0000] {dag.py:3096} INFO - Sync 1 DAGs
[2024-05-01T09:03:55.695+0000] {logging_mixin.py:188} INFO - [2024-05-01T09:03:55.694+0000] {dag.py:3954} INFO - Setting next_dagrun for example_short_circuit_decorator to 2024-04-30 00:00:00+00:00, run_after=2024-05-01 00:00:00+00:00
[2024-05-01T09:03:55.719+0000] {processor.py:183} INFO - Processing /home/airflow/.local/lib/python3.12/site-packages/airflow/example_dags/example_short_circuit_decorator.py took 0.108 seconds
[2024-05-01T09:04:27.752+0000] {processor.py:161} INFO - Started process (PID=807) to work on /home/airflow/.local/lib/python3.12/site-packages/airflow/example_dags/example_short_circuit_decorator.py
[2024-05-01T09:04:27.753+0000] {processor.py:830} INFO - Processing file /home/airflow/.local/lib/python3.12/site-packages/airflow/example_dags/example_short_circuit_decorator.py for tasks to queue
[2024-05-01T09:04:27.757+0000] {logging_mixin.py:188} INFO - [2024-05-01T09:04:27.756+0000] {dagbag.py:540} INFO - Filling up the DagBag from /home/airflow/.local/lib/python3.12/site-packages/airflow/example_dags/example_short_circuit_decorator.py
[2024-05-01T09:04:27.773+0000] {processor.py:840} INFO - DAG(s) 'example_short_circuit_decorator' retrieved from /home/airflow/.local/lib/python3.12/site-packages/airflow/example_dags/example_short_circuit_decorator.py
[2024-05-01T09:04:27.848+0000] {logging_mixin.py:188} INFO - [2024-05-01T09:04:27.848+0000] {dag.py:3096} INFO - Sync 1 DAGs
[2024-05-01T09:04:27.891+0000] {logging_mixin.py:188} INFO - [2024-05-01T09:04:27.891+0000] {dag.py:3954} INFO - Setting next_dagrun for example_short_circuit_decorator to 2024-04-30 00:00:00+00:00, run_after=2024-05-01 00:00:00+00:00
[2024-05-01T09:04:27.946+0000] {processor.py:183} INFO - Processing /home/airflow/.local/lib/python3.12/site-packages/airflow/example_dags/example_short_circuit_decorator.py took 0.210 seconds
[2024-05-01T09:04:58.374+0000] {processor.py:161} INFO - Started process (PID=1077) to work on /home/airflow/.local/lib/python3.12/site-packages/airflow/example_dags/example_short_circuit_decorator.py
[2024-05-01T09:04:58.378+0000] {processor.py:830} INFO - Processing file /home/airflow/.local/lib/python3.12/site-packages/airflow/example_dags/example_short_circuit_decorator.py for tasks to queue
[2024-05-01T09:04:58.380+0000] {logging_mixin.py:188} INFO - [2024-05-01T09:04:58.380+0000] {dagbag.py:540} INFO - Filling up the DagBag from /home/airflow/.local/lib/python3.12/site-packages/airflow/example_dags/example_short_circuit_decorator.py
[2024-05-01T09:04:58.395+0000] {processor.py:840} INFO - DAG(s) 'example_short_circuit_decorator' retrieved from /home/airflow/.local/lib/python3.12/site-packages/airflow/example_dags/example_short_circuit_decorator.py
[2024-05-01T09:04:58.460+0000] {logging_mixin.py:188} INFO - [2024-05-01T09:04:58.460+0000] {dag.py:3096} INFO - Sync 1 DAGs
[2024-05-01T09:04:58.505+0000] {logging_mixin.py:188} INFO - [2024-05-01T09:04:58.505+0000] {dag.py:3954} INFO - Setting next_dagrun for example_short_circuit_decorator to 2024-04-30 00:00:00+00:00, run_after=2024-05-01 00:00:00+00:00
[2024-05-01T09:04:58.550+0000] {processor.py:183} INFO - Processing /home/airflow/.local/lib/python3.12/site-packages/airflow/example_dags/example_short_circuit_decorator.py took 0.187 seconds
[2024-05-01T09:05:28.682+0000] {processor.py:161} INFO - Started process (PID=1351) to work on /home/airflow/.local/lib/python3.12/site-packages/airflow/example_dags/example_short_circuit_decorator.py
[2024-05-01T09:05:28.683+0000] {processor.py:830} INFO - Processing file /home/airflow/.local/lib/python3.12/site-packages/airflow/example_dags/example_short_circuit_decorator.py for tasks to queue
[2024-05-01T09:05:28.685+0000] {logging_mixin.py:188} INFO - [2024-05-01T09:05:28.684+0000] {dagbag.py:540} INFO - Filling up the DagBag from /home/airflow/.local/lib/python3.12/site-packages/airflow/example_dags/example_short_circuit_decorator.py
[2024-05-01T09:05:28.695+0000] {processor.py:840} INFO - DAG(s) 'example_short_circuit_decorator' retrieved from /home/airflow/.local/lib/python3.12/site-packages/airflow/example_dags/example_short_circuit_decorator.py
[2024-05-01T09:05:28.722+0000] {logging_mixin.py:188} INFO - [2024-05-01T09:05:28.722+0000] {dag.py:3096} INFO - Sync 1 DAGs
[2024-05-01T09:05:28.758+0000] {logging_mixin.py:188} INFO - [2024-05-01T09:05:28.758+0000] {dag.py:3954} INFO - Setting next_dagrun for example_short_circuit_decorator to 2024-04-30 00:00:00+00:00, run_after=2024-05-01 00:00:00+00:00
[2024-05-01T09:05:28.797+0000] {processor.py:183} INFO - Processing /home/airflow/.local/lib/python3.12/site-packages/airflow/example_dags/example_short_circuit_decorator.py took 0.120 seconds
[2024-05-01T09:05:58.983+0000] {processor.py:161} INFO - Started process (PID=1624) to work on /home/airflow/.local/lib/python3.12/site-packages/airflow/example_dags/example_short_circuit_decorator.py
[2024-05-01T09:05:58.984+0000] {processor.py:830} INFO - Processing file /home/airflow/.local/lib/python3.12/site-packages/airflow/example_dags/example_short_circuit_decorator.py for tasks to queue
[2024-05-01T09:05:58.986+0000] {logging_mixin.py:188} INFO - [2024-05-01T09:05:58.986+0000] {dagbag.py:540} INFO - Filling up the DagBag from /home/airflow/.local/lib/python3.12/site-packages/airflow/example_dags/example_short_circuit_decorator.py
[2024-05-01T09:05:58.996+0000] {processor.py:840} INFO - DAG(s) 'example_short_circuit_decorator' retrieved from /home/airflow/.local/lib/python3.12/site-packages/airflow/example_dags/example_short_circuit_decorator.py
[2024-05-01T09:05:59.022+0000] {logging_mixin.py:188} INFO - [2024-05-01T09:05:59.022+0000] {dag.py:3096} INFO - Sync 1 DAGs
[2024-05-01T09:05:59.048+0000] {logging_mixin.py:188} INFO - [2024-05-01T09:05:59.048+0000] {dag.py:3954} INFO - Setting next_dagrun for example_short_circuit_decorator to 2024-04-30 00:00:00+00:00, run_after=2024-05-01 00:00:00+00:00
[2024-05-01T09:05:59.075+0000] {processor.py:183} INFO - Processing /home/airflow/.local/lib/python3.12/site-packages/airflow/example_dags/example_short_circuit_decorator.py took 0.098 seconds
