[2024-05-01T09:03:27.047+0000] {processor.py:161} INFO - Started process (PID=347) to work on /home/airflow/.local/lib/python3.12/site-packages/airflow/example_dags/example_datasets.py
[2024-05-01T09:03:27.048+0000] {processor.py:830} INFO - Processing file /home/airflow/.local/lib/python3.12/site-packages/airflow/example_dags/example_datasets.py for tasks to queue
[2024-05-01T09:03:27.050+0000] {logging_mixin.py:188} INFO - [2024-05-01T09:03:27.049+0000] {dagbag.py:540} INFO - Filling up the DagBag from /home/airflow/.local/lib/python3.12/site-packages/airflow/example_dags/example_datasets.py
[2024-05-01T09:03:27.073+0000] {processor.py:840} INFO - DAG(s) 'dataset_produces_1', 'consume_1_or_2_with_dataset_expressions', 'dataset_consumes_1_never_scheduled', 'dataset_consumes_unknown_never_scheduled', 'dataset_produces_2', 'dataset_consumes_1', 'consume_1_or_both_2_and_3_with_dataset_expressions', 'dataset_consumes_1_and_2', 'consume_1_and_2_with_dataset_expressions', 'conditional_dataset_and_time_based_timetable' retrieved from /home/airflow/.local/lib/python3.12/site-packages/airflow/example_dags/example_datasets.py
[2024-05-01T09:03:27.127+0000] {logging_mixin.py:188} INFO - [2024-05-01T09:03:27.126+0000] {dag.py:3096} INFO - Sync 10 DAGs
[2024-05-01T09:03:27.158+0000] {logging_mixin.py:188} INFO - [2024-05-01T09:03:27.158+0000] {dag.py:3954} INFO - Setting next_dagrun for conditional_dataset_and_time_based_timetable to 2024-05-01 01:00:00+00:00, run_after=2024-05-01 01:00:00+00:00
[2024-05-01T09:03:27.163+0000] {logging_mixin.py:188} INFO - [2024-05-01T09:03:27.163+0000] {dag.py:3954} INFO - Setting next_dagrun for consume_1_and_2_with_dataset_expressions to None, run_after=None
[2024-05-01T09:03:27.164+0000] {logging_mixin.py:188} INFO - [2024-05-01T09:03:27.164+0000] {dag.py:3954} INFO - Setting next_dagrun for consume_1_or_2_with_dataset_expressions to None, run_after=None
[2024-05-01T09:03:27.166+0000] {logging_mixin.py:188} INFO - [2024-05-01T09:03:27.166+0000] {dag.py:3954} INFO - Setting next_dagrun for consume_1_or_both_2_and_3_with_dataset_expressions to None, run_after=None
[2024-05-01T09:03:27.167+0000] {logging_mixin.py:188} INFO - [2024-05-01T09:03:27.167+0000] {dag.py:3954} INFO - Setting next_dagrun for dataset_consumes_1 to None, run_after=None
[2024-05-01T09:03:27.168+0000] {logging_mixin.py:188} INFO - [2024-05-01T09:03:27.168+0000] {dag.py:3954} INFO - Setting next_dagrun for dataset_consumes_1_and_2 to None, run_after=None
[2024-05-01T09:03:27.170+0000] {logging_mixin.py:188} INFO - [2024-05-01T09:03:27.169+0000] {dag.py:3954} INFO - Setting next_dagrun for dataset_consumes_1_never_scheduled to None, run_after=None
[2024-05-01T09:03:27.171+0000] {logging_mixin.py:188} INFO - [2024-05-01T09:03:27.171+0000] {dag.py:3954} INFO - Setting next_dagrun for dataset_consumes_unknown_never_scheduled to None, run_after=None
[2024-05-01T09:03:27.174+0000] {logging_mixin.py:188} INFO - [2024-05-01T09:03:27.174+0000] {dag.py:3954} INFO - Setting next_dagrun for dataset_produces_1 to 2024-04-30 00:00:00+00:00, run_after=2024-05-01 00:00:00+00:00
[2024-05-01T09:03:27.175+0000] {logging_mixin.py:188} INFO - [2024-05-01T09:03:27.175+0000] {dag.py:3954} INFO - Setting next_dagrun for dataset_produces_2 to None, run_after=None
[2024-05-01T09:03:27.233+0000] {processor.py:183} INFO - Processing /home/airflow/.local/lib/python3.12/site-packages/airflow/example_dags/example_datasets.py took 0.192 seconds
[2024-05-01T09:03:57.963+0000] {processor.py:161} INFO - Started process (PID=619) to work on /home/airflow/.local/lib/python3.12/site-packages/airflow/example_dags/example_datasets.py
[2024-05-01T09:03:57.964+0000] {processor.py:830} INFO - Processing file /home/airflow/.local/lib/python3.12/site-packages/airflow/example_dags/example_datasets.py for tasks to queue
[2024-05-01T09:03:57.965+0000] {logging_mixin.py:188} INFO - [2024-05-01T09:03:57.965+0000] {dagbag.py:540} INFO - Filling up the DagBag from /home/airflow/.local/lib/python3.12/site-packages/airflow/example_dags/example_datasets.py
[2024-05-01T09:03:57.976+0000] {processor.py:840} INFO - DAG(s) 'dataset_consumes_unknown_never_scheduled', 'consume_1_or_both_2_and_3_with_dataset_expressions', 'dataset_consumes_1_never_scheduled', 'consume_1_and_2_with_dataset_expressions', 'consume_1_or_2_with_dataset_expressions', 'dataset_consumes_1_and_2', 'dataset_consumes_1', 'dataset_produces_1', 'dataset_produces_2', 'conditional_dataset_and_time_based_timetable' retrieved from /home/airflow/.local/lib/python3.12/site-packages/airflow/example_dags/example_datasets.py
[2024-05-01T09:03:58.032+0000] {logging_mixin.py:188} INFO - [2024-05-01T09:03:58.032+0000] {dag.py:3096} INFO - Sync 10 DAGs
[2024-05-01T09:03:58.065+0000] {logging_mixin.py:188} INFO - [2024-05-01T09:03:58.064+0000] {dag.py:3954} INFO - Setting next_dagrun for conditional_dataset_and_time_based_timetable to 2024-05-01 01:00:00+00:00, run_after=2024-05-01 01:00:00+00:00
[2024-05-01T09:03:58.070+0000] {logging_mixin.py:188} INFO - [2024-05-01T09:03:58.069+0000] {dag.py:3954} INFO - Setting next_dagrun for consume_1_and_2_with_dataset_expressions to None, run_after=None
[2024-05-01T09:03:58.071+0000] {logging_mixin.py:188} INFO - [2024-05-01T09:03:58.071+0000] {dag.py:3954} INFO - Setting next_dagrun for consume_1_or_2_with_dataset_expressions to None, run_after=None
[2024-05-01T09:03:58.072+0000] {logging_mixin.py:188} INFO - [2024-05-01T09:03:58.072+0000] {dag.py:3954} INFO - Setting next_dagrun for consume_1_or_both_2_and_3_with_dataset_expressions to None, run_after=None
[2024-05-01T09:03:58.074+0000] {logging_mixin.py:188} INFO - [2024-05-01T09:03:58.073+0000] {dag.py:3954} INFO - Setting next_dagrun for dataset_consumes_1 to None, run_after=None
[2024-05-01T09:03:58.075+0000] {logging_mixin.py:188} INFO - [2024-05-01T09:03:58.075+0000] {dag.py:3954} INFO - Setting next_dagrun for dataset_consumes_1_and_2 to None, run_after=None
[2024-05-01T09:03:58.076+0000] {logging_mixin.py:188} INFO - [2024-05-01T09:03:58.076+0000] {dag.py:3954} INFO - Setting next_dagrun for dataset_consumes_1_never_scheduled to None, run_after=None
[2024-05-01T09:03:58.078+0000] {logging_mixin.py:188} INFO - [2024-05-01T09:03:58.078+0000] {dag.py:3954} INFO - Setting next_dagrun for dataset_consumes_unknown_never_scheduled to None, run_after=None
[2024-05-01T09:03:58.081+0000] {logging_mixin.py:188} INFO - [2024-05-01T09:03:58.081+0000] {dag.py:3954} INFO - Setting next_dagrun for dataset_produces_1 to 2024-04-30 00:00:00+00:00, run_after=2024-05-01 00:00:00+00:00
[2024-05-01T09:03:58.082+0000] {logging_mixin.py:188} INFO - [2024-05-01T09:03:58.082+0000] {dag.py:3954} INFO - Setting next_dagrun for dataset_produces_2 to None, run_after=None
[2024-05-01T09:03:58.131+0000] {processor.py:183} INFO - Processing /home/airflow/.local/lib/python3.12/site-packages/airflow/example_dags/example_datasets.py took 0.174 seconds
[2024-05-01T09:04:29.752+0000] {processor.py:161} INFO - Started process (PID=892) to work on /home/airflow/.local/lib/python3.12/site-packages/airflow/example_dags/example_datasets.py
[2024-05-01T09:04:29.753+0000] {processor.py:830} INFO - Processing file /home/airflow/.local/lib/python3.12/site-packages/airflow/example_dags/example_datasets.py for tasks to queue
[2024-05-01T09:04:29.754+0000] {logging_mixin.py:188} INFO - [2024-05-01T09:04:29.754+0000] {dagbag.py:540} INFO - Filling up the DagBag from /home/airflow/.local/lib/python3.12/site-packages/airflow/example_dags/example_datasets.py
[2024-05-01T09:04:29.789+0000] {processor.py:840} INFO - DAG(s) 'dataset_consumes_1_and_2', 'dataset_consumes_1', 'consume_1_or_2_with_dataset_expressions', 'consume_1_or_both_2_and_3_with_dataset_expressions', 'conditional_dataset_and_time_based_timetable', 'dataset_consumes_1_never_scheduled', 'dataset_consumes_unknown_never_scheduled', 'consume_1_and_2_with_dataset_expressions', 'dataset_produces_1', 'dataset_produces_2' retrieved from /home/airflow/.local/lib/python3.12/site-packages/airflow/example_dags/example_datasets.py
[2024-05-01T09:04:29.866+0000] {logging_mixin.py:188} INFO - [2024-05-01T09:04:29.866+0000] {dag.py:3096} INFO - Sync 10 DAGs
[2024-05-01T09:04:29.900+0000] {logging_mixin.py:188} INFO - [2024-05-01T09:04:29.899+0000] {dag.py:3954} INFO - Setting next_dagrun for conditional_dataset_and_time_based_timetable to 2024-05-01 01:00:00+00:00, run_after=2024-05-01 01:00:00+00:00
[2024-05-01T09:04:29.904+0000] {logging_mixin.py:188} INFO - [2024-05-01T09:04:29.904+0000] {dag.py:3954} INFO - Setting next_dagrun for consume_1_and_2_with_dataset_expressions to None, run_after=None
[2024-05-01T09:04:29.905+0000] {logging_mixin.py:188} INFO - [2024-05-01T09:04:29.905+0000] {dag.py:3954} INFO - Setting next_dagrun for consume_1_or_2_with_dataset_expressions to None, run_after=None
[2024-05-01T09:04:29.907+0000] {logging_mixin.py:188} INFO - [2024-05-01T09:04:29.907+0000] {dag.py:3954} INFO - Setting next_dagrun for consume_1_or_both_2_and_3_with_dataset_expressions to None, run_after=None
[2024-05-01T09:04:29.908+0000] {logging_mixin.py:188} INFO - [2024-05-01T09:04:29.908+0000] {dag.py:3954} INFO - Setting next_dagrun for dataset_consumes_1 to None, run_after=None
[2024-05-01T09:04:29.909+0000] {logging_mixin.py:188} INFO - [2024-05-01T09:04:29.909+0000] {dag.py:3954} INFO - Setting next_dagrun for dataset_consumes_1_and_2 to None, run_after=None
[2024-05-01T09:04:29.912+0000] {logging_mixin.py:188} INFO - [2024-05-01T09:04:29.910+0000] {dag.py:3954} INFO - Setting next_dagrun for dataset_consumes_1_never_scheduled to None, run_after=None
[2024-05-01T09:04:29.914+0000] {logging_mixin.py:188} INFO - [2024-05-01T09:04:29.913+0000] {dag.py:3954} INFO - Setting next_dagrun for dataset_consumes_unknown_never_scheduled to None, run_after=None
[2024-05-01T09:04:29.917+0000] {logging_mixin.py:188} INFO - [2024-05-01T09:04:29.916+0000] {dag.py:3954} INFO - Setting next_dagrun for dataset_produces_1 to 2024-04-30 00:00:00+00:00, run_after=2024-05-01 00:00:00+00:00
[2024-05-01T09:04:29.918+0000] {logging_mixin.py:188} INFO - [2024-05-01T09:04:29.918+0000] {dag.py:3954} INFO - Setting next_dagrun for dataset_produces_2 to None, run_after=None
[2024-05-01T09:04:29.966+0000] {processor.py:183} INFO - Processing /home/airflow/.local/lib/python3.12/site-packages/airflow/example_dags/example_datasets.py took 0.220 seconds
[2024-05-01T09:05:00.091+0000] {processor.py:161} INFO - Started process (PID=1164) to work on /home/airflow/.local/lib/python3.12/site-packages/airflow/example_dags/example_datasets.py
[2024-05-01T09:05:00.091+0000] {processor.py:830} INFO - Processing file /home/airflow/.local/lib/python3.12/site-packages/airflow/example_dags/example_datasets.py for tasks to queue
[2024-05-01T09:05:00.093+0000] {logging_mixin.py:188} INFO - [2024-05-01T09:05:00.093+0000] {dagbag.py:540} INFO - Filling up the DagBag from /home/airflow/.local/lib/python3.12/site-packages/airflow/example_dags/example_datasets.py
[2024-05-01T09:05:00.109+0000] {processor.py:840} INFO - DAG(s) 'dataset_consumes_unknown_never_scheduled', 'consume_1_or_both_2_and_3_with_dataset_expressions', 'dataset_consumes_1', 'dataset_produces_2', 'dataset_consumes_1_never_scheduled', 'consume_1_and_2_with_dataset_expressions', 'dataset_consumes_1_and_2', 'dataset_produces_1', 'conditional_dataset_and_time_based_timetable', 'consume_1_or_2_with_dataset_expressions' retrieved from /home/airflow/.local/lib/python3.12/site-packages/airflow/example_dags/example_datasets.py
[2024-05-01T09:05:00.199+0000] {logging_mixin.py:188} INFO - [2024-05-01T09:05:00.198+0000] {dag.py:3096} INFO - Sync 10 DAGs
[2024-05-01T09:05:00.234+0000] {logging_mixin.py:188} INFO - [2024-05-01T09:05:00.234+0000] {dag.py:3954} INFO - Setting next_dagrun for conditional_dataset_and_time_based_timetable to 2024-05-01 01:00:00+00:00, run_after=2024-05-01 01:00:00+00:00
[2024-05-01T09:05:00.238+0000] {logging_mixin.py:188} INFO - [2024-05-01T09:05:00.238+0000] {dag.py:3954} INFO - Setting next_dagrun for consume_1_and_2_with_dataset_expressions to None, run_after=None
[2024-05-01T09:05:00.240+0000] {logging_mixin.py:188} INFO - [2024-05-01T09:05:00.240+0000] {dag.py:3954} INFO - Setting next_dagrun for consume_1_or_2_with_dataset_expressions to None, run_after=None
[2024-05-01T09:05:00.241+0000] {logging_mixin.py:188} INFO - [2024-05-01T09:05:00.241+0000] {dag.py:3954} INFO - Setting next_dagrun for consume_1_or_both_2_and_3_with_dataset_expressions to None, run_after=None
[2024-05-01T09:05:00.242+0000] {logging_mixin.py:188} INFO - [2024-05-01T09:05:00.242+0000] {dag.py:3954} INFO - Setting next_dagrun for dataset_consumes_1 to None, run_after=None
[2024-05-01T09:05:00.244+0000] {logging_mixin.py:188} INFO - [2024-05-01T09:05:00.243+0000] {dag.py:3954} INFO - Setting next_dagrun for dataset_consumes_1_and_2 to None, run_after=None
[2024-05-01T09:05:00.245+0000] {logging_mixin.py:188} INFO - [2024-05-01T09:05:00.245+0000] {dag.py:3954} INFO - Setting next_dagrun for dataset_consumes_1_never_scheduled to None, run_after=None
[2024-05-01T09:05:00.246+0000] {logging_mixin.py:188} INFO - [2024-05-01T09:05:00.246+0000] {dag.py:3954} INFO - Setting next_dagrun for dataset_consumes_unknown_never_scheduled to None, run_after=None
[2024-05-01T09:05:00.249+0000] {logging_mixin.py:188} INFO - [2024-05-01T09:05:00.249+0000] {dag.py:3954} INFO - Setting next_dagrun for dataset_produces_1 to 2024-04-30 00:00:00+00:00, run_after=2024-05-01 00:00:00+00:00
[2024-05-01T09:05:00.251+0000] {logging_mixin.py:188} INFO - [2024-05-01T09:05:00.250+0000] {dag.py:3954} INFO - Setting next_dagrun for dataset_produces_2 to None, run_after=None
[2024-05-01T09:05:00.314+0000] {processor.py:183} INFO - Processing /home/airflow/.local/lib/python3.12/site-packages/airflow/example_dags/example_datasets.py took 0.230 seconds
[2024-05-01T09:05:30.908+0000] {processor.py:161} INFO - Started process (PID=1436) to work on /home/airflow/.local/lib/python3.12/site-packages/airflow/example_dags/example_datasets.py
[2024-05-01T09:05:30.908+0000] {processor.py:830} INFO - Processing file /home/airflow/.local/lib/python3.12/site-packages/airflow/example_dags/example_datasets.py for tasks to queue
[2024-05-01T09:05:30.910+0000] {logging_mixin.py:188} INFO - [2024-05-01T09:05:30.910+0000] {dagbag.py:540} INFO - Filling up the DagBag from /home/airflow/.local/lib/python3.12/site-packages/airflow/example_dags/example_datasets.py
[2024-05-01T09:05:30.927+0000] {processor.py:840} INFO - DAG(s) 'conditional_dataset_and_time_based_timetable', 'consume_1_or_2_with_dataset_expressions', 'dataset_consumes_1_and_2', 'dataset_produces_2', 'dataset_consumes_1_never_scheduled', 'consume_1_or_both_2_and_3_with_dataset_expressions', 'dataset_consumes_1', 'dataset_consumes_unknown_never_scheduled', 'consume_1_and_2_with_dataset_expressions', 'dataset_produces_1' retrieved from /home/airflow/.local/lib/python3.12/site-packages/airflow/example_dags/example_datasets.py
[2024-05-01T09:05:30.995+0000] {logging_mixin.py:188} INFO - [2024-05-01T09:05:30.995+0000] {dag.py:3096} INFO - Sync 10 DAGs
[2024-05-01T09:05:31.042+0000] {logging_mixin.py:188} INFO - [2024-05-01T09:05:31.041+0000] {dag.py:3954} INFO - Setting next_dagrun for conditional_dataset_and_time_based_timetable to 2024-05-01 01:00:00+00:00, run_after=2024-05-01 01:00:00+00:00
[2024-05-01T09:05:31.046+0000] {logging_mixin.py:188} INFO - [2024-05-01T09:05:31.046+0000] {dag.py:3954} INFO - Setting next_dagrun for consume_1_and_2_with_dataset_expressions to None, run_after=None
[2024-05-01T09:05:31.048+0000] {logging_mixin.py:188} INFO - [2024-05-01T09:05:31.047+0000] {dag.py:3954} INFO - Setting next_dagrun for consume_1_or_2_with_dataset_expressions to None, run_after=None
[2024-05-01T09:05:31.050+0000] {logging_mixin.py:188} INFO - [2024-05-01T09:05:31.049+0000] {dag.py:3954} INFO - Setting next_dagrun for consume_1_or_both_2_and_3_with_dataset_expressions to None, run_after=None
[2024-05-01T09:05:31.051+0000] {logging_mixin.py:188} INFO - [2024-05-01T09:05:31.051+0000] {dag.py:3954} INFO - Setting next_dagrun for dataset_consumes_1 to None, run_after=None
[2024-05-01T09:05:31.052+0000] {logging_mixin.py:188} INFO - [2024-05-01T09:05:31.052+0000] {dag.py:3954} INFO - Setting next_dagrun for dataset_consumes_1_and_2 to None, run_after=None
[2024-05-01T09:05:31.061+0000] {logging_mixin.py:188} INFO - [2024-05-01T09:05:31.061+0000] {dag.py:3954} INFO - Setting next_dagrun for dataset_consumes_1_never_scheduled to None, run_after=None
[2024-05-01T09:05:31.067+0000] {logging_mixin.py:188} INFO - [2024-05-01T09:05:31.066+0000] {dag.py:3954} INFO - Setting next_dagrun for dataset_consumes_unknown_never_scheduled to None, run_after=None
[2024-05-01T09:05:31.069+0000] {logging_mixin.py:188} INFO - [2024-05-01T09:05:31.069+0000] {dag.py:3954} INFO - Setting next_dagrun for dataset_produces_1 to 2024-04-30 00:00:00+00:00, run_after=2024-05-01 00:00:00+00:00
[2024-05-01T09:05:31.071+0000] {logging_mixin.py:188} INFO - [2024-05-01T09:05:31.070+0000] {dag.py:3954} INFO - Setting next_dagrun for dataset_produces_2 to None, run_after=None
[2024-05-01T09:05:31.159+0000] {processor.py:183} INFO - Processing /home/airflow/.local/lib/python3.12/site-packages/airflow/example_dags/example_datasets.py took 0.258 seconds
[2024-05-01T09:06:01.323+0000] {processor.py:161} INFO - Started process (PID=1709) to work on /home/airflow/.local/lib/python3.12/site-packages/airflow/example_dags/example_datasets.py
[2024-05-01T09:06:01.323+0000] {processor.py:830} INFO - Processing file /home/airflow/.local/lib/python3.12/site-packages/airflow/example_dags/example_datasets.py for tasks to queue
[2024-05-01T09:06:01.336+0000] {logging_mixin.py:188} INFO - [2024-05-01T09:06:01.325+0000] {dagbag.py:540} INFO - Filling up the DagBag from /home/airflow/.local/lib/python3.12/site-packages/airflow/example_dags/example_datasets.py
[2024-05-01T09:06:01.380+0000] {processor.py:840} INFO - DAG(s) 'dataset_consumes_1_and_2', 'conditional_dataset_and_time_based_timetable', 'consume_1_or_both_2_and_3_with_dataset_expressions', 'dataset_produces_1', 'dataset_consumes_unknown_never_scheduled', 'dataset_consumes_1_never_scheduled', 'consume_1_and_2_with_dataset_expressions', 'dataset_produces_2', 'dataset_consumes_1', 'consume_1_or_2_with_dataset_expressions' retrieved from /home/airflow/.local/lib/python3.12/site-packages/airflow/example_dags/example_datasets.py
[2024-05-01T09:06:01.493+0000] {logging_mixin.py:188} INFO - [2024-05-01T09:06:01.493+0000] {dag.py:3096} INFO - Sync 10 DAGs
[2024-05-01T09:06:01.545+0000] {logging_mixin.py:188} INFO - [2024-05-01T09:06:01.545+0000] {dag.py:3954} INFO - Setting next_dagrun for conditional_dataset_and_time_based_timetable to 2024-05-01 01:00:00+00:00, run_after=2024-05-01 01:00:00+00:00
[2024-05-01T09:06:01.553+0000] {logging_mixin.py:188} INFO - [2024-05-01T09:06:01.553+0000] {dag.py:3954} INFO - Setting next_dagrun for consume_1_and_2_with_dataset_expressions to None, run_after=None
[2024-05-01T09:06:01.555+0000] {logging_mixin.py:188} INFO - [2024-05-01T09:06:01.555+0000] {dag.py:3954} INFO - Setting next_dagrun for consume_1_or_2_with_dataset_expressions to None, run_after=None
[2024-05-01T09:06:01.556+0000] {logging_mixin.py:188} INFO - [2024-05-01T09:06:01.556+0000] {dag.py:3954} INFO - Setting next_dagrun for consume_1_or_both_2_and_3_with_dataset_expressions to None, run_after=None
[2024-05-01T09:06:01.558+0000] {logging_mixin.py:188} INFO - [2024-05-01T09:06:01.557+0000] {dag.py:3954} INFO - Setting next_dagrun for dataset_consumes_1 to None, run_after=None
[2024-05-01T09:06:01.559+0000] {logging_mixin.py:188} INFO - [2024-05-01T09:06:01.559+0000] {dag.py:3954} INFO - Setting next_dagrun for dataset_consumes_1_and_2 to None, run_after=None
[2024-05-01T09:06:01.560+0000] {logging_mixin.py:188} INFO - [2024-05-01T09:06:01.560+0000] {dag.py:3954} INFO - Setting next_dagrun for dataset_consumes_1_never_scheduled to None, run_after=None
[2024-05-01T09:06:01.562+0000] {logging_mixin.py:188} INFO - [2024-05-01T09:06:01.561+0000] {dag.py:3954} INFO - Setting next_dagrun for dataset_consumes_unknown_never_scheduled to None, run_after=None
[2024-05-01T09:06:01.565+0000] {logging_mixin.py:188} INFO - [2024-05-01T09:06:01.565+0000] {dag.py:3954} INFO - Setting next_dagrun for dataset_produces_1 to 2024-04-30 00:00:00+00:00, run_after=2024-05-01 00:00:00+00:00
[2024-05-01T09:06:01.566+0000] {logging_mixin.py:188} INFO - [2024-05-01T09:06:01.566+0000] {dag.py:3954} INFO - Setting next_dagrun for dataset_produces_2 to None, run_after=None
[2024-05-01T09:06:01.610+0000] {processor.py:183} INFO - Processing /home/airflow/.local/lib/python3.12/site-packages/airflow/example_dags/example_datasets.py took 0.293 seconds
