[2024-05-01T09:03:27.482+0000] {processor.py:161} INFO - Started process (PID=377) to work on /home/airflow/.local/lib/python3.12/site-packages/airflow/example_dags/example_bash_operator.py
[2024-05-01T09:03:27.483+0000] {processor.py:830} INFO - Processing file /home/airflow/.local/lib/python3.12/site-packages/airflow/example_dags/example_bash_operator.py for tasks to queue
[2024-05-01T09:03:27.484+0000] {logging_mixin.py:188} INFO - [2024-05-01T09:03:27.484+0000] {dagbag.py:540} INFO - Filling up the DagBag from /home/airflow/.local/lib/python3.12/site-packages/airflow/example_dags/example_bash_operator.py
[2024-05-01T09:03:27.496+0000] {processor.py:840} INFO - DAG(s) 'example_bash_operator' retrieved from /home/airflow/.local/lib/python3.12/site-packages/airflow/example_dags/example_bash_operator.py
[2024-05-01T09:03:27.531+0000] {logging_mixin.py:188} INFO - [2024-05-01T09:03:27.531+0000] {dag.py:3096} INFO - Sync 1 DAGs
[2024-05-01T09:03:27.558+0000] {logging_mixin.py:188} INFO - [2024-05-01T09:03:27.558+0000] {dag.py:3954} INFO - Setting next_dagrun for example_bash_operator to 2024-04-30 00:00:00+00:00, run_after=2024-05-01 00:00:00+00:00
[2024-05-01T09:03:27.584+0000] {processor.py:183} INFO - Processing /home/airflow/.local/lib/python3.12/site-packages/airflow/example_dags/example_bash_operator.py took 0.108 seconds
[2024-05-01T09:03:58.449+0000] {processor.py:161} INFO - Started process (PID=651) to work on /home/airflow/.local/lib/python3.12/site-packages/airflow/example_dags/example_bash_operator.py
[2024-05-01T09:03:58.450+0000] {processor.py:830} INFO - Processing file /home/airflow/.local/lib/python3.12/site-packages/airflow/example_dags/example_bash_operator.py for tasks to queue
[2024-05-01T09:03:58.452+0000] {logging_mixin.py:188} INFO - [2024-05-01T09:03:58.451+0000] {dagbag.py:540} INFO - Filling up the DagBag from /home/airflow/.local/lib/python3.12/site-packages/airflow/example_dags/example_bash_operator.py
[2024-05-01T09:03:58.465+0000] {processor.py:840} INFO - DAG(s) 'example_bash_operator' retrieved from /home/airflow/.local/lib/python3.12/site-packages/airflow/example_dags/example_bash_operator.py
[2024-05-01T09:03:58.509+0000] {logging_mixin.py:188} INFO - [2024-05-01T09:03:58.508+0000] {dag.py:3096} INFO - Sync 1 DAGs
[2024-05-01T09:03:58.557+0000] {logging_mixin.py:188} INFO - [2024-05-01T09:03:58.557+0000] {dag.py:3954} INFO - Setting next_dagrun for example_bash_operator to 2024-04-30 00:00:00+00:00, run_after=2024-05-01 00:00:00+00:00
[2024-05-01T09:03:58.613+0000] {processor.py:183} INFO - Processing /home/airflow/.local/lib/python3.12/site-packages/airflow/example_dags/example_bash_operator.py took 0.171 seconds
[2024-05-01T09:04:30.373+0000] {processor.py:161} INFO - Started process (PID=924) to work on /home/airflow/.local/lib/python3.12/site-packages/airflow/example_dags/example_bash_operator.py
[2024-05-01T09:04:30.374+0000] {processor.py:830} INFO - Processing file /home/airflow/.local/lib/python3.12/site-packages/airflow/example_dags/example_bash_operator.py for tasks to queue
[2024-05-01T09:04:30.376+0000] {logging_mixin.py:188} INFO - [2024-05-01T09:04:30.375+0000] {dagbag.py:540} INFO - Filling up the DagBag from /home/airflow/.local/lib/python3.12/site-packages/airflow/example_dags/example_bash_operator.py
[2024-05-01T09:04:30.389+0000] {processor.py:840} INFO - DAG(s) 'example_bash_operator' retrieved from /home/airflow/.local/lib/python3.12/site-packages/airflow/example_dags/example_bash_operator.py
[2024-05-01T09:04:30.424+0000] {logging_mixin.py:188} INFO - [2024-05-01T09:04:30.424+0000] {dag.py:3096} INFO - Sync 1 DAGs
[2024-05-01T09:04:30.458+0000] {logging_mixin.py:188} INFO - [2024-05-01T09:04:30.457+0000] {dag.py:3954} INFO - Setting next_dagrun for example_bash_operator to 2024-04-30 00:00:00+00:00, run_after=2024-05-01 00:00:00+00:00
[2024-05-01T09:04:30.481+0000] {processor.py:183} INFO - Processing /home/airflow/.local/lib/python3.12/site-packages/airflow/example_dags/example_bash_operator.py took 0.114 seconds
[2024-05-01T09:05:00.807+0000] {processor.py:161} INFO - Started process (PID=1196) to work on /home/airflow/.local/lib/python3.12/site-packages/airflow/example_dags/example_bash_operator.py
[2024-05-01T09:05:00.808+0000] {processor.py:830} INFO - Processing file /home/airflow/.local/lib/python3.12/site-packages/airflow/example_dags/example_bash_operator.py for tasks to queue
[2024-05-01T09:05:00.810+0000] {logging_mixin.py:188} INFO - [2024-05-01T09:05:00.810+0000] {dagbag.py:540} INFO - Filling up the DagBag from /home/airflow/.local/lib/python3.12/site-packages/airflow/example_dags/example_bash_operator.py
[2024-05-01T09:05:00.823+0000] {processor.py:840} INFO - DAG(s) 'example_bash_operator' retrieved from /home/airflow/.local/lib/python3.12/site-packages/airflow/example_dags/example_bash_operator.py
[2024-05-01T09:05:00.858+0000] {logging_mixin.py:188} INFO - [2024-05-01T09:05:00.858+0000] {dag.py:3096} INFO - Sync 1 DAGs
[2024-05-01T09:05:00.885+0000] {logging_mixin.py:188} INFO - [2024-05-01T09:05:00.885+0000] {dag.py:3954} INFO - Setting next_dagrun for example_bash_operator to 2024-04-30 00:00:00+00:00, run_after=2024-05-01 00:00:00+00:00
[2024-05-01T09:05:00.907+0000] {processor.py:183} INFO - Processing /home/airflow/.local/lib/python3.12/site-packages/airflow/example_dags/example_bash_operator.py took 0.107 seconds
[2024-05-01T09:05:31.541+0000] {processor.py:161} INFO - Started process (PID=1466) to work on /home/airflow/.local/lib/python3.12/site-packages/airflow/example_dags/example_bash_operator.py
[2024-05-01T09:05:31.541+0000] {processor.py:830} INFO - Processing file /home/airflow/.local/lib/python3.12/site-packages/airflow/example_dags/example_bash_operator.py for tasks to queue
[2024-05-01T09:05:31.543+0000] {logging_mixin.py:188} INFO - [2024-05-01T09:05:31.543+0000] {dagbag.py:540} INFO - Filling up the DagBag from /home/airflow/.local/lib/python3.12/site-packages/airflow/example_dags/example_bash_operator.py
[2024-05-01T09:05:31.560+0000] {processor.py:840} INFO - DAG(s) 'example_bash_operator' retrieved from /home/airflow/.local/lib/python3.12/site-packages/airflow/example_dags/example_bash_operator.py
[2024-05-01T09:05:31.598+0000] {logging_mixin.py:188} INFO - [2024-05-01T09:05:31.598+0000] {dag.py:3096} INFO - Sync 1 DAGs
[2024-05-01T09:05:31.624+0000] {logging_mixin.py:188} INFO - [2024-05-01T09:05:31.624+0000] {dag.py:3954} INFO - Setting next_dagrun for example_bash_operator to 2024-04-30 00:00:00+00:00, run_after=2024-05-01 00:00:00+00:00
[2024-05-01T09:05:31.646+0000] {processor.py:183} INFO - Processing /home/airflow/.local/lib/python3.12/site-packages/airflow/example_dags/example_bash_operator.py took 0.112 seconds
[2024-05-01T09:06:02.084+0000] {processor.py:161} INFO - Started process (PID=1739) to work on /home/airflow/.local/lib/python3.12/site-packages/airflow/example_dags/example_bash_operator.py
[2024-05-01T09:06:02.085+0000] {processor.py:830} INFO - Processing file /home/airflow/.local/lib/python3.12/site-packages/airflow/example_dags/example_bash_operator.py for tasks to queue
[2024-05-01T09:06:02.086+0000] {logging_mixin.py:188} INFO - [2024-05-01T09:06:02.086+0000] {dagbag.py:540} INFO - Filling up the DagBag from /home/airflow/.local/lib/python3.12/site-packages/airflow/example_dags/example_bash_operator.py
[2024-05-01T09:06:02.113+0000] {processor.py:840} INFO - DAG(s) 'example_bash_operator' retrieved from /home/airflow/.local/lib/python3.12/site-packages/airflow/example_dags/example_bash_operator.py
[2024-05-01T09:06:02.172+0000] {logging_mixin.py:188} INFO - [2024-05-01T09:06:02.172+0000] {dag.py:3096} INFO - Sync 1 DAGs
[2024-05-01T09:06:02.200+0000] {logging_mixin.py:188} INFO - [2024-05-01T09:06:02.200+0000] {dag.py:3954} INFO - Setting next_dagrun for example_bash_operator to 2024-04-30 00:00:00+00:00, run_after=2024-05-01 00:00:00+00:00
[2024-05-01T09:06:02.225+0000] {processor.py:183} INFO - Processing /home/airflow/.local/lib/python3.12/site-packages/airflow/example_dags/example_bash_operator.py took 0.170 seconds
