[2024-05-01T09:03:24.658+0000] {processor.py:161} INFO - Started process (PID=217) to work on /home/airflow/.local/lib/python3.12/site-packages/airflow/example_dags/example_latest_only_with_trigger.py
[2024-05-01T09:03:24.659+0000] {processor.py:830} INFO - Processing file /home/airflow/.local/lib/python3.12/site-packages/airflow/example_dags/example_latest_only_with_trigger.py for tasks to queue
[2024-05-01T09:03:24.660+0000] {logging_mixin.py:188} INFO - [2024-05-01T09:03:24.660+0000] {dagbag.py:540} INFO - Filling up the DagBag from /home/airflow/.local/lib/python3.12/site-packages/airflow/example_dags/example_latest_only_with_trigger.py
[2024-05-01T09:03:24.669+0000] {processor.py:840} INFO - DAG(s) 'latest_only_with_trigger' retrieved from /home/airflow/.local/lib/python3.12/site-packages/airflow/example_dags/example_latest_only_with_trigger.py
[2024-05-01T09:03:24.700+0000] {logging_mixin.py:188} INFO - [2024-05-01T09:03:24.699+0000] {dag.py:3096} INFO - Sync 1 DAGs
[2024-05-01T09:03:24.725+0000] {logging_mixin.py:188} INFO - [2024-05-01T09:03:24.725+0000] {dag.py:3954} INFO - Setting next_dagrun for latest_only_with_trigger to 2024-05-01 04:00:00+00:00, run_after=2024-05-01 08:00:00+00:00
[2024-05-01T09:03:24.747+0000] {processor.py:183} INFO - Processing /home/airflow/.local/lib/python3.12/site-packages/airflow/example_dags/example_latest_only_with_trigger.py took 0.095 seconds
[2024-05-01T09:03:55.026+0000] {processor.py:161} INFO - Started process (PID=491) to work on /home/airflow/.local/lib/python3.12/site-packages/airflow/example_dags/example_latest_only_with_trigger.py
[2024-05-01T09:03:55.027+0000] {processor.py:830} INFO - Processing file /home/airflow/.local/lib/python3.12/site-packages/airflow/example_dags/example_latest_only_with_trigger.py for tasks to queue
[2024-05-01T09:03:55.028+0000] {logging_mixin.py:188} INFO - [2024-05-01T09:03:55.028+0000] {dagbag.py:540} INFO - Filling up the DagBag from /home/airflow/.local/lib/python3.12/site-packages/airflow/example_dags/example_latest_only_with_trigger.py
[2024-05-01T09:03:55.034+0000] {processor.py:840} INFO - DAG(s) 'latest_only_with_trigger' retrieved from /home/airflow/.local/lib/python3.12/site-packages/airflow/example_dags/example_latest_only_with_trigger.py
[2024-05-01T09:03:55.051+0000] {logging_mixin.py:188} INFO - [2024-05-01T09:03:55.051+0000] {dag.py:3096} INFO - Sync 1 DAGs
[2024-05-01T09:03:55.069+0000] {logging_mixin.py:188} INFO - [2024-05-01T09:03:55.069+0000] {dag.py:3954} INFO - Setting next_dagrun for latest_only_with_trigger to 2024-05-01 04:00:00+00:00, run_after=2024-05-01 08:00:00+00:00
[2024-05-01T09:03:55.089+0000] {processor.py:183} INFO - Processing /home/airflow/.local/lib/python3.12/site-packages/airflow/example_dags/example_latest_only_with_trigger.py took 0.067 seconds
[2024-05-01T09:04:26.414+0000] {processor.py:161} INFO - Started process (PID=762) to work on /home/airflow/.local/lib/python3.12/site-packages/airflow/example_dags/example_latest_only_with_trigger.py
[2024-05-01T09:04:26.415+0000] {processor.py:830} INFO - Processing file /home/airflow/.local/lib/python3.12/site-packages/airflow/example_dags/example_latest_only_with_trigger.py for tasks to queue
[2024-05-01T09:04:26.416+0000] {logging_mixin.py:188} INFO - [2024-05-01T09:04:26.416+0000] {dagbag.py:540} INFO - Filling up the DagBag from /home/airflow/.local/lib/python3.12/site-packages/airflow/example_dags/example_latest_only_with_trigger.py
[2024-05-01T09:04:26.436+0000] {processor.py:840} INFO - DAG(s) 'latest_only_with_trigger' retrieved from /home/airflow/.local/lib/python3.12/site-packages/airflow/example_dags/example_latest_only_with_trigger.py
[2024-05-01T09:04:26.484+0000] {logging_mixin.py:188} INFO - [2024-05-01T09:04:26.481+0000] {dag.py:3096} INFO - Sync 1 DAGs
[2024-05-01T09:04:26.530+0000] {logging_mixin.py:188} INFO - [2024-05-01T09:04:26.529+0000] {dag.py:3954} INFO - Setting next_dagrun for latest_only_with_trigger to 2024-05-01 04:00:00+00:00, run_after=2024-05-01 08:00:00+00:00
[2024-05-01T09:04:26.610+0000] {processor.py:183} INFO - Processing /home/airflow/.local/lib/python3.12/site-packages/airflow/example_dags/example_latest_only_with_trigger.py took 0.204 seconds
[2024-05-01T09:04:57.441+0000] {processor.py:161} INFO - Started process (PID=1034) to work on /home/airflow/.local/lib/python3.12/site-packages/airflow/example_dags/example_latest_only_with_trigger.py
[2024-05-01T09:04:57.445+0000] {processor.py:830} INFO - Processing file /home/airflow/.local/lib/python3.12/site-packages/airflow/example_dags/example_latest_only_with_trigger.py for tasks to queue
[2024-05-01T09:04:57.447+0000] {logging_mixin.py:188} INFO - [2024-05-01T09:04:57.446+0000] {dagbag.py:540} INFO - Filling up the DagBag from /home/airflow/.local/lib/python3.12/site-packages/airflow/example_dags/example_latest_only_with_trigger.py
[2024-05-01T09:04:57.452+0000] {processor.py:840} INFO - DAG(s) 'latest_only_with_trigger' retrieved from /home/airflow/.local/lib/python3.12/site-packages/airflow/example_dags/example_latest_only_with_trigger.py
[2024-05-01T09:04:57.495+0000] {logging_mixin.py:188} INFO - [2024-05-01T09:04:57.495+0000] {dag.py:3096} INFO - Sync 1 DAGs
[2024-05-01T09:04:57.522+0000] {logging_mixin.py:188} INFO - [2024-05-01T09:04:57.522+0000] {dag.py:3954} INFO - Setting next_dagrun for latest_only_with_trigger to 2024-05-01 04:00:00+00:00, run_after=2024-05-01 08:00:00+00:00
[2024-05-01T09:04:57.551+0000] {processor.py:183} INFO - Processing /home/airflow/.local/lib/python3.12/site-packages/airflow/example_dags/example_latest_only_with_trigger.py took 0.119 seconds
[2024-05-01T09:05:28.037+0000] {processor.py:161} INFO - Started process (PID=1306) to work on /home/airflow/.local/lib/python3.12/site-packages/airflow/example_dags/example_latest_only_with_trigger.py
[2024-05-01T09:05:28.038+0000] {processor.py:830} INFO - Processing file /home/airflow/.local/lib/python3.12/site-packages/airflow/example_dags/example_latest_only_with_trigger.py for tasks to queue
[2024-05-01T09:05:28.040+0000] {logging_mixin.py:188} INFO - [2024-05-01T09:05:28.039+0000] {dagbag.py:540} INFO - Filling up the DagBag from /home/airflow/.local/lib/python3.12/site-packages/airflow/example_dags/example_latest_only_with_trigger.py
[2024-05-01T09:05:28.045+0000] {processor.py:840} INFO - DAG(s) 'latest_only_with_trigger' retrieved from /home/airflow/.local/lib/python3.12/site-packages/airflow/example_dags/example_latest_only_with_trigger.py
[2024-05-01T09:05:28.069+0000] {logging_mixin.py:188} INFO - [2024-05-01T09:05:28.068+0000] {dag.py:3096} INFO - Sync 1 DAGs
[2024-05-01T09:05:28.095+0000] {logging_mixin.py:188} INFO - [2024-05-01T09:05:28.095+0000] {dag.py:3954} INFO - Setting next_dagrun for latest_only_with_trigger to 2024-05-01 04:00:00+00:00, run_after=2024-05-01 08:00:00+00:00
[2024-05-01T09:05:28.136+0000] {processor.py:183} INFO - Processing /home/airflow/.local/lib/python3.12/site-packages/airflow/example_dags/example_latest_only_with_trigger.py took 0.106 seconds
[2024-05-01T09:05:58.423+0000] {processor.py:161} INFO - Started process (PID=1579) to work on /home/airflow/.local/lib/python3.12/site-packages/airflow/example_dags/example_latest_only_with_trigger.py
[2024-05-01T09:05:58.424+0000] {processor.py:830} INFO - Processing file /home/airflow/.local/lib/python3.12/site-packages/airflow/example_dags/example_latest_only_with_trigger.py for tasks to queue
[2024-05-01T09:05:58.426+0000] {logging_mixin.py:188} INFO - [2024-05-01T09:05:58.425+0000] {dagbag.py:540} INFO - Filling up the DagBag from /home/airflow/.local/lib/python3.12/site-packages/airflow/example_dags/example_latest_only_with_trigger.py
[2024-05-01T09:05:58.431+0000] {processor.py:840} INFO - DAG(s) 'latest_only_with_trigger' retrieved from /home/airflow/.local/lib/python3.12/site-packages/airflow/example_dags/example_latest_only_with_trigger.py
[2024-05-01T09:05:58.453+0000] {logging_mixin.py:188} INFO - [2024-05-01T09:05:58.453+0000] {dag.py:3096} INFO - Sync 1 DAGs
[2024-05-01T09:05:58.479+0000] {logging_mixin.py:188} INFO - [2024-05-01T09:05:58.479+0000] {dag.py:3954} INFO - Setting next_dagrun for latest_only_with_trigger to 2024-05-01 04:00:00+00:00, run_after=2024-05-01 08:00:00+00:00
[2024-05-01T09:05:58.515+0000] {processor.py:183} INFO - Processing /home/airflow/.local/lib/python3.12/site-packages/airflow/example_dags/example_latest_only_with_trigger.py took 0.097 seconds
