[2024-05-01T09:03:25.833+0000] {processor.py:161} INFO - Started process (PID=279) to work on /home/airflow/.local/lib/python3.12/site-packages/airflow/example_dags/example_skip_dag.py
[2024-05-01T09:03:25.834+0000] {processor.py:830} INFO - Processing file /home/airflow/.local/lib/python3.12/site-packages/airflow/example_dags/example_skip_dag.py for tasks to queue
[2024-05-01T09:03:25.835+0000] {logging_mixin.py:188} INFO - [2024-05-01T09:03:25.835+0000] {dagbag.py:540} INFO - Filling up the DagBag from /home/airflow/.local/lib/python3.12/site-packages/airflow/example_dags/example_skip_dag.py
[2024-05-01T09:03:25.841+0000] {processor.py:840} INFO - DAG(s) 'example_skip_dag' retrieved from /home/airflow/.local/lib/python3.12/site-packages/airflow/example_dags/example_skip_dag.py
[2024-05-01T09:03:25.859+0000] {logging_mixin.py:188} INFO - [2024-05-01T09:03:25.859+0000] {dag.py:3096} INFO - Sync 1 DAGs
[2024-05-01T09:03:25.876+0000] {logging_mixin.py:188} INFO - [2024-05-01T09:03:25.876+0000] {dag.py:3954} INFO - Setting next_dagrun for example_skip_dag to 2024-04-30 00:00:00+00:00, run_after=2024-05-01 00:00:00+00:00
[2024-05-01T09:03:25.897+0000] {processor.py:183} INFO - Processing /home/airflow/.local/lib/python3.12/site-packages/airflow/example_dags/example_skip_dag.py took 0.068 seconds
[2024-05-01T09:03:56.894+0000] {processor.py:161} INFO - Started process (PID=549) to work on /home/airflow/.local/lib/python3.12/site-packages/airflow/example_dags/example_skip_dag.py
[2024-05-01T09:03:56.895+0000] {processor.py:830} INFO - Processing file /home/airflow/.local/lib/python3.12/site-packages/airflow/example_dags/example_skip_dag.py for tasks to queue
[2024-05-01T09:03:56.896+0000] {logging_mixin.py:188} INFO - [2024-05-01T09:03:56.896+0000] {dagbag.py:540} INFO - Filling up the DagBag from /home/airflow/.local/lib/python3.12/site-packages/airflow/example_dags/example_skip_dag.py
[2024-05-01T09:03:56.903+0000] {processor.py:840} INFO - DAG(s) 'example_skip_dag' retrieved from /home/airflow/.local/lib/python3.12/site-packages/airflow/example_dags/example_skip_dag.py
[2024-05-01T09:03:56.928+0000] {logging_mixin.py:188} INFO - [2024-05-01T09:03:56.928+0000] {dag.py:3096} INFO - Sync 1 DAGs
[2024-05-01T09:03:56.954+0000] {logging_mixin.py:188} INFO - [2024-05-01T09:03:56.954+0000] {dag.py:3954} INFO - Setting next_dagrun for example_skip_dag to 2024-04-30 00:00:00+00:00, run_after=2024-05-01 00:00:00+00:00
[2024-05-01T09:03:56.988+0000] {processor.py:183} INFO - Processing /home/airflow/.local/lib/python3.12/site-packages/airflow/example_dags/example_skip_dag.py took 0.100 seconds
[2024-05-01T09:04:28.101+0000] {processor.py:161} INFO - Started process (PID=822) to work on /home/airflow/.local/lib/python3.12/site-packages/airflow/example_dags/example_skip_dag.py
[2024-05-01T09:04:28.105+0000] {processor.py:830} INFO - Processing file /home/airflow/.local/lib/python3.12/site-packages/airflow/example_dags/example_skip_dag.py for tasks to queue
[2024-05-01T09:04:28.107+0000] {logging_mixin.py:188} INFO - [2024-05-01T09:04:28.107+0000] {dagbag.py:540} INFO - Filling up the DagBag from /home/airflow/.local/lib/python3.12/site-packages/airflow/example_dags/example_skip_dag.py
[2024-05-01T09:04:28.124+0000] {processor.py:840} INFO - DAG(s) 'example_skip_dag' retrieved from /home/airflow/.local/lib/python3.12/site-packages/airflow/example_dags/example_skip_dag.py
[2024-05-01T09:04:28.193+0000] {logging_mixin.py:188} INFO - [2024-05-01T09:04:28.193+0000] {dag.py:3096} INFO - Sync 1 DAGs
[2024-05-01T09:04:28.275+0000] {logging_mixin.py:188} INFO - [2024-05-01T09:04:28.266+0000] {dag.py:3954} INFO - Setting next_dagrun for example_skip_dag to 2024-04-30 00:00:00+00:00, run_after=2024-05-01 00:00:00+00:00
[2024-05-01T09:04:28.316+0000] {processor.py:183} INFO - Processing /home/airflow/.local/lib/python3.12/site-packages/airflow/example_dags/example_skip_dag.py took 0.239 seconds
[2024-05-01T09:04:58.723+0000] {processor.py:161} INFO - Started process (PID=1094) to work on /home/airflow/.local/lib/python3.12/site-packages/airflow/example_dags/example_skip_dag.py
[2024-05-01T09:04:58.727+0000] {processor.py:830} INFO - Processing file /home/airflow/.local/lib/python3.12/site-packages/airflow/example_dags/example_skip_dag.py for tasks to queue
[2024-05-01T09:04:58.728+0000] {logging_mixin.py:188} INFO - [2024-05-01T09:04:58.728+0000] {dagbag.py:540} INFO - Filling up the DagBag from /home/airflow/.local/lib/python3.12/site-packages/airflow/example_dags/example_skip_dag.py
[2024-05-01T09:04:58.735+0000] {processor.py:840} INFO - DAG(s) 'example_skip_dag' retrieved from /home/airflow/.local/lib/python3.12/site-packages/airflow/example_dags/example_skip_dag.py
[2024-05-01T09:04:58.783+0000] {logging_mixin.py:188} INFO - [2024-05-01T09:04:58.783+0000] {dag.py:3096} INFO - Sync 1 DAGs
[2024-05-01T09:04:58.827+0000] {logging_mixin.py:188} INFO - [2024-05-01T09:04:58.826+0000] {dag.py:3954} INFO - Setting next_dagrun for example_skip_dag to 2024-04-30 00:00:00+00:00, run_after=2024-05-01 00:00:00+00:00
[2024-05-01T09:04:58.865+0000] {processor.py:183} INFO - Processing /home/airflow/.local/lib/python3.12/site-packages/airflow/example_dags/example_skip_dag.py took 0.149 seconds
[2024-05-01T09:05:28.937+0000] {processor.py:161} INFO - Started process (PID=1368) to work on /home/airflow/.local/lib/python3.12/site-packages/airflow/example_dags/example_skip_dag.py
[2024-05-01T09:05:28.937+0000] {processor.py:830} INFO - Processing file /home/airflow/.local/lib/python3.12/site-packages/airflow/example_dags/example_skip_dag.py for tasks to queue
[2024-05-01T09:05:28.939+0000] {logging_mixin.py:188} INFO - [2024-05-01T09:05:28.939+0000] {dagbag.py:540} INFO - Filling up the DagBag from /home/airflow/.local/lib/python3.12/site-packages/airflow/example_dags/example_skip_dag.py
[2024-05-01T09:05:28.946+0000] {processor.py:840} INFO - DAG(s) 'example_skip_dag' retrieved from /home/airflow/.local/lib/python3.12/site-packages/airflow/example_dags/example_skip_dag.py
[2024-05-01T09:05:28.970+0000] {logging_mixin.py:188} INFO - [2024-05-01T09:05:28.969+0000] {dag.py:3096} INFO - Sync 1 DAGs
[2024-05-01T09:05:28.995+0000] {logging_mixin.py:188} INFO - [2024-05-01T09:05:28.995+0000] {dag.py:3954} INFO - Setting next_dagrun for example_skip_dag to 2024-04-30 00:00:00+00:00, run_after=2024-05-01 00:00:00+00:00
[2024-05-01T09:05:29.024+0000] {processor.py:183} INFO - Processing /home/airflow/.local/lib/python3.12/site-packages/airflow/example_dags/example_skip_dag.py took 0.093 seconds
[2024-05-01T09:05:59.177+0000] {processor.py:161} INFO - Started process (PID=1639) to work on /home/airflow/.local/lib/python3.12/site-packages/airflow/example_dags/example_skip_dag.py
[2024-05-01T09:05:59.177+0000] {processor.py:830} INFO - Processing file /home/airflow/.local/lib/python3.12/site-packages/airflow/example_dags/example_skip_dag.py for tasks to queue
[2024-05-01T09:05:59.178+0000] {logging_mixin.py:188} INFO - [2024-05-01T09:05:59.178+0000] {dagbag.py:540} INFO - Filling up the DagBag from /home/airflow/.local/lib/python3.12/site-packages/airflow/example_dags/example_skip_dag.py
[2024-05-01T09:05:59.185+0000] {processor.py:840} INFO - DAG(s) 'example_skip_dag' retrieved from /home/airflow/.local/lib/python3.12/site-packages/airflow/example_dags/example_skip_dag.py
[2024-05-01T09:05:59.208+0000] {logging_mixin.py:188} INFO - [2024-05-01T09:05:59.208+0000] {dag.py:3096} INFO - Sync 1 DAGs
[2024-05-01T09:05:59.234+0000] {logging_mixin.py:188} INFO - [2024-05-01T09:05:59.233+0000] {dag.py:3954} INFO - Setting next_dagrun for example_skip_dag to 2024-04-30 00:00:00+00:00, run_after=2024-05-01 00:00:00+00:00
[2024-05-01T09:05:59.260+0000] {processor.py:183} INFO - Processing /home/airflow/.local/lib/python3.12/site-packages/airflow/example_dags/example_skip_dag.py took 0.088 seconds
