[2024-05-01T09:03:24.342+0000] {processor.py:161} INFO - Started process (PID=197) to work on /home/airflow/.local/lib/python3.12/site-packages/airflow/example_dags/example_branch_labels.py
[2024-05-01T09:03:24.343+0000] {processor.py:830} INFO - Processing file /home/airflow/.local/lib/python3.12/site-packages/airflow/example_dags/example_branch_labels.py for tasks to queue
[2024-05-01T09:03:24.344+0000] {logging_mixin.py:188} INFO - [2024-05-01T09:03:24.344+0000] {dagbag.py:540} INFO - Filling up the DagBag from /home/airflow/.local/lib/python3.12/site-packages/airflow/example_dags/example_branch_labels.py
[2024-05-01T09:03:24.368+0000] {processor.py:840} INFO - DAG(s) 'example_branch_labels' retrieved from /home/airflow/.local/lib/python3.12/site-packages/airflow/example_dags/example_branch_labels.py
[2024-05-01T09:03:24.426+0000] {logging_mixin.py:188} INFO - [2024-05-01T09:03:24.425+0000] {dag.py:3096} INFO - Sync 1 DAGs
[2024-05-01T09:03:24.452+0000] {logging_mixin.py:188} INFO - [2024-05-01T09:03:24.452+0000] {dag.py:3954} INFO - Setting next_dagrun for example_branch_labels to 2024-04-30 00:00:00+00:00, run_after=2024-05-01 00:00:00+00:00
[2024-05-01T09:03:24.479+0000] {processor.py:183} INFO - Processing /home/airflow/.local/lib/python3.12/site-packages/airflow/example_dags/example_branch_labels.py took 0.149 seconds
[2024-05-01T09:03:54.589+0000] {processor.py:161} INFO - Started process (PID=469) to work on /home/airflow/.local/lib/python3.12/site-packages/airflow/example_dags/example_branch_labels.py
[2024-05-01T09:03:54.594+0000] {processor.py:830} INFO - Processing file /home/airflow/.local/lib/python3.12/site-packages/airflow/example_dags/example_branch_labels.py for tasks to queue
[2024-05-01T09:03:54.596+0000] {logging_mixin.py:188} INFO - [2024-05-01T09:03:54.596+0000] {dagbag.py:540} INFO - Filling up the DagBag from /home/airflow/.local/lib/python3.12/site-packages/airflow/example_dags/example_branch_labels.py
[2024-05-01T09:03:54.606+0000] {processor.py:840} INFO - DAG(s) 'example_branch_labels' retrieved from /home/airflow/.local/lib/python3.12/site-packages/airflow/example_dags/example_branch_labels.py
[2024-05-01T09:03:54.625+0000] {logging_mixin.py:188} INFO - [2024-05-01T09:03:54.625+0000] {dag.py:3096} INFO - Sync 1 DAGs
[2024-05-01T09:03:54.661+0000] {logging_mixin.py:188} INFO - [2024-05-01T09:03:54.661+0000] {dag.py:3954} INFO - Setting next_dagrun for example_branch_labels to 2024-04-30 00:00:00+00:00, run_after=2024-05-01 00:00:00+00:00
[2024-05-01T09:03:54.685+0000] {processor.py:183} INFO - Processing /home/airflow/.local/lib/python3.12/site-packages/airflow/example_dags/example_branch_labels.py took 0.109 seconds
[2024-05-01T09:04:25.782+0000] {processor.py:161} INFO - Started process (PID=742) to work on /home/airflow/.local/lib/python3.12/site-packages/airflow/example_dags/example_branch_labels.py
[2024-05-01T09:04:25.783+0000] {processor.py:830} INFO - Processing file /home/airflow/.local/lib/python3.12/site-packages/airflow/example_dags/example_branch_labels.py for tasks to queue
[2024-05-01T09:04:25.785+0000] {logging_mixin.py:188} INFO - [2024-05-01T09:04:25.785+0000] {dagbag.py:540} INFO - Filling up the DagBag from /home/airflow/.local/lib/python3.12/site-packages/airflow/example_dags/example_branch_labels.py
[2024-05-01T09:04:25.816+0000] {processor.py:840} INFO - DAG(s) 'example_branch_labels' retrieved from /home/airflow/.local/lib/python3.12/site-packages/airflow/example_dags/example_branch_labels.py
[2024-05-01T09:04:25.882+0000] {logging_mixin.py:188} INFO - [2024-05-01T09:04:25.881+0000] {dag.py:3096} INFO - Sync 1 DAGs
[2024-05-01T09:04:25.984+0000] {logging_mixin.py:188} INFO - [2024-05-01T09:04:25.984+0000] {dag.py:3954} INFO - Setting next_dagrun for example_branch_labels to 2024-04-30 00:00:00+00:00, run_after=2024-05-01 00:00:00+00:00
[2024-05-01T09:04:26.030+0000] {processor.py:183} INFO - Processing /home/airflow/.local/lib/python3.12/site-packages/airflow/example_dags/example_branch_labels.py took 0.256 seconds
[2024-05-01T09:04:56.989+0000] {processor.py:161} INFO - Started process (PID=1014) to work on /home/airflow/.local/lib/python3.12/site-packages/airflow/example_dags/example_branch_labels.py
[2024-05-01T09:04:56.990+0000] {processor.py:830} INFO - Processing file /home/airflow/.local/lib/python3.12/site-packages/airflow/example_dags/example_branch_labels.py for tasks to queue
[2024-05-01T09:04:56.991+0000] {logging_mixin.py:188} INFO - [2024-05-01T09:04:56.991+0000] {dagbag.py:540} INFO - Filling up the DagBag from /home/airflow/.local/lib/python3.12/site-packages/airflow/example_dags/example_branch_labels.py
[2024-05-01T09:04:57.014+0000] {processor.py:840} INFO - DAG(s) 'example_branch_labels' retrieved from /home/airflow/.local/lib/python3.12/site-packages/airflow/example_dags/example_branch_labels.py
[2024-05-01T09:04:57.085+0000] {logging_mixin.py:188} INFO - [2024-05-01T09:04:57.085+0000] {dag.py:3096} INFO - Sync 1 DAGs
[2024-05-01T09:04:57.145+0000] {logging_mixin.py:188} INFO - [2024-05-01T09:04:57.145+0000] {dag.py:3954} INFO - Setting next_dagrun for example_branch_labels to 2024-04-30 00:00:00+00:00, run_after=2024-05-01 00:00:00+00:00
[2024-05-01T09:04:57.214+0000] {processor.py:183} INFO - Processing /home/airflow/.local/lib/python3.12/site-packages/airflow/example_dags/example_branch_labels.py took 0.231 seconds
[2024-05-01T09:05:27.742+0000] {processor.py:161} INFO - Started process (PID=1286) to work on /home/airflow/.local/lib/python3.12/site-packages/airflow/example_dags/example_branch_labels.py
[2024-05-01T09:05:27.744+0000] {processor.py:830} INFO - Processing file /home/airflow/.local/lib/python3.12/site-packages/airflow/example_dags/example_branch_labels.py for tasks to queue
[2024-05-01T09:05:27.747+0000] {logging_mixin.py:188} INFO - [2024-05-01T09:05:27.746+0000] {dagbag.py:540} INFO - Filling up the DagBag from /home/airflow/.local/lib/python3.12/site-packages/airflow/example_dags/example_branch_labels.py
[2024-05-01T09:05:27.757+0000] {processor.py:840} INFO - DAG(s) 'example_branch_labels' retrieved from /home/airflow/.local/lib/python3.12/site-packages/airflow/example_dags/example_branch_labels.py
[2024-05-01T09:05:27.779+0000] {logging_mixin.py:188} INFO - [2024-05-01T09:05:27.779+0000] {dag.py:3096} INFO - Sync 1 DAGs
[2024-05-01T09:05:27.808+0000] {logging_mixin.py:188} INFO - [2024-05-01T09:05:27.808+0000] {dag.py:3954} INFO - Setting next_dagrun for example_branch_labels to 2024-04-30 00:00:00+00:00, run_after=2024-05-01 00:00:00+00:00
[2024-05-01T09:05:27.833+0000] {processor.py:183} INFO - Processing /home/airflow/.local/lib/python3.12/site-packages/airflow/example_dags/example_branch_labels.py took 0.098 seconds
[2024-05-01T09:05:58.162+0000] {processor.py:161} INFO - Started process (PID=1559) to work on /home/airflow/.local/lib/python3.12/site-packages/airflow/example_dags/example_branch_labels.py
[2024-05-01T09:05:58.163+0000] {processor.py:830} INFO - Processing file /home/airflow/.local/lib/python3.12/site-packages/airflow/example_dags/example_branch_labels.py for tasks to queue
[2024-05-01T09:05:58.164+0000] {logging_mixin.py:188} INFO - [2024-05-01T09:05:58.164+0000] {dagbag.py:540} INFO - Filling up the DagBag from /home/airflow/.local/lib/python3.12/site-packages/airflow/example_dags/example_branch_labels.py
[2024-05-01T09:05:58.173+0000] {processor.py:840} INFO - DAG(s) 'example_branch_labels' retrieved from /home/airflow/.local/lib/python3.12/site-packages/airflow/example_dags/example_branch_labels.py
[2024-05-01T09:05:58.197+0000] {logging_mixin.py:188} INFO - [2024-05-01T09:05:58.197+0000] {dag.py:3096} INFO - Sync 1 DAGs
[2024-05-01T09:05:58.226+0000] {logging_mixin.py:188} INFO - [2024-05-01T09:05:58.226+0000] {dag.py:3954} INFO - Setting next_dagrun for example_branch_labels to 2024-04-30 00:00:00+00:00, run_after=2024-05-01 00:00:00+00:00
[2024-05-01T09:05:58.252+0000] {processor.py:183} INFO - Processing /home/airflow/.local/lib/python3.12/site-packages/airflow/example_dags/example_branch_labels.py took 0.096 seconds
