[2024-05-01T09:03:26.040+0000] {processor.py:161} INFO - Started process (PID=287) to work on /home/airflow/.local/lib/python3.12/site-packages/airflow/example_dags/example_task_group_decorator.py
[2024-05-01T09:03:26.041+0000] {processor.py:830} INFO - Processing file /home/airflow/.local/lib/python3.12/site-packages/airflow/example_dags/example_task_group_decorator.py for tasks to queue
[2024-05-01T09:03:26.042+0000] {logging_mixin.py:188} INFO - [2024-05-01T09:03:26.042+0000] {dagbag.py:540} INFO - Filling up the DagBag from /home/airflow/.local/lib/python3.12/site-packages/airflow/example_dags/example_task_group_decorator.py
[2024-05-01T09:03:26.062+0000] {processor.py:840} INFO - DAG(s) 'example_task_group_decorator' retrieved from /home/airflow/.local/lib/python3.12/site-packages/airflow/example_dags/example_task_group_decorator.py
[2024-05-01T09:03:26.095+0000] {logging_mixin.py:188} INFO - [2024-05-01T09:03:26.095+0000] {dag.py:3096} INFO - Sync 1 DAGs
[2024-05-01T09:03:26.119+0000] {logging_mixin.py:188} INFO - [2024-05-01T09:03:26.119+0000] {dag.py:3954} INFO - Setting next_dagrun for example_task_group_decorator to 2024-04-30 00:00:00+00:00, run_after=2024-05-01 00:00:00+00:00
[2024-05-01T09:03:26.144+0000] {processor.py:183} INFO - Processing /home/airflow/.local/lib/python3.12/site-packages/airflow/example_dags/example_task_group_decorator.py took 0.110 seconds
[2024-05-01T09:03:57.074+0000] {processor.py:161} INFO - Started process (PID=559) to work on /home/airflow/.local/lib/python3.12/site-packages/airflow/example_dags/example_task_group_decorator.py
[2024-05-01T09:03:57.075+0000] {processor.py:830} INFO - Processing file /home/airflow/.local/lib/python3.12/site-packages/airflow/example_dags/example_task_group_decorator.py for tasks to queue
[2024-05-01T09:03:57.077+0000] {logging_mixin.py:188} INFO - [2024-05-01T09:03:57.077+0000] {dagbag.py:540} INFO - Filling up the DagBag from /home/airflow/.local/lib/python3.12/site-packages/airflow/example_dags/example_task_group_decorator.py
[2024-05-01T09:03:57.094+0000] {processor.py:840} INFO - DAG(s) 'example_task_group_decorator' retrieved from /home/airflow/.local/lib/python3.12/site-packages/airflow/example_dags/example_task_group_decorator.py
[2024-05-01T09:03:57.126+0000] {logging_mixin.py:188} INFO - [2024-05-01T09:03:57.126+0000] {dag.py:3096} INFO - Sync 1 DAGs
[2024-05-01T09:03:57.151+0000] {logging_mixin.py:188} INFO - [2024-05-01T09:03:57.150+0000] {dag.py:3954} INFO - Setting next_dagrun for example_task_group_decorator to 2024-04-30 00:00:00+00:00, run_after=2024-05-01 00:00:00+00:00
[2024-05-01T09:03:57.175+0000] {processor.py:183} INFO - Processing /home/airflow/.local/lib/python3.12/site-packages/airflow/example_dags/example_task_group_decorator.py took 0.117 seconds
[2024-05-01T09:04:28.419+0000] {processor.py:161} INFO - Started process (PID=832) to work on /home/airflow/.local/lib/python3.12/site-packages/airflow/example_dags/example_task_group_decorator.py
[2024-05-01T09:04:28.420+0000] {processor.py:830} INFO - Processing file /home/airflow/.local/lib/python3.12/site-packages/airflow/example_dags/example_task_group_decorator.py for tasks to queue
[2024-05-01T09:04:28.422+0000] {logging_mixin.py:188} INFO - [2024-05-01T09:04:28.422+0000] {dagbag.py:540} INFO - Filling up the DagBag from /home/airflow/.local/lib/python3.12/site-packages/airflow/example_dags/example_task_group_decorator.py
[2024-05-01T09:04:28.449+0000] {processor.py:840} INFO - DAG(s) 'example_task_group_decorator' retrieved from /home/airflow/.local/lib/python3.12/site-packages/airflow/example_dags/example_task_group_decorator.py
[2024-05-01T09:04:28.492+0000] {logging_mixin.py:188} INFO - [2024-05-01T09:04:28.492+0000] {dag.py:3096} INFO - Sync 1 DAGs
[2024-05-01T09:04:28.528+0000] {logging_mixin.py:188} INFO - [2024-05-01T09:04:28.527+0000] {dag.py:3954} INFO - Setting next_dagrun for example_task_group_decorator to 2024-04-30 00:00:00+00:00, run_after=2024-05-01 00:00:00+00:00
[2024-05-01T09:04:28.583+0000] {processor.py:183} INFO - Processing /home/airflow/.local/lib/python3.12/site-packages/airflow/example_dags/example_task_group_decorator.py took 0.176 seconds
[2024-05-01T09:04:58.929+0000] {processor.py:161} INFO - Started process (PID=1105) to work on /home/airflow/.local/lib/python3.12/site-packages/airflow/example_dags/example_task_group_decorator.py
[2024-05-01T09:04:58.930+0000] {processor.py:830} INFO - Processing file /home/airflow/.local/lib/python3.12/site-packages/airflow/example_dags/example_task_group_decorator.py for tasks to queue
[2024-05-01T09:04:58.932+0000] {logging_mixin.py:188} INFO - [2024-05-01T09:04:58.931+0000] {dagbag.py:540} INFO - Filling up the DagBag from /home/airflow/.local/lib/python3.12/site-packages/airflow/example_dags/example_task_group_decorator.py
[2024-05-01T09:04:58.964+0000] {processor.py:840} INFO - DAG(s) 'example_task_group_decorator' retrieved from /home/airflow/.local/lib/python3.12/site-packages/airflow/example_dags/example_task_group_decorator.py
[2024-05-01T09:04:59.016+0000] {logging_mixin.py:188} INFO - [2024-05-01T09:04:59.015+0000] {dag.py:3096} INFO - Sync 1 DAGs
[2024-05-01T09:04:59.086+0000] {logging_mixin.py:188} INFO - [2024-05-01T09:04:59.086+0000] {dag.py:3954} INFO - Setting next_dagrun for example_task_group_decorator to 2024-04-30 00:00:00+00:00, run_after=2024-05-01 00:00:00+00:00
[2024-05-01T09:04:59.202+0000] {processor.py:183} INFO - Processing /home/airflow/.local/lib/python3.12/site-packages/airflow/example_dags/example_task_group_decorator.py took 0.293 seconds
[2024-05-01T09:05:30.052+0000] {processor.py:161} INFO - Started process (PID=1378) to work on /home/airflow/.local/lib/python3.12/site-packages/airflow/example_dags/example_task_group_decorator.py
[2024-05-01T09:05:30.053+0000] {processor.py:830} INFO - Processing file /home/airflow/.local/lib/python3.12/site-packages/airflow/example_dags/example_task_group_decorator.py for tasks to queue
[2024-05-01T09:05:30.055+0000] {logging_mixin.py:188} INFO - [2024-05-01T09:05:30.055+0000] {dagbag.py:540} INFO - Filling up the DagBag from /home/airflow/.local/lib/python3.12/site-packages/airflow/example_dags/example_task_group_decorator.py
[2024-05-01T09:05:30.073+0000] {processor.py:840} INFO - DAG(s) 'example_task_group_decorator' retrieved from /home/airflow/.local/lib/python3.12/site-packages/airflow/example_dags/example_task_group_decorator.py
[2024-05-01T09:05:30.105+0000] {logging_mixin.py:188} INFO - [2024-05-01T09:05:30.105+0000] {dag.py:3096} INFO - Sync 1 DAGs
[2024-05-01T09:05:30.132+0000] {logging_mixin.py:188} INFO - [2024-05-01T09:05:30.132+0000] {dag.py:3954} INFO - Setting next_dagrun for example_task_group_decorator to 2024-04-30 00:00:00+00:00, run_after=2024-05-01 00:00:00+00:00
[2024-05-01T09:05:30.157+0000] {processor.py:183} INFO - Processing /home/airflow/.local/lib/python3.12/site-packages/airflow/example_dags/example_task_group_decorator.py took 0.111 seconds
[2024-05-01T09:06:00.315+0000] {processor.py:161} INFO - Started process (PID=1651) to work on /home/airflow/.local/lib/python3.12/site-packages/airflow/example_dags/example_task_group_decorator.py
[2024-05-01T09:06:00.319+0000] {processor.py:830} INFO - Processing file /home/airflow/.local/lib/python3.12/site-packages/airflow/example_dags/example_task_group_decorator.py for tasks to queue
[2024-05-01T09:06:00.321+0000] {logging_mixin.py:188} INFO - [2024-05-01T09:06:00.321+0000] {dagbag.py:540} INFO - Filling up the DagBag from /home/airflow/.local/lib/python3.12/site-packages/airflow/example_dags/example_task_group_decorator.py
[2024-05-01T09:06:00.340+0000] {processor.py:840} INFO - DAG(s) 'example_task_group_decorator' retrieved from /home/airflow/.local/lib/python3.12/site-packages/airflow/example_dags/example_task_group_decorator.py
[2024-05-01T09:06:00.374+0000] {logging_mixin.py:188} INFO - [2024-05-01T09:06:00.374+0000] {dag.py:3096} INFO - Sync 1 DAGs
[2024-05-01T09:06:00.401+0000] {logging_mixin.py:188} INFO - [2024-05-01T09:06:00.400+0000] {dag.py:3954} INFO - Setting next_dagrun for example_task_group_decorator to 2024-04-30 00:00:00+00:00, run_after=2024-05-01 00:00:00+00:00
[2024-05-01T09:06:00.429+0000] {processor.py:183} INFO - Processing /home/airflow/.local/lib/python3.12/site-packages/airflow/example_dags/example_task_group_decorator.py took 0.126 seconds
