[2024-05-01T09:03:25.107+0000] {processor.py:161} INFO - Started process (PID=242) to work on /home/airflow/.local/lib/python3.12/site-packages/airflow/example_dags/example_short_circuit_operator.py
[2024-05-01T09:03:25.107+0000] {processor.py:830} INFO - Processing file /home/airflow/.local/lib/python3.12/site-packages/airflow/example_dags/example_short_circuit_operator.py for tasks to queue
[2024-05-01T09:03:25.109+0000] {logging_mixin.py:188} INFO - [2024-05-01T09:03:25.108+0000] {dagbag.py:540} INFO - Filling up the DagBag from /home/airflow/.local/lib/python3.12/site-packages/airflow/example_dags/example_short_circuit_operator.py
[2024-05-01T09:03:25.121+0000] {processor.py:840} INFO - DAG(s) 'example_short_circuit_operator' retrieved from /home/airflow/.local/lib/python3.12/site-packages/airflow/example_dags/example_short_circuit_operator.py
[2024-05-01T09:03:25.156+0000] {logging_mixin.py:188} INFO - [2024-05-01T09:03:25.156+0000] {dag.py:3096} INFO - Sync 1 DAGs
[2024-05-01T09:03:25.179+0000] {logging_mixin.py:188} INFO - [2024-05-01T09:03:25.178+0000] {dag.py:3954} INFO - Setting next_dagrun for example_short_circuit_operator to 2024-04-30 00:00:00+00:00, run_after=2024-05-01 00:00:00+00:00
[2024-05-01T09:03:25.202+0000] {processor.py:183} INFO - Processing /home/airflow/.local/lib/python3.12/site-packages/airflow/example_dags/example_short_circuit_operator.py took 0.102 seconds
[2024-05-01T09:03:55.337+0000] {processor.py:161} INFO - Started process (PID=514) to work on /home/airflow/.local/lib/python3.12/site-packages/airflow/example_dags/example_short_circuit_operator.py
[2024-05-01T09:03:55.338+0000] {processor.py:830} INFO - Processing file /home/airflow/.local/lib/python3.12/site-packages/airflow/example_dags/example_short_circuit_operator.py for tasks to queue
[2024-05-01T09:03:55.339+0000] {logging_mixin.py:188} INFO - [2024-05-01T09:03:55.339+0000] {dagbag.py:540} INFO - Filling up the DagBag from /home/airflow/.local/lib/python3.12/site-packages/airflow/example_dags/example_short_circuit_operator.py
[2024-05-01T09:03:55.348+0000] {processor.py:840} INFO - DAG(s) 'example_short_circuit_operator' retrieved from /home/airflow/.local/lib/python3.12/site-packages/airflow/example_dags/example_short_circuit_operator.py
[2024-05-01T09:03:55.375+0000] {logging_mixin.py:188} INFO - [2024-05-01T09:03:55.375+0000] {dag.py:3096} INFO - Sync 1 DAGs
[2024-05-01T09:03:55.397+0000] {logging_mixin.py:188} INFO - [2024-05-01T09:03:55.397+0000] {dag.py:3954} INFO - Setting next_dagrun for example_short_circuit_operator to 2024-04-30 00:00:00+00:00, run_after=2024-05-01 00:00:00+00:00
[2024-05-01T09:03:55.423+0000] {processor.py:183} INFO - Processing /home/airflow/.local/lib/python3.12/site-packages/airflow/example_dags/example_short_circuit_operator.py took 0.092 seconds
[2024-05-01T09:04:27.090+0000] {processor.py:161} INFO - Started process (PID=787) to work on /home/airflow/.local/lib/python3.12/site-packages/airflow/example_dags/example_short_circuit_operator.py
[2024-05-01T09:04:27.091+0000] {processor.py:830} INFO - Processing file /home/airflow/.local/lib/python3.12/site-packages/airflow/example_dags/example_short_circuit_operator.py for tasks to queue
[2024-05-01T09:04:27.093+0000] {logging_mixin.py:188} INFO - [2024-05-01T09:04:27.093+0000] {dagbag.py:540} INFO - Filling up the DagBag from /home/airflow/.local/lib/python3.12/site-packages/airflow/example_dags/example_short_circuit_operator.py
[2024-05-01T09:04:27.106+0000] {processor.py:840} INFO - DAG(s) 'example_short_circuit_operator' retrieved from /home/airflow/.local/lib/python3.12/site-packages/airflow/example_dags/example_short_circuit_operator.py
[2024-05-01T09:04:27.200+0000] {logging_mixin.py:188} INFO - [2024-05-01T09:04:27.200+0000] {dag.py:3096} INFO - Sync 1 DAGs
[2024-05-01T09:04:27.252+0000] {logging_mixin.py:188} INFO - [2024-05-01T09:04:27.251+0000] {dag.py:3954} INFO - Setting next_dagrun for example_short_circuit_operator to 2024-04-30 00:00:00+00:00, run_after=2024-05-01 00:00:00+00:00
[2024-05-01T09:04:27.303+0000] {processor.py:183} INFO - Processing /home/airflow/.local/lib/python3.12/site-packages/airflow/example_dags/example_short_circuit_operator.py took 0.229 seconds
[2024-05-01T09:04:57.958+0000] {processor.py:161} INFO - Started process (PID=1059) to work on /home/airflow/.local/lib/python3.12/site-packages/airflow/example_dags/example_short_circuit_operator.py
[2024-05-01T09:04:57.961+0000] {processor.py:830} INFO - Processing file /home/airflow/.local/lib/python3.12/site-packages/airflow/example_dags/example_short_circuit_operator.py for tasks to queue
[2024-05-01T09:04:57.963+0000] {logging_mixin.py:188} INFO - [2024-05-01T09:04:57.963+0000] {dagbag.py:540} INFO - Filling up the DagBag from /home/airflow/.local/lib/python3.12/site-packages/airflow/example_dags/example_short_circuit_operator.py
[2024-05-01T09:04:57.979+0000] {processor.py:840} INFO - DAG(s) 'example_short_circuit_operator' retrieved from /home/airflow/.local/lib/python3.12/site-packages/airflow/example_dags/example_short_circuit_operator.py
[2024-05-01T09:04:58.034+0000] {logging_mixin.py:188} INFO - [2024-05-01T09:04:58.033+0000] {dag.py:3096} INFO - Sync 1 DAGs
[2024-05-01T09:04:58.061+0000] {logging_mixin.py:188} INFO - [2024-05-01T09:04:58.060+0000] {dag.py:3954} INFO - Setting next_dagrun for example_short_circuit_operator to 2024-04-30 00:00:00+00:00, run_after=2024-05-01 00:00:00+00:00
[2024-05-01T09:04:58.125+0000] {processor.py:183} INFO - Processing /home/airflow/.local/lib/python3.12/site-packages/airflow/example_dags/example_short_circuit_operator.py took 0.175 seconds
[2024-05-01T09:05:28.340+0000] {processor.py:161} INFO - Started process (PID=1331) to work on /home/airflow/.local/lib/python3.12/site-packages/airflow/example_dags/example_short_circuit_operator.py
[2024-05-01T09:05:28.342+0000] {processor.py:830} INFO - Processing file /home/airflow/.local/lib/python3.12/site-packages/airflow/example_dags/example_short_circuit_operator.py for tasks to queue
[2024-05-01T09:05:28.344+0000] {logging_mixin.py:188} INFO - [2024-05-01T09:05:28.343+0000] {dagbag.py:540} INFO - Filling up the DagBag from /home/airflow/.local/lib/python3.12/site-packages/airflow/example_dags/example_short_circuit_operator.py
[2024-05-01T09:05:28.353+0000] {processor.py:840} INFO - DAG(s) 'example_short_circuit_operator' retrieved from /home/airflow/.local/lib/python3.12/site-packages/airflow/example_dags/example_short_circuit_operator.py
[2024-05-01T09:05:28.412+0000] {logging_mixin.py:188} INFO - [2024-05-01T09:05:28.411+0000] {dag.py:3096} INFO - Sync 1 DAGs
[2024-05-01T09:05:28.453+0000] {logging_mixin.py:188} INFO - [2024-05-01T09:05:28.452+0000] {dag.py:3954} INFO - Setting next_dagrun for example_short_circuit_operator to 2024-04-30 00:00:00+00:00, run_after=2024-05-01 00:00:00+00:00
[2024-05-01T09:05:28.477+0000] {processor.py:183} INFO - Processing /home/airflow/.local/lib/python3.12/site-packages/airflow/example_dags/example_short_circuit_operator.py took 0.146 seconds
[2024-05-01T09:05:58.686+0000] {processor.py:161} INFO - Started process (PID=1604) to work on /home/airflow/.local/lib/python3.12/site-packages/airflow/example_dags/example_short_circuit_operator.py
[2024-05-01T09:05:58.687+0000] {processor.py:830} INFO - Processing file /home/airflow/.local/lib/python3.12/site-packages/airflow/example_dags/example_short_circuit_operator.py for tasks to queue
[2024-05-01T09:05:58.688+0000] {logging_mixin.py:188} INFO - [2024-05-01T09:05:58.688+0000] {dagbag.py:540} INFO - Filling up the DagBag from /home/airflow/.local/lib/python3.12/site-packages/airflow/example_dags/example_short_circuit_operator.py
[2024-05-01T09:05:58.697+0000] {processor.py:840} INFO - DAG(s) 'example_short_circuit_operator' retrieved from /home/airflow/.local/lib/python3.12/site-packages/airflow/example_dags/example_short_circuit_operator.py
[2024-05-01T09:05:58.725+0000] {logging_mixin.py:188} INFO - [2024-05-01T09:05:58.725+0000] {dag.py:3096} INFO - Sync 1 DAGs
[2024-05-01T09:05:58.748+0000] {logging_mixin.py:188} INFO - [2024-05-01T09:05:58.748+0000] {dag.py:3954} INFO - Setting next_dagrun for example_short_circuit_operator to 2024-04-30 00:00:00+00:00, run_after=2024-05-01 00:00:00+00:00
[2024-05-01T09:05:58.772+0000] {processor.py:183} INFO - Processing /home/airflow/.local/lib/python3.12/site-packages/airflow/example_dags/example_short_circuit_operator.py took 0.093 seconds
