[2024-05-01T09:03:27.146+0000] {processor.py:161} INFO - Started process (PID=352) to work on /home/airflow/.local/lib/python3.12/site-packages/airflow/example_dags/example_external_task_marker_dag.py
[2024-05-01T09:03:27.147+0000] {processor.py:830} INFO - Processing file /home/airflow/.local/lib/python3.12/site-packages/airflow/example_dags/example_external_task_marker_dag.py for tasks to queue
[2024-05-01T09:03:27.148+0000] {logging_mixin.py:188} INFO - [2024-05-01T09:03:27.148+0000] {dagbag.py:540} INFO - Filling up the DagBag from /home/airflow/.local/lib/python3.12/site-packages/airflow/example_dags/example_external_task_marker_dag.py
[2024-05-01T09:03:27.157+0000] {processor.py:840} INFO - DAG(s) 'example_external_task_marker_parent', 'example_external_task_marker_child' retrieved from /home/airflow/.local/lib/python3.12/site-packages/airflow/example_dags/example_external_task_marker_dag.py
[2024-05-01T09:03:27.182+0000] {logging_mixin.py:188} INFO - [2024-05-01T09:03:27.182+0000] {dag.py:3096} INFO - Sync 2 DAGs
[2024-05-01T09:03:27.198+0000] {logging_mixin.py:188} INFO - [2024-05-01T09:03:27.198+0000] {dag.py:3954} INFO - Setting next_dagrun for example_external_task_marker_child to None, run_after=None
[2024-05-01T09:03:27.202+0000] {logging_mixin.py:188} INFO - [2024-05-01T09:03:27.202+0000] {dag.py:3954} INFO - Setting next_dagrun for example_external_task_marker_parent to None, run_after=None
[2024-05-01T09:03:27.223+0000] {processor.py:183} INFO - Processing /home/airflow/.local/lib/python3.12/site-packages/airflow/example_dags/example_external_task_marker_dag.py took 0.083 seconds
[2024-05-01T09:03:58.022+0000] {processor.py:161} INFO - Started process (PID=624) to work on /home/airflow/.local/lib/python3.12/site-packages/airflow/example_dags/example_external_task_marker_dag.py
[2024-05-01T09:03:58.022+0000] {processor.py:830} INFO - Processing file /home/airflow/.local/lib/python3.12/site-packages/airflow/example_dags/example_external_task_marker_dag.py for tasks to queue
[2024-05-01T09:03:58.024+0000] {logging_mixin.py:188} INFO - [2024-05-01T09:03:58.024+0000] {dagbag.py:540} INFO - Filling up the DagBag from /home/airflow/.local/lib/python3.12/site-packages/airflow/example_dags/example_external_task_marker_dag.py
[2024-05-01T09:03:58.031+0000] {processor.py:840} INFO - DAG(s) 'example_external_task_marker_parent', 'example_external_task_marker_child' retrieved from /home/airflow/.local/lib/python3.12/site-packages/airflow/example_dags/example_external_task_marker_dag.py
[2024-05-01T09:03:58.056+0000] {logging_mixin.py:188} INFO - [2024-05-01T09:03:58.056+0000] {dag.py:3096} INFO - Sync 2 DAGs
[2024-05-01T09:03:58.098+0000] {logging_mixin.py:188} INFO - [2024-05-01T09:03:58.097+0000] {dag.py:3954} INFO - Setting next_dagrun for example_external_task_marker_child to None, run_after=None
[2024-05-01T09:03:58.102+0000] {logging_mixin.py:188} INFO - [2024-05-01T09:03:58.102+0000] {dag.py:3954} INFO - Setting next_dagrun for example_external_task_marker_parent to None, run_after=None
[2024-05-01T09:03:58.124+0000] {processor.py:183} INFO - Processing /home/airflow/.local/lib/python3.12/site-packages/airflow/example_dags/example_external_task_marker_dag.py took 0.109 seconds
[2024-05-01T09:04:29.874+0000] {processor.py:161} INFO - Started process (PID=897) to work on /home/airflow/.local/lib/python3.12/site-packages/airflow/example_dags/example_external_task_marker_dag.py
[2024-05-01T09:04:29.881+0000] {processor.py:830} INFO - Processing file /home/airflow/.local/lib/python3.12/site-packages/airflow/example_dags/example_external_task_marker_dag.py for tasks to queue
[2024-05-01T09:04:29.883+0000] {logging_mixin.py:188} INFO - [2024-05-01T09:04:29.882+0000] {dagbag.py:540} INFO - Filling up the DagBag from /home/airflow/.local/lib/python3.12/site-packages/airflow/example_dags/example_external_task_marker_dag.py
[2024-05-01T09:04:29.890+0000] {processor.py:840} INFO - DAG(s) 'example_external_task_marker_child', 'example_external_task_marker_parent' retrieved from /home/airflow/.local/lib/python3.12/site-packages/airflow/example_dags/example_external_task_marker_dag.py
[2024-05-01T09:04:29.916+0000] {logging_mixin.py:188} INFO - [2024-05-01T09:04:29.916+0000] {dag.py:3096} INFO - Sync 2 DAGs
[2024-05-01T09:04:29.932+0000] {logging_mixin.py:188} INFO - [2024-05-01T09:04:29.932+0000] {dag.py:3954} INFO - Setting next_dagrun for example_external_task_marker_child to None, run_after=None
[2024-05-01T09:04:29.936+0000] {logging_mixin.py:188} INFO - [2024-05-01T09:04:29.936+0000] {dag.py:3954} INFO - Setting next_dagrun for example_external_task_marker_parent to None, run_after=None
[2024-05-01T09:04:29.963+0000] {processor.py:183} INFO - Processing /home/airflow/.local/lib/python3.12/site-packages/airflow/example_dags/example_external_task_marker_dag.py took 0.136 seconds
[2024-05-01T09:05:00.335+0000] {processor.py:161} INFO - Started process (PID=1171) to work on /home/airflow/.local/lib/python3.12/site-packages/airflow/example_dags/example_external_task_marker_dag.py
[2024-05-01T09:05:00.335+0000] {processor.py:830} INFO - Processing file /home/airflow/.local/lib/python3.12/site-packages/airflow/example_dags/example_external_task_marker_dag.py for tasks to queue
[2024-05-01T09:05:00.337+0000] {logging_mixin.py:188} INFO - [2024-05-01T09:05:00.336+0000] {dagbag.py:540} INFO - Filling up the DagBag from /home/airflow/.local/lib/python3.12/site-packages/airflow/example_dags/example_external_task_marker_dag.py
[2024-05-01T09:05:00.341+0000] {processor.py:840} INFO - DAG(s) 'example_external_task_marker_child', 'example_external_task_marker_parent' retrieved from /home/airflow/.local/lib/python3.12/site-packages/airflow/example_dags/example_external_task_marker_dag.py
[2024-05-01T09:05:00.359+0000] {logging_mixin.py:188} INFO - [2024-05-01T09:05:00.359+0000] {dag.py:3096} INFO - Sync 2 DAGs
[2024-05-01T09:05:00.370+0000] {logging_mixin.py:188} INFO - [2024-05-01T09:05:00.369+0000] {dag.py:3954} INFO - Setting next_dagrun for example_external_task_marker_child to None, run_after=None
[2024-05-01T09:05:00.372+0000] {logging_mixin.py:188} INFO - [2024-05-01T09:05:00.372+0000] {dag.py:3954} INFO - Setting next_dagrun for example_external_task_marker_parent to None, run_after=None
[2024-05-01T09:05:00.395+0000] {processor.py:183} INFO - Processing /home/airflow/.local/lib/python3.12/site-packages/airflow/example_dags/example_external_task_marker_dag.py took 0.065 seconds
[2024-05-01T09:05:31.127+0000] {processor.py:161} INFO - Started process (PID=1441) to work on /home/airflow/.local/lib/python3.12/site-packages/airflow/example_dags/example_external_task_marker_dag.py
[2024-05-01T09:05:31.128+0000] {processor.py:830} INFO - Processing file /home/airflow/.local/lib/python3.12/site-packages/airflow/example_dags/example_external_task_marker_dag.py for tasks to queue
[2024-05-01T09:05:31.138+0000] {logging_mixin.py:188} INFO - [2024-05-01T09:05:31.137+0000] {dagbag.py:540} INFO - Filling up the DagBag from /home/airflow/.local/lib/python3.12/site-packages/airflow/example_dags/example_external_task_marker_dag.py
[2024-05-01T09:05:31.158+0000] {processor.py:840} INFO - DAG(s) 'example_external_task_marker_parent', 'example_external_task_marker_child' retrieved from /home/airflow/.local/lib/python3.12/site-packages/airflow/example_dags/example_external_task_marker_dag.py
[2024-05-01T09:05:31.199+0000] {logging_mixin.py:188} INFO - [2024-05-01T09:05:31.199+0000] {dag.py:3096} INFO - Sync 2 DAGs
[2024-05-01T09:05:31.216+0000] {logging_mixin.py:188} INFO - [2024-05-01T09:05:31.216+0000] {dag.py:3954} INFO - Setting next_dagrun for example_external_task_marker_child to None, run_after=None
[2024-05-01T09:05:31.221+0000] {logging_mixin.py:188} INFO - [2024-05-01T09:05:31.221+0000] {dag.py:3954} INFO - Setting next_dagrun for example_external_task_marker_parent to None, run_after=None
[2024-05-01T09:05:31.245+0000] {processor.py:183} INFO - Processing /home/airflow/.local/lib/python3.12/site-packages/airflow/example_dags/example_external_task_marker_dag.py took 0.125 seconds
[2024-05-01T09:06:01.647+0000] {processor.py:161} INFO - Started process (PID=1714) to work on /home/airflow/.local/lib/python3.12/site-packages/airflow/example_dags/example_external_task_marker_dag.py
[2024-05-01T09:06:01.649+0000] {processor.py:830} INFO - Processing file /home/airflow/.local/lib/python3.12/site-packages/airflow/example_dags/example_external_task_marker_dag.py for tasks to queue
[2024-05-01T09:06:01.650+0000] {logging_mixin.py:188} INFO - [2024-05-01T09:06:01.650+0000] {dagbag.py:540} INFO - Filling up the DagBag from /home/airflow/.local/lib/python3.12/site-packages/airflow/example_dags/example_external_task_marker_dag.py
[2024-05-01T09:06:01.657+0000] {processor.py:840} INFO - DAG(s) 'example_external_task_marker_child', 'example_external_task_marker_parent' retrieved from /home/airflow/.local/lib/python3.12/site-packages/airflow/example_dags/example_external_task_marker_dag.py
[2024-05-01T09:06:01.683+0000] {logging_mixin.py:188} INFO - [2024-05-01T09:06:01.682+0000] {dag.py:3096} INFO - Sync 2 DAGs
[2024-05-01T09:06:01.697+0000] {logging_mixin.py:188} INFO - [2024-05-01T09:06:01.697+0000] {dag.py:3954} INFO - Setting next_dagrun for example_external_task_marker_child to None, run_after=None
[2024-05-01T09:06:01.701+0000] {logging_mixin.py:188} INFO - [2024-05-01T09:06:01.701+0000] {dag.py:3954} INFO - Setting next_dagrun for example_external_task_marker_parent to None, run_after=None
[2024-05-01T09:06:01.723+0000] {processor.py:183} INFO - Processing /home/airflow/.local/lib/python3.12/site-packages/airflow/example_dags/example_external_task_marker_dag.py took 0.082 seconds
