[2024-05-01T09:03:23.934+0000] {processor.py:161} INFO - Started process (PID=174) to work on /home/airflow/.local/lib/python3.12/site-packages/airflow/example_dags/example_latest_only.py
[2024-05-01T09:03:23.935+0000] {processor.py:830} INFO - Processing file /home/airflow/.local/lib/python3.12/site-packages/airflow/example_dags/example_latest_only.py for tasks to queue
[2024-05-01T09:03:23.937+0000] {logging_mixin.py:188} INFO - [2024-05-01T09:03:23.937+0000] {dagbag.py:540} INFO - Filling up the DagBag from /home/airflow/.local/lib/python3.12/site-packages/airflow/example_dags/example_latest_only.py
[2024-05-01T09:03:23.950+0000] {processor.py:840} INFO - DAG(s) 'latest_only' retrieved from /home/airflow/.local/lib/python3.12/site-packages/airflow/example_dags/example_latest_only.py
[2024-05-01T09:03:23.979+0000] {logging_mixin.py:188} INFO - [2024-05-01T09:03:23.978+0000] {dag.py:3096} INFO - Sync 1 DAGs
[2024-05-01T09:03:24.010+0000] {logging_mixin.py:188} INFO - [2024-05-01T09:03:24.010+0000] {dag.py:3954} INFO - Setting next_dagrun for latest_only to 2024-05-01 04:00:00+00:00, run_after=2024-05-01 08:00:00+00:00
[2024-05-01T09:03:24.035+0000] {processor.py:183} INFO - Processing /home/airflow/.local/lib/python3.12/site-packages/airflow/example_dags/example_latest_only.py took 0.106 seconds
[2024-05-01T09:03:54.152+0000] {processor.py:161} INFO - Started process (PID=443) to work on /home/airflow/.local/lib/python3.12/site-packages/airflow/example_dags/example_latest_only.py
[2024-05-01T09:03:54.153+0000] {processor.py:830} INFO - Processing file /home/airflow/.local/lib/python3.12/site-packages/airflow/example_dags/example_latest_only.py for tasks to queue
[2024-05-01T09:03:54.155+0000] {logging_mixin.py:188} INFO - [2024-05-01T09:03:54.155+0000] {dagbag.py:540} INFO - Filling up the DagBag from /home/airflow/.local/lib/python3.12/site-packages/airflow/example_dags/example_latest_only.py
[2024-05-01T09:03:54.160+0000] {processor.py:840} INFO - DAG(s) 'latest_only' retrieved from /home/airflow/.local/lib/python3.12/site-packages/airflow/example_dags/example_latest_only.py
[2024-05-01T09:03:54.193+0000] {logging_mixin.py:188} INFO - [2024-05-01T09:03:54.193+0000] {dag.py:3096} INFO - Sync 1 DAGs
[2024-05-01T09:03:54.227+0000] {logging_mixin.py:188} INFO - [2024-05-01T09:03:54.226+0000] {dag.py:3954} INFO - Setting next_dagrun for latest_only to 2024-05-01 04:00:00+00:00, run_after=2024-05-01 08:00:00+00:00
[2024-05-01T09:03:54.252+0000] {processor.py:183} INFO - Processing /home/airflow/.local/lib/python3.12/site-packages/airflow/example_dags/example_latest_only.py took 0.106 seconds
[2024-05-01T09:04:24.904+0000] {processor.py:161} INFO - Started process (PID=717) to work on /home/airflow/.local/lib/python3.12/site-packages/airflow/example_dags/example_latest_only.py
[2024-05-01T09:04:24.916+0000] {processor.py:830} INFO - Processing file /home/airflow/.local/lib/python3.12/site-packages/airflow/example_dags/example_latest_only.py for tasks to queue
[2024-05-01T09:04:24.918+0000] {logging_mixin.py:188} INFO - [2024-05-01T09:04:24.918+0000] {dagbag.py:540} INFO - Filling up the DagBag from /home/airflow/.local/lib/python3.12/site-packages/airflow/example_dags/example_latest_only.py
[2024-05-01T09:04:24.924+0000] {processor.py:840} INFO - DAG(s) 'latest_only' retrieved from /home/airflow/.local/lib/python3.12/site-packages/airflow/example_dags/example_latest_only.py
[2024-05-01T09:04:24.984+0000] {logging_mixin.py:188} INFO - [2024-05-01T09:04:24.984+0000] {dag.py:3096} INFO - Sync 1 DAGs
[2024-05-01T09:04:25.071+0000] {logging_mixin.py:188} INFO - [2024-05-01T09:04:25.070+0000] {dag.py:3954} INFO - Setting next_dagrun for latest_only to 2024-05-01 04:00:00+00:00, run_after=2024-05-01 08:00:00+00:00
[2024-05-01T09:04:25.118+0000] {processor.py:183} INFO - Processing /home/airflow/.local/lib/python3.12/site-packages/airflow/example_dags/example_latest_only.py took 0.263 seconds
[2024-05-01T09:04:55.295+0000] {processor.py:161} INFO - Started process (PID=989) to work on /home/airflow/.local/lib/python3.12/site-packages/airflow/example_dags/example_latest_only.py
[2024-05-01T09:04:55.305+0000] {processor.py:830} INFO - Processing file /home/airflow/.local/lib/python3.12/site-packages/airflow/example_dags/example_latest_only.py for tasks to queue
[2024-05-01T09:04:55.313+0000] {logging_mixin.py:188} INFO - [2024-05-01T09:04:55.312+0000] {dagbag.py:540} INFO - Filling up the DagBag from /home/airflow/.local/lib/python3.12/site-packages/airflow/example_dags/example_latest_only.py
[2024-05-01T09:04:55.321+0000] {processor.py:840} INFO - DAG(s) 'latest_only' retrieved from /home/airflow/.local/lib/python3.12/site-packages/airflow/example_dags/example_latest_only.py
[2024-05-01T09:04:55.342+0000] {logging_mixin.py:188} INFO - [2024-05-01T09:04:55.342+0000] {dag.py:3096} INFO - Sync 1 DAGs
[2024-05-01T09:04:55.381+0000] {logging_mixin.py:188} INFO - [2024-05-01T09:04:55.380+0000] {dag.py:3954} INFO - Setting next_dagrun for latest_only to 2024-05-01 04:00:00+00:00, run_after=2024-05-01 08:00:00+00:00
[2024-05-01T09:04:55.466+0000] {processor.py:183} INFO - Processing /home/airflow/.local/lib/python3.12/site-packages/airflow/example_dags/example_latest_only.py took 0.192 seconds
[2024-05-01T09:05:26.456+0000] {processor.py:161} INFO - Started process (PID=1263) to work on /home/airflow/.local/lib/python3.12/site-packages/airflow/example_dags/example_latest_only.py
[2024-05-01T09:05:26.456+0000] {processor.py:830} INFO - Processing file /home/airflow/.local/lib/python3.12/site-packages/airflow/example_dags/example_latest_only.py for tasks to queue
[2024-05-01T09:05:26.458+0000] {logging_mixin.py:188} INFO - [2024-05-01T09:05:26.458+0000] {dagbag.py:540} INFO - Filling up the DagBag from /home/airflow/.local/lib/python3.12/site-packages/airflow/example_dags/example_latest_only.py
[2024-05-01T09:05:26.463+0000] {processor.py:840} INFO - DAG(s) 'latest_only' retrieved from /home/airflow/.local/lib/python3.12/site-packages/airflow/example_dags/example_latest_only.py
[2024-05-01T09:05:26.484+0000] {logging_mixin.py:188} INFO - [2024-05-01T09:05:26.484+0000] {dag.py:3096} INFO - Sync 1 DAGs
[2024-05-01T09:05:26.512+0000] {logging_mixin.py:188} INFO - [2024-05-01T09:05:26.511+0000] {dag.py:3954} INFO - Setting next_dagrun for latest_only to 2024-05-01 04:00:00+00:00, run_after=2024-05-01 08:00:00+00:00
[2024-05-01T09:05:26.538+0000] {processor.py:183} INFO - Processing /home/airflow/.local/lib/python3.12/site-packages/airflow/example_dags/example_latest_only.py took 0.088 seconds
[2024-05-01T09:05:56.709+0000] {processor.py:161} INFO - Started process (PID=1536) to work on /home/airflow/.local/lib/python3.12/site-packages/airflow/example_dags/example_latest_only.py
[2024-05-01T09:05:56.717+0000] {processor.py:830} INFO - Processing file /home/airflow/.local/lib/python3.12/site-packages/airflow/example_dags/example_latest_only.py for tasks to queue
[2024-05-01T09:05:56.719+0000] {logging_mixin.py:188} INFO - [2024-05-01T09:05:56.718+0000] {dagbag.py:540} INFO - Filling up the DagBag from /home/airflow/.local/lib/python3.12/site-packages/airflow/example_dags/example_latest_only.py
[2024-05-01T09:05:56.723+0000] {processor.py:840} INFO - DAG(s) 'latest_only' retrieved from /home/airflow/.local/lib/python3.12/site-packages/airflow/example_dags/example_latest_only.py
[2024-05-01T09:05:56.746+0000] {logging_mixin.py:188} INFO - [2024-05-01T09:05:56.746+0000] {dag.py:3096} INFO - Sync 1 DAGs
[2024-05-01T09:05:56.772+0000] {logging_mixin.py:188} INFO - [2024-05-01T09:05:56.772+0000] {dag.py:3954} INFO - Setting next_dagrun for latest_only to 2024-05-01 04:00:00+00:00, run_after=2024-05-01 08:00:00+00:00
[2024-05-01T09:05:56.802+0000] {processor.py:183} INFO - Processing /home/airflow/.local/lib/python3.12/site-packages/airflow/example_dags/example_latest_only.py took 0.099 seconds
