[2024-05-01T09:03:25.239+0000] {processor.py:161} INFO - Started process (PID=252) to work on /home/airflow/.local/lib/python3.12/site-packages/airflow/example_dags/example_params_ui_tutorial.py
[2024-05-01T09:03:25.240+0000] {processor.py:830} INFO - Processing file /home/airflow/.local/lib/python3.12/site-packages/airflow/example_dags/example_params_ui_tutorial.py for tasks to queue
[2024-05-01T09:03:25.242+0000] {logging_mixin.py:188} INFO - [2024-05-01T09:03:25.241+0000] {dagbag.py:540} INFO - Filling up the DagBag from /home/airflow/.local/lib/python3.12/site-packages/airflow/example_dags/example_params_ui_tutorial.py
[2024-05-01T09:03:25.256+0000] {processor.py:840} INFO - DAG(s) 'example_params_ui_tutorial' retrieved from /home/airflow/.local/lib/python3.12/site-packages/airflow/example_dags/example_params_ui_tutorial.py
[2024-05-01T09:03:25.446+0000] {logging_mixin.py:188} INFO - [2024-05-01T09:03:25.446+0000] {dag.py:3096} INFO - Sync 1 DAGs
[2024-05-01T09:03:25.460+0000] {logging_mixin.py:188} INFO - [2024-05-01T09:03:25.460+0000] {dag.py:3954} INFO - Setting next_dagrun for example_params_ui_tutorial to None, run_after=None
[2024-05-01T09:03:25.494+0000] {processor.py:183} INFO - Processing /home/airflow/.local/lib/python3.12/site-packages/airflow/example_dags/example_params_ui_tutorial.py took 0.261 seconds
[2024-05-01T09:03:55.608+0000] {processor.py:161} INFO - Started process (PID=531) to work on /home/airflow/.local/lib/python3.12/site-packages/airflow/example_dags/example_params_ui_tutorial.py
[2024-05-01T09:03:55.608+0000] {processor.py:830} INFO - Processing file /home/airflow/.local/lib/python3.12/site-packages/airflow/example_dags/example_params_ui_tutorial.py for tasks to queue
[2024-05-01T09:03:55.610+0000] {logging_mixin.py:188} INFO - [2024-05-01T09:03:55.610+0000] {dagbag.py:540} INFO - Filling up the DagBag from /home/airflow/.local/lib/python3.12/site-packages/airflow/example_dags/example_params_ui_tutorial.py
[2024-05-01T09:03:55.623+0000] {processor.py:840} INFO - DAG(s) 'example_params_ui_tutorial' retrieved from /home/airflow/.local/lib/python3.12/site-packages/airflow/example_dags/example_params_ui_tutorial.py
[2024-05-01T09:03:55.706+0000] {logging_mixin.py:188} INFO - [2024-05-01T09:03:55.706+0000] {dag.py:3096} INFO - Sync 1 DAGs
[2024-05-01T09:03:55.721+0000] {logging_mixin.py:188} INFO - [2024-05-01T09:03:55.721+0000] {dag.py:3954} INFO - Setting next_dagrun for example_params_ui_tutorial to None, run_after=None
[2024-05-01T09:03:55.743+0000] {processor.py:183} INFO - Processing /home/airflow/.local/lib/python3.12/site-packages/airflow/example_dags/example_params_ui_tutorial.py took 0.141 seconds
[2024-05-01T09:04:27.412+0000] {processor.py:161} INFO - Started process (PID=798) to work on /home/airflow/.local/lib/python3.12/site-packages/airflow/example_dags/example_params_ui_tutorial.py
[2024-05-01T09:04:27.416+0000] {processor.py:830} INFO - Processing file /home/airflow/.local/lib/python3.12/site-packages/airflow/example_dags/example_params_ui_tutorial.py for tasks to queue
[2024-05-01T09:04:27.430+0000] {logging_mixin.py:188} INFO - [2024-05-01T09:04:27.430+0000] {dagbag.py:540} INFO - Filling up the DagBag from /home/airflow/.local/lib/python3.12/site-packages/airflow/example_dags/example_params_ui_tutorial.py
[2024-05-01T09:04:27.474+0000] {processor.py:840} INFO - DAG(s) 'example_params_ui_tutorial' retrieved from /home/airflow/.local/lib/python3.12/site-packages/airflow/example_dags/example_params_ui_tutorial.py
[2024-05-01T09:04:27.602+0000] {logging_mixin.py:188} INFO - [2024-05-01T09:04:27.601+0000] {dag.py:3096} INFO - Sync 1 DAGs
[2024-05-01T09:04:27.636+0000] {logging_mixin.py:188} INFO - [2024-05-01T09:04:27.636+0000] {dag.py:3954} INFO - Setting next_dagrun for example_params_ui_tutorial to None, run_after=None
[2024-05-01T09:04:27.718+0000] {processor.py:183} INFO - Processing /home/airflow/.local/lib/python3.12/site-packages/airflow/example_dags/example_params_ui_tutorial.py took 0.326 seconds
[2024-05-01T09:04:58.181+0000] {processor.py:161} INFO - Started process (PID=1071) to work on /home/airflow/.local/lib/python3.12/site-packages/airflow/example_dags/example_params_ui_tutorial.py
[2024-05-01T09:04:58.182+0000] {processor.py:830} INFO - Processing file /home/airflow/.local/lib/python3.12/site-packages/airflow/example_dags/example_params_ui_tutorial.py for tasks to queue
[2024-05-01T09:04:58.184+0000] {logging_mixin.py:188} INFO - [2024-05-01T09:04:58.183+0000] {dagbag.py:540} INFO - Filling up the DagBag from /home/airflow/.local/lib/python3.12/site-packages/airflow/example_dags/example_params_ui_tutorial.py
[2024-05-01T09:04:58.196+0000] {processor.py:840} INFO - DAG(s) 'example_params_ui_tutorial' retrieved from /home/airflow/.local/lib/python3.12/site-packages/airflow/example_dags/example_params_ui_tutorial.py
[2024-05-01T09:04:58.274+0000] {logging_mixin.py:188} INFO - [2024-05-01T09:04:58.273+0000] {dag.py:3096} INFO - Sync 1 DAGs
[2024-05-01T09:04:58.289+0000] {logging_mixin.py:188} INFO - [2024-05-01T09:04:58.288+0000] {dag.py:3954} INFO - Setting next_dagrun for example_params_ui_tutorial to None, run_after=None
[2024-05-01T09:04:58.316+0000] {processor.py:183} INFO - Processing /home/airflow/.local/lib/python3.12/site-packages/airflow/example_dags/example_params_ui_tutorial.py took 0.141 seconds
[2024-05-01T09:05:28.516+0000] {processor.py:161} INFO - Started process (PID=1341) to work on /home/airflow/.local/lib/python3.12/site-packages/airflow/example_dags/example_params_ui_tutorial.py
[2024-05-01T09:05:28.517+0000] {processor.py:830} INFO - Processing file /home/airflow/.local/lib/python3.12/site-packages/airflow/example_dags/example_params_ui_tutorial.py for tasks to queue
[2024-05-01T09:05:28.519+0000] {logging_mixin.py:188} INFO - [2024-05-01T09:05:28.518+0000] {dagbag.py:540} INFO - Filling up the DagBag from /home/airflow/.local/lib/python3.12/site-packages/airflow/example_dags/example_params_ui_tutorial.py
[2024-05-01T09:05:28.531+0000] {processor.py:840} INFO - DAG(s) 'example_params_ui_tutorial' retrieved from /home/airflow/.local/lib/python3.12/site-packages/airflow/example_dags/example_params_ui_tutorial.py
[2024-05-01T09:05:28.598+0000] {logging_mixin.py:188} INFO - [2024-05-01T09:05:28.598+0000] {dag.py:3096} INFO - Sync 1 DAGs
[2024-05-01T09:05:28.613+0000] {logging_mixin.py:188} INFO - [2024-05-01T09:05:28.613+0000] {dag.py:3954} INFO - Setting next_dagrun for example_params_ui_tutorial to None, run_after=None
[2024-05-01T09:05:28.646+0000] {processor.py:183} INFO - Processing /home/airflow/.local/lib/python3.12/site-packages/airflow/example_dags/example_params_ui_tutorial.py took 0.136 seconds
[2024-05-01T09:05:58.809+0000] {processor.py:161} INFO - Started process (PID=1614) to work on /home/airflow/.local/lib/python3.12/site-packages/airflow/example_dags/example_params_ui_tutorial.py
[2024-05-01T09:05:58.810+0000] {processor.py:830} INFO - Processing file /home/airflow/.local/lib/python3.12/site-packages/airflow/example_dags/example_params_ui_tutorial.py for tasks to queue
[2024-05-01T09:05:58.812+0000] {logging_mixin.py:188} INFO - [2024-05-01T09:05:58.811+0000] {dagbag.py:540} INFO - Filling up the DagBag from /home/airflow/.local/lib/python3.12/site-packages/airflow/example_dags/example_params_ui_tutorial.py
[2024-05-01T09:05:58.825+0000] {processor.py:840} INFO - DAG(s) 'example_params_ui_tutorial' retrieved from /home/airflow/.local/lib/python3.12/site-packages/airflow/example_dags/example_params_ui_tutorial.py
[2024-05-01T09:05:58.892+0000] {logging_mixin.py:188} INFO - [2024-05-01T09:05:58.892+0000] {dag.py:3096} INFO - Sync 1 DAGs
[2024-05-01T09:05:58.909+0000] {logging_mixin.py:188} INFO - [2024-05-01T09:05:58.909+0000] {dag.py:3954} INFO - Setting next_dagrun for example_params_ui_tutorial to None, run_after=None
[2024-05-01T09:05:58.941+0000] {processor.py:183} INFO - Processing /home/airflow/.local/lib/python3.12/site-packages/airflow/example_dags/example_params_ui_tutorial.py took 0.139 seconds
