[0m09:43:39.563142 [debug] [MainThread]: Sending event: {'category': 'dbt', 'action': 'invocation', 'label': 'start', 'context': [<snowplow_tracker.self_describing_json.SelfDescribingJson object at 0x7fb19a89d390>, <snowplow_tracker.self_describing_json.SelfDescribingJson object at 0x7fb19b04afb0>, <snowplow_tracker.self_describing_json.SelfDescribingJson object at 0x7fb19b04af50>]}


============================== 09:43:39.572100 | fc2fddaf-a22e-443d-9321-d981080c4861 ==============================
[0m09:43:39.572100 [info ] [MainThread]: Running with dbt=1.7.13
[0m09:43:39.573172 [debug] [MainThread]: running dbt with arguments {'printer_width': '80', 'indirect_selection': 'eager', 'log_cache_events': 'False', 'write_json': 'True', 'partial_parse': 'True', 'cache_selected_only': 'False', 'profiles_dir': '/home/codespace/.dbt', 'debug': 'False', 'warn_error': 'None', 'log_path': 'logs', 'version_check': 'True', 'fail_fast': 'False', 'use_colors': 'True', 'use_experimental_parser': 'False', 'no_print': 'None', 'quiet': 'False', 'warn_error_options': 'WarnErrorOptions(include=[], exclude=[])', 'static_parser': 'True', 'log_format': 'default', 'invocation_command': 'dbt init', 'target_path': 'None', 'introspect': 'True', 'send_anonymous_usage_stats': 'True'}
[0m09:43:39.574138 [warn ] [MainThread]: [ConfigFolderDirectory]: Unable to parse dict {'dir': PosixPath('/home/codespace/.dbt')}
[0m09:43:39.574967 [info ] [MainThread]: Creating dbt configuration folder at 
[0m09:43:45.603288 [debug] [MainThread]: Starter project path: /workspaces/dw-and-bi/06-analytics-engineering/ENV/lib/python3.10/site-packages/dbt/include/starter_project
[0m09:43:45.614194 [info ] [MainThread]: 
Your new dbt project "ds525" was created!

For more information on how to configure the profiles.yml file,
please consult the dbt documentation here:

  https://docs.getdbt.com/docs/configure-your-profile

One more thing:

Need help? Don't hesitate to reach out to us via GitHub issues or on Slack:

  https://community.getdbt.com/

Happy modeling!

[0m09:43:45.615112 [info ] [MainThread]: Setting up your profile.
[0m09:59:56.016412 [info ] [MainThread]: Profile ds525 written to /home/codespace/.dbt/profiles.yml using target's profile_template.yml and your supplied values. Run 'dbt debug' to validate the connection.
[0m09:59:56.026450 [debug] [MainThread]: Resource report: {"command_name": "init", "command_success": true, "command_wall_clock_time": 976.46814, "process_user_time": 2.400514, "process_kernel_time": 0.107327, "process_mem_max_rss": "92380", "process_in_blocks": "3200", "process_out_blocks": "80"}
[0m09:59:56.027668 [debug] [MainThread]: Command `dbt init` succeeded at 09:59:56.027364 after 976.47 seconds
[0m09:59:56.028462 [debug] [MainThread]: Sending event: {'category': 'dbt', 'action': 'invocation', 'label': 'end', 'context': [<snowplow_tracker.self_describing_json.SelfDescribingJson object at 0x7fb19a89d390>, <snowplow_tracker.self_describing_json.SelfDescribingJson object at 0x7fb19cb590c0>, <snowplow_tracker.self_describing_json.SelfDescribingJson object at 0x7fb19b04b310>]}
[0m09:59:56.029285 [debug] [MainThread]: Flushing usage events
