[2024-04-12T07:19:53.493+0000] {local_task_job_runner.py:120} INFO - ::group::Pre task execution logs
[2024-04-12T07:19:53.648+0000] {taskinstance.py:2073} INFO - Dependencies all met for dep_context=non-requeueable deps ti=<TaskInstance: example_complex.search_catalog manual__2024-04-12T07:19:14.791350+00:00 [queued]>
[2024-04-12T07:19:53.719+0000] {taskinstance.py:2073} INFO - Dependencies all met for dep_context=requeueable deps ti=<TaskInstance: example_complex.search_catalog manual__2024-04-12T07:19:14.791350+00:00 [queued]>
[2024-04-12T07:19:53.720+0000] {taskinstance.py:2303} INFO - Starting attempt 1 of 1
[2024-04-12T07:19:53.844+0000] {taskinstance.py:2327} INFO - Executing <Task(BashOperator): search_catalog> on 2024-04-12 07:19:14.791350+00:00
[2024-04-12T07:19:53.984+0000] {standard_task_runner.py:90} INFO - Running: ['***', 'tasks', 'run', 'example_complex', 'search_catalog', 'manual__2024-04-12T07:19:14.791350+00:00', '--job-id', '31', '--raw', '--subdir', '/home/***/.local/lib/python3.12/site-packages/***/example_dags/example_complex.py', '--cfg-path', '/tmp/tmprq36_er8']
[2024-04-12T07:19:54.026+0000] {standard_task_runner.py:91} INFO - Job 31: Subtask search_catalog
[2024-04-12T07:19:54.016+0000] {logging_mixin.py:188} WARNING - /home/***/.local/lib/python3.12/site-packages/***/task/task_runner/standard_task_runner.py:61 DeprecationWarning: This process (pid=4190) is multi-threaded, use of fork() may lead to deadlocks in the child.
[2024-04-12T07:19:54.031+0000] {standard_task_runner.py:63} INFO - Started process 4211 to run task
[2024-04-12T07:19:54.198+0000] {task_command.py:426} INFO - Running <TaskInstance: example_complex.search_catalog manual__2024-04-12T07:19:14.791350+00:00 [running]> on host 48c2eff06d44
[2024-04-12T07:19:54.454+0000] {taskinstance.py:2644} INFO - Exporting env vars: AIRFLOW_CTX_DAG_OWNER='***' AIRFLOW_CTX_DAG_ID='example_complex' AIRFLOW_CTX_TASK_ID='search_catalog' AIRFLOW_CTX_EXECUTION_DATE='2024-04-12T07:19:14.791350+00:00' AIRFLOW_CTX_TRY_NUMBER='1' AIRFLOW_CTX_DAG_RUN_ID='manual__2024-04-12T07:19:14.791350+00:00'
[2024-04-12T07:19:54.465+0000] {taskinstance.py:430} INFO - ::endgroup::
[2024-04-12T07:19:54.466+0000] {subprocess.py:63} INFO - Tmp dir root location: /tmp
[2024-04-12T07:19:54.467+0000] {subprocess.py:75} INFO - Running command: ['/usr/bin/bash', '-c', 'echo search_catalog']
[2024-04-12T07:19:54.586+0000] {subprocess.py:86} INFO - Output:
[2024-04-12T07:19:54.593+0000] {subprocess.py:93} INFO - search_catalog
[2024-04-12T07:19:54.608+0000] {subprocess.py:97} INFO - Command exited with return code 0
[2024-04-12T07:19:54.609+0000] {taskinstance.py:441} INFO - ::group::Post task execution logs
[2024-04-12T07:19:54.657+0000] {taskinstance.py:1205} INFO - Marking task as SUCCESS. dag_id=example_complex, task_id=search_catalog, execution_date=20240412T071914, start_date=20240412T071953, end_date=20240412T071954
[2024-04-12T07:19:54.749+0000] {local_task_job_runner.py:240} INFO - Task exited with return code 0
[2024-04-12T07:19:54.843+0000] {taskinstance.py:3482} INFO - 1 downstream tasks scheduled from follow-on schedule check
[2024-04-12T07:19:54.852+0000] {local_task_job_runner.py:222} INFO - ::endgroup::
