[2024-04-12T07:19:38.903+0000] {local_task_job_runner.py:120} INFO - ::group::Pre task execution logs
[2024-04-12T07:19:39.074+0000] {taskinstance.py:2073} INFO - Dependencies all met for dep_context=non-requeueable deps ti=<TaskInstance: example_complex.create_tag_template_field manual__2024-04-12T07:19:14.791350+00:00 [queued]>
[2024-04-12T07:19:39.144+0000] {taskinstance.py:2073} INFO - Dependencies all met for dep_context=requeueable deps ti=<TaskInstance: example_complex.create_tag_template_field manual__2024-04-12T07:19:14.791350+00:00 [queued]>
[2024-04-12T07:19:39.149+0000] {taskinstance.py:2303} INFO - Starting attempt 1 of 1
[2024-04-12T07:19:39.219+0000] {taskinstance.py:2327} INFO - Executing <Task(BashOperator): create_tag_template_field> on 2024-04-12 07:19:14.791350+00:00
[2024-04-12T07:19:39.289+0000] {standard_task_runner.py:90} INFO - Running: ['***', 'tasks', 'run', 'example_complex', 'create_tag_template_field', 'manual__2024-04-12T07:19:14.791350+00:00', '--job-id', '15', '--raw', '--subdir', '/home/***/.local/lib/python3.12/site-packages/***/example_dags/example_complex.py', '--cfg-path', '/tmp/tmp2m3_m5gy']
[2024-04-12T07:19:39.306+0000] {standard_task_runner.py:91} INFO - Job 15: Subtask create_tag_template_field
[2024-04-12T07:19:39.304+0000] {logging_mixin.py:188} WARNING - /home/***/.local/lib/python3.12/site-packages/***/task/task_runner/standard_task_runner.py:61 DeprecationWarning: This process (pid=4004) is multi-threaded, use of fork() may lead to deadlocks in the child.
[2024-04-12T07:19:39.315+0000] {standard_task_runner.py:63} INFO - Started process 4111 to run task
[2024-04-12T07:19:39.494+0000] {task_command.py:426} INFO - Running <TaskInstance: example_complex.create_tag_template_field manual__2024-04-12T07:19:14.791350+00:00 [running]> on host 48c2eff06d44
[2024-04-12T07:19:40.083+0000] {taskinstance.py:2644} INFO - Exporting env vars: AIRFLOW_CTX_DAG_OWNER='***' AIRFLOW_CTX_DAG_ID='example_complex' AIRFLOW_CTX_TASK_ID='create_tag_template_field' AIRFLOW_CTX_EXECUTION_DATE='2024-04-12T07:19:14.791350+00:00' AIRFLOW_CTX_TRY_NUMBER='1' AIRFLOW_CTX_DAG_RUN_ID='manual__2024-04-12T07:19:14.791350+00:00'
[2024-04-12T07:19:40.085+0000] {taskinstance.py:430} INFO - ::endgroup::
[2024-04-12T07:19:40.086+0000] {subprocess.py:63} INFO - Tmp dir root location: /tmp
[2024-04-12T07:19:40.089+0000] {subprocess.py:75} INFO - Running command: ['/usr/bin/bash', '-c', 'echo create_tag_template_field']
[2024-04-12T07:19:40.271+0000] {subprocess.py:86} INFO - Output:
[2024-04-12T07:19:40.358+0000] {subprocess.py:93} INFO - create_tag_template_field
[2024-04-12T07:19:40.360+0000] {subprocess.py:97} INFO - Command exited with return code 0
[2024-04-12T07:19:40.361+0000] {taskinstance.py:441} INFO - ::group::Post task execution logs
[2024-04-12T07:19:40.452+0000] {taskinstance.py:1205} INFO - Marking task as SUCCESS. dag_id=example_complex, task_id=create_tag_template_field, execution_date=20240412T071914, start_date=20240412T071939, end_date=20240412T071940
[2024-04-12T07:19:40.635+0000] {local_task_job_runner.py:240} INFO - Task exited with return code 0
[2024-04-12T07:19:40.793+0000] {taskinstance.py:3482} INFO - 4 downstream tasks scheduled from follow-on schedule check
[2024-04-12T07:19:40.801+0000] {local_task_job_runner.py:222} INFO - ::endgroup::
