[2024-05-01T09:03:23.640+0000] {processor.py:161} INFO - Started process (PID=159) to work on /opt/airflow/dags/hello.py
[2024-05-01T09:03:23.641+0000] {processor.py:830} INFO - Processing file /opt/airflow/dags/hello.py for tasks to queue
[2024-05-01T09:03:23.643+0000] {logging_mixin.py:188} INFO - [2024-05-01T09:03:23.643+0000] {dagbag.py:540} INFO - Filling up the DagBag from /opt/airflow/dags/hello.py
[2024-05-01T09:03:23.666+0000] {processor.py:840} INFO - DAG(s) 'hello' retrieved from /opt/airflow/dags/hello.py
[2024-05-01T09:03:23.739+0000] {logging_mixin.py:188} INFO - [2024-05-01T09:03:23.738+0000] {dag.py:3096} INFO - Sync 1 DAGs
[2024-05-01T09:03:23.756+0000] {logging_mixin.py:188} INFO - [2024-05-01T09:03:23.756+0000] {dag.py:3954} INFO - Setting next_dagrun for hello to None, run_after=None
[2024-05-01T09:03:23.788+0000] {processor.py:183} INFO - Processing /opt/airflow/dags/hello.py took 0.154 seconds
[2024-05-01T09:03:53.970+0000] {processor.py:161} INFO - Started process (PID=431) to work on /opt/airflow/dags/hello.py
[2024-05-01T09:03:53.980+0000] {processor.py:830} INFO - Processing file /opt/airflow/dags/hello.py for tasks to queue
[2024-05-01T09:03:53.981+0000] {logging_mixin.py:188} INFO - [2024-05-01T09:03:53.981+0000] {dagbag.py:540} INFO - Filling up the DagBag from /opt/airflow/dags/hello.py
[2024-05-01T09:03:54.001+0000] {processor.py:840} INFO - DAG(s) 'hello' retrieved from /opt/airflow/dags/hello.py
[2024-05-01T09:03:54.024+0000] {logging_mixin.py:188} INFO - [2024-05-01T09:03:54.023+0000] {dag.py:3096} INFO - Sync 1 DAGs
[2024-05-01T09:03:54.039+0000] {logging_mixin.py:188} INFO - [2024-05-01T09:03:54.038+0000] {dag.py:3954} INFO - Setting next_dagrun for hello to None, run_after=None
[2024-05-01T09:03:54.088+0000] {processor.py:183} INFO - Processing /opt/airflow/dags/hello.py took 0.124 seconds
[2024-05-01T09:04:24.419+0000] {processor.py:161} INFO - Started process (PID=704) to work on /opt/airflow/dags/hello.py
[2024-05-01T09:04:24.426+0000] {processor.py:830} INFO - Processing file /opt/airflow/dags/hello.py for tasks to queue
[2024-05-01T09:04:24.429+0000] {logging_mixin.py:188} INFO - [2024-05-01T09:04:24.428+0000] {dagbag.py:540} INFO - Filling up the DagBag from /opt/airflow/dags/hello.py
[2024-05-01T09:04:24.451+0000] {processor.py:840} INFO - DAG(s) 'hello' retrieved from /opt/airflow/dags/hello.py
[2024-05-01T09:04:24.503+0000] {logging_mixin.py:188} INFO - [2024-05-01T09:04:24.502+0000] {dag.py:3096} INFO - Sync 1 DAGs
[2024-05-01T09:04:24.532+0000] {logging_mixin.py:188} INFO - [2024-05-01T09:04:24.532+0000] {dag.py:3954} INFO - Setting next_dagrun for hello to None, run_after=None
[2024-05-01T09:04:24.631+0000] {processor.py:183} INFO - Processing /opt/airflow/dags/hello.py took 0.223 seconds
[2024-05-01T09:04:54.916+0000] {processor.py:161} INFO - Started process (PID=976) to work on /opt/airflow/dags/hello.py
[2024-05-01T09:04:54.917+0000] {processor.py:830} INFO - Processing file /opt/airflow/dags/hello.py for tasks to queue
[2024-05-01T09:04:54.920+0000] {logging_mixin.py:188} INFO - [2024-05-01T09:04:54.919+0000] {dagbag.py:540} INFO - Filling up the DagBag from /opt/airflow/dags/hello.py
[2024-05-01T09:04:54.949+0000] {processor.py:840} INFO - DAG(s) 'hello' retrieved from /opt/airflow/dags/hello.py
[2024-05-01T09:04:54.984+0000] {logging_mixin.py:188} INFO - [2024-05-01T09:04:54.984+0000] {dag.py:3096} INFO - Sync 1 DAGs
[2024-05-01T09:04:55.029+0000] {logging_mixin.py:188} INFO - [2024-05-01T09:04:55.025+0000] {dag.py:3954} INFO - Setting next_dagrun for hello to None, run_after=None
[2024-05-01T09:04:55.121+0000] {processor.py:183} INFO - Processing /opt/airflow/dags/hello.py took 0.214 seconds
[2024-05-01T09:05:25.327+0000] {processor.py:161} INFO - Started process (PID=1248) to work on /opt/airflow/dags/hello.py
[2024-05-01T09:05:25.328+0000] {processor.py:830} INFO - Processing file /opt/airflow/dags/hello.py for tasks to queue
[2024-05-01T09:05:25.330+0000] {logging_mixin.py:188} INFO - [2024-05-01T09:05:25.330+0000] {dagbag.py:540} INFO - Filling up the DagBag from /opt/airflow/dags/hello.py
[2024-05-01T09:05:25.336+0000] {processor.py:840} INFO - DAG(s) 'hello' retrieved from /opt/airflow/dags/hello.py
[2024-05-01T09:05:25.363+0000] {logging_mixin.py:188} INFO - [2024-05-01T09:05:25.363+0000] {dag.py:3096} INFO - Sync 1 DAGs
[2024-05-01T09:05:25.379+0000] {logging_mixin.py:188} INFO - [2024-05-01T09:05:25.378+0000] {dag.py:3954} INFO - Setting next_dagrun for hello to None, run_after=None
[2024-05-01T09:05:25.403+0000] {processor.py:183} INFO - Processing /opt/airflow/dags/hello.py took 0.083 seconds
[2024-05-01T09:05:55.486+0000] {processor.py:161} INFO - Started process (PID=1521) to work on /opt/airflow/dags/hello.py
[2024-05-01T09:05:55.486+0000] {processor.py:830} INFO - Processing file /opt/airflow/dags/hello.py for tasks to queue
[2024-05-01T09:05:55.489+0000] {logging_mixin.py:188} INFO - [2024-05-01T09:05:55.488+0000] {dagbag.py:540} INFO - Filling up the DagBag from /opt/airflow/dags/hello.py
[2024-05-01T09:05:55.504+0000] {processor.py:840} INFO - DAG(s) 'hello' retrieved from /opt/airflow/dags/hello.py
[2024-05-01T09:05:55.535+0000] {logging_mixin.py:188} INFO - [2024-05-01T09:05:55.535+0000] {dag.py:3096} INFO - Sync 1 DAGs
[2024-05-01T09:05:55.551+0000] {logging_mixin.py:188} INFO - [2024-05-01T09:05:55.551+0000] {dag.py:3954} INFO - Setting next_dagrun for hello to None, run_after=None
[2024-05-01T09:05:55.577+0000] {processor.py:183} INFO - Processing /opt/airflow/dags/hello.py took 0.100 seconds
