[2024-04-12T07:19:21.104+0000] {local_task_job_runner.py:120} INFO - ::group::Pre task execution logs
[2024-04-12T07:19:21.205+0000] {taskinstance.py:2073} INFO - Dependencies all met for dep_context=non-requeueable deps ti=<TaskInstance: example_complex.create_entry_gcs manual__2024-04-12T07:19:14.791350+00:00 [queued]>
[2024-04-12T07:19:21.243+0000] {taskinstance.py:2073} INFO - Dependencies all met for dep_context=requeueable deps ti=<TaskInstance: example_complex.create_entry_gcs manual__2024-04-12T07:19:14.791350+00:00 [queued]>
[2024-04-12T07:19:21.244+0000] {taskinstance.py:2303} INFO - Starting attempt 1 of 1
[2024-04-12T07:19:21.277+0000] {taskinstance.py:2327} INFO - Executing <Task(BashOperator): create_entry_gcs> on 2024-04-12 07:19:14.791350+00:00
[2024-04-12T07:19:21.302+0000] {logging_mixin.py:188} WARNING - /home/***/.local/lib/python3.12/site-packages/***/task/task_runner/standard_task_runner.py:61 DeprecationWarning: This process (pid=3838) is multi-threaded, use of fork() may lead to deadlocks in the child.
[2024-04-12T07:19:21.306+0000] {standard_task_runner.py:63} INFO - Started process 3845 to run task
[2024-04-12T07:19:21.307+0000] {standard_task_runner.py:90} INFO - Running: ['***', 'tasks', 'run', 'example_complex', 'create_entry_gcs', 'manual__2024-04-12T07:19:14.791350+00:00', '--job-id', '6', '--raw', '--subdir', '/home/***/.local/lib/python3.12/site-packages/***/example_dags/example_complex.py', '--cfg-path', '/tmp/tmpzuehrz_v']
[2024-04-12T07:19:21.311+0000] {standard_task_runner.py:91} INFO - Job 6: Subtask create_entry_gcs
[2024-04-12T07:19:21.389+0000] {task_command.py:426} INFO - Running <TaskInstance: example_complex.create_entry_gcs manual__2024-04-12T07:19:14.791350+00:00 [running]> on host 48c2eff06d44
[2024-04-12T07:19:21.556+0000] {taskinstance.py:2644} INFO - Exporting env vars: AIRFLOW_CTX_DAG_OWNER='***' AIRFLOW_CTX_DAG_ID='example_complex' AIRFLOW_CTX_TASK_ID='create_entry_gcs' AIRFLOW_CTX_EXECUTION_DATE='2024-04-12T07:19:14.791350+00:00' AIRFLOW_CTX_TRY_NUMBER='1' AIRFLOW_CTX_DAG_RUN_ID='manual__2024-04-12T07:19:14.791350+00:00'
[2024-04-12T07:19:21.563+0000] {taskinstance.py:430} INFO - ::endgroup::
[2024-04-12T07:19:21.564+0000] {subprocess.py:63} INFO - Tmp dir root location: /tmp
[2024-04-12T07:19:21.564+0000] {subprocess.py:75} INFO - Running command: ['/usr/bin/bash', '-c', 'echo create_entry_gcs']
[2024-04-12T07:19:21.638+0000] {subprocess.py:86} INFO - Output:
[2024-04-12T07:19:21.642+0000] {subprocess.py:93} INFO - create_entry_gcs
[2024-04-12T07:19:21.644+0000] {subprocess.py:97} INFO - Command exited with return code 0
[2024-04-12T07:19:21.650+0000] {taskinstance.py:441} INFO - ::group::Post task execution logs
[2024-04-12T07:19:21.729+0000] {taskinstance.py:1205} INFO - Marking task as SUCCESS. dag_id=example_complex, task_id=create_entry_gcs, execution_date=20240412T071914, start_date=20240412T071921, end_date=20240412T071921
[2024-04-12T07:19:21.812+0000] {local_task_job_runner.py:240} INFO - Task exited with return code 0
[2024-04-12T07:19:21.901+0000] {taskinstance.py:3482} INFO - 6 downstream tasks scheduled from follow-on schedule check
[2024-04-12T07:19:21.913+0000] {local_task_job_runner.py:222} INFO - ::endgroup::
